
/home/travis/build/hackndev/zinc/build/app_systick.elf:     file format elf32-littlearm


Disassembly of section .data:

10000000 <_data>:
	...

Disassembly of section .text:

00000000 <ISRVectors>:
   0:	10002000 	andne	r2, r0, r0
   4:	000000cd 	andeq	r0, r0, sp, asr #1
   8:	00000345 	andeq	r0, r0, r5, asr #6
   c:	00000345 	andeq	r0, r0, r5, asr #6
  10:	00000345 	andeq	r0, r0, r5, asr #6
  14:	00000345 	andeq	r0, r0, r5, asr #6
  18:	00000345 	andeq	r0, r0, r5, asr #6
  1c:	efffd8a9 	svc	0x00ffd8a9
	...
  2c:	000003b1 			; <UNDEFINED> instruction: 0x000003b1
	...
  38:	00000389 	andeq	r0, r0, r9, lsl #7
  3c:	00000361 	andeq	r0, r0, r1, ror #6

00000040 <NVICVectors>:
  40:	00000345 	andeq	r0, r0, r5, asr #6
  44:	00000345 	andeq	r0, r0, r5, asr #6
  48:	00000345 	andeq	r0, r0, r5, asr #6
  4c:	00000345 	andeq	r0, r0, r5, asr #6
  50:	00000345 	andeq	r0, r0, r5, asr #6
  54:	00000345 	andeq	r0, r0, r5, asr #6
  58:	00000345 	andeq	r0, r0, r5, asr #6
  5c:	00000345 	andeq	r0, r0, r5, asr #6
  60:	00000345 	andeq	r0, r0, r5, asr #6
  64:	00000345 	andeq	r0, r0, r5, asr #6
  68:	00000345 	andeq	r0, r0, r5, asr #6
  6c:	00000345 	andeq	r0, r0, r5, asr #6
  70:	00000345 	andeq	r0, r0, r5, asr #6
  74:	00000345 	andeq	r0, r0, r5, asr #6
  78:	00000345 	andeq	r0, r0, r5, asr #6
  7c:	00000345 	andeq	r0, r0, r5, asr #6
  80:	00000345 	andeq	r0, r0, r5, asr #6
  84:	00000345 	andeq	r0, r0, r5, asr #6
  88:	00000345 	andeq	r0, r0, r5, asr #6
  8c:	00000345 	andeq	r0, r0, r5, asr #6
  90:	00000345 	andeq	r0, r0, r5, asr #6
  94:	00000345 	andeq	r0, r0, r5, asr #6
  98:	00000345 	andeq	r0, r0, r5, asr #6
  9c:	00000345 	andeq	r0, r0, r5, asr #6
  a0:	00000345 	andeq	r0, r0, r5, asr #6
  a4:	00000345 	andeq	r0, r0, r5, asr #6
  a8:	00000345 	andeq	r0, r0, r5, asr #6
  ac:	00000345 	andeq	r0, r0, r5, asr #6
  b0:	00000345 	andeq	r0, r0, r5, asr #6
  b4:	00000345 	andeq	r0, r0, r5, asr #6
  b8:	00000345 	andeq	r0, r0, r5, asr #6
  bc:	00000345 	andeq	r0, r0, r5, asr #6
  c0:	00000345 	andeq	r0, r0, r5, asr #6
  c4:	00000345 	andeq	r0, r0, r5, asr #6
  c8:	00000345 	andeq	r0, r0, r5, asr #6

000000cc <main>:
  cc:	b510      	push	{r4, lr}
  ce:	f240 003c 	movw	r0, #60	; 0x3c
  d2:	f240 0140 	movw	r1, #64	; 0x40
  d6:	f2c1 0000 	movt	r0, #4096	; 0x1000
  da:	f2c1 0100 	movt	r1, #4096	; 0x1000
  de:	6001      	str	r1, [r0, #0]
  e0:	f240 0000 	movw	r0, #0
  e4:	f240 0134 	movw	r1, #52	; 0x34
  e8:	f2c1 0000 	movt	r0, #4096	; 0x1000
  ec:	f2c1 0100 	movt	r1, #4096	; 0x1000
  f0:	4288      	cmp	r0, r1
  f2:	d209      	bcs.n	108 <main+0x3c>
  f4:	f240 32c4 	movw	r2, #964	; 0x3c4
  f8:	f2c0 0200 	movt	r2, #0
  fc:	f852 3b04 	ldr.w	r3, [r2], #4
 100:	f840 3b04 	str.w	r3, [r0], #4
 104:	4288      	cmp	r0, r1
 106:	d3f9      	bcc.n	fc <main+0x30>
 108:	f240 0034 	movw	r0, #52	; 0x34
 10c:	f240 0138 	movw	r1, #56	; 0x38
 110:	f2c1 0000 	movt	r0, #4096	; 0x1000
 114:	f2c1 0100 	movt	r1, #4096	; 0x1000
 118:	4288      	cmp	r0, r1
 11a:	d204      	bcs.n	126 <main+0x5a>
 11c:	2200      	movs	r2, #0
 11e:	f840 2b04 	str.w	r2, [r0], #4
 122:	4288      	cmp	r0, r1
 124:	d3fb      	bcc.n	11e <main+0x52>
 126:	f24c 10a0 	movw	r0, #49568	; 0xc1a0
 12a:	2120      	movs	r1, #32
 12c:	f2c4 000f 	movt	r0, #16399	; 0x400f
 130:	6001      	str	r1, [r0, #0]
 132:	6801      	ldr	r1, [r0, #0]
 134:	f011 0f40 	tst.w	r1, #64	; 0x40
 138:	d0fb      	beq.n	132 <main+0x66>
 13a:	f24c 0000 	movw	r0, #49152	; 0xc000
 13e:	f44f 4180 	mov.w	r1, #16384	; 0x4000
 142:	2231      	movs	r2, #49	; 0x31
 144:	f24c 0c80 	movw	ip, #49280	; 0xc080
 148:	23aa      	movs	r3, #170	; 0xaa
 14a:	f2c4 000f 	movt	r0, #16399	; 0x400f
 14e:	f2c0 0202 	movt	r2, #2
 152:	f2c4 0c0f 	movt	ip, #16399	; 0x400f
 156:	6001      	str	r1, [r0, #0]
 158:	f24c 100c 	movw	r0, #49420	; 0xc10c
 15c:	2101      	movs	r1, #1
 15e:	f2c4 000f 	movt	r0, #16399	; 0x400f
 162:	6001      	str	r1, [r0, #0]
 164:	f24c 0084 	movw	r0, #49284	; 0xc084
 168:	f2c4 000f 	movt	r0, #16399	; 0x400f
 16c:	6002      	str	r2, [r0, #0]
 16e:	f24c 008c 	movw	r0, #49292	; 0xc08c
 172:	2255      	movs	r2, #85	; 0x55
 174:	f2c4 000f 	movt	r0, #16399	; 0x400f
 178:	6003      	str	r3, [r0, #0]
 17a:	6002      	str	r2, [r0, #0]
 17c:	f8cc 1000 	str.w	r1, [ip]
 180:	f24c 0188 	movw	r1, #49288	; 0xc088
 184:	6003      	str	r3, [r0, #0]
 186:	6002      	str	r2, [r0, #0]
 188:	f2c4 010f 	movt	r1, #16399	; 0x400f
 18c:	680a      	ldr	r2, [r1, #0]
 18e:	f012 7f80 	tst.w	r2, #16777216	; 0x1000000
 192:	d0fb      	beq.n	18c <main+0xc0>
 194:	f24c 1204 	movw	r2, #49412	; 0xc104
 198:	2303      	movs	r3, #3
 19a:	f2c4 020f 	movt	r2, #16399	; 0x400f
 19e:	6013      	str	r3, [r2, #0]
 1a0:	680a      	ldr	r2, [r1, #0]
 1a2:	f012 6f80 	tst.w	r2, #67108864	; 0x4000000
 1a6:	d0fb      	beq.n	1a0 <main+0xd4>
 1a8:	2203      	movs	r2, #3
 1aa:	f8cc 2000 	str.w	r2, [ip]
 1ae:	22aa      	movs	r2, #170	; 0xaa
 1b0:	6002      	str	r2, [r0, #0]
 1b2:	2255      	movs	r2, #85	; 0x55
 1b4:	6002      	str	r2, [r0, #0]
 1b6:	6808      	ldr	r0, [r1, #0]
 1b8:	f010 7f00 	tst.w	r0, #33554432	; 0x2000000
 1bc:	d0fb      	beq.n	1b6 <main+0xea>
 1be:	f24e 0010 	movw	r0, #57360	; 0xe010
 1c2:	2104      	movs	r1, #4
 1c4:	f24c 0c20 	movw	ip, #49184	; 0xc020
 1c8:	f44f 2e80 	mov.w	lr, #262144	; 0x40000
 1cc:	f240 0234 	movw	r2, #52	; 0x34
 1d0:	f2ce 0000 	movt	r0, #57344	; 0xe000
 1d4:	f2c2 0c09 	movt	ip, #8201	; 0x2009
 1d8:	f2c1 0200 	movt	r2, #4096	; 0x1000
 1dc:	6001      	str	r1, [r0, #0]
 1de:	68c1      	ldr	r1, [r0, #12]
 1e0:	f021 417f 	bic.w	r1, r1, #4278190080	; 0xff000000
 1e4:	6041      	str	r1, [r0, #4]
 1e6:	2100      	movs	r1, #0
 1e8:	6081      	str	r1, [r0, #8]
 1ea:	2106      	movs	r1, #6
 1ec:	6001      	str	r1, [r0, #0]
 1ee:	f8dc 1000 	ldr.w	r1, [ip]
 1f2:	f441 2180 	orr.w	r1, r1, #262144	; 0x40000
 1f6:	f8cc 1000 	str.w	r1, [ip]
 1fa:	f8cc e018 	str.w	lr, [ip, #24]
 1fe:	6801      	ldr	r1, [r0, #0]
 200:	f041 0101 	orr.w	r1, r1, #1
 204:	6001      	str	r1, [r0, #0]
 206:	2001      	movs	r0, #1
 208:	e002      	b.n	210 <main+0x144>
 20a:	f8cc e01c 	str.w	lr, [ip, #28]
 20e:	4618      	mov	r0, r3
 210:	6811      	ldr	r1, [r2, #0]
 212:	2300      	movs	r3, #0
 214:	b2c4      	uxtb	r4, r0
 216:	2900      	cmp	r1, #0
 218:	bf08      	it	eq
 21a:	2301      	moveq	r3, #1
 21c:	429c      	cmp	r4, r3
 21e:	d0f7      	beq.n	210 <main+0x144>
 220:	2900      	cmp	r1, #0
 222:	d1f2      	bne.n	20a <main+0x13e>
 224:	f8cc e018 	str.w	lr, [ip, #24]
 228:	4618      	mov	r0, r3
 22a:	e7f1      	b.n	210 <main+0x144>

0000022c <__morestack>:
 22c:	4668      	mov	r0, sp
 22e:	f3ef 8109 	mrs	r1, PSP
 232:	4281      	cmp	r1, r0
 234:	bf01      	itttt	eq
 236:	f240 20d9 	movweq	r0, #729	; 0x2d9
 23a:	f2c0 0000 	movteq	r0, #0
 23e:	2100      	moveq	r1, #0
 240:	f000 b8be 	beq.w	3c0 <syscall>
 244:	0000defe 	strdeq	sp, [r0], -lr

00000248 <task_scheduler>:
 248:	e92d 4800 	stmdb	sp!, {fp, lr}
 24c:	b082      	sub	sp, #8
 24e:	f240 0e00 	movw	lr, #0
 252:	f242 0000 	movw	r0, #8192	; 0x2000
 256:	f240 0c3c 	movw	ip, #60	; 0x3c
 25a:	f2c1 0e00 	movt	lr, #4096	; 0x1000
 25e:	f2c1 0000 	movt	r0, #4096	; 0x1000
 262:	f2c1 0c00 	movt	ip, #4096	; 0x1000
 266:	f8de 2000 	ldr.w	r2, [lr]
 26a:	f5a0 7080 	sub.w	r0, r0, #256	; 0x100
 26e:	f8cc 0000 	str.w	r0, [ip]
 272:	2a04      	cmp	r2, #4
 274:	d22a      	bcs.n	2cc <task_scheduler+0x84>
 276:	eb02 0042 	add.w	r0, r2, r2, lsl #1
 27a:	f3ef 8109 	mrs	r1, PSP
 27e:	eb0e 0080 	add.w	r0, lr, r0, lsl #2
 282:	6041      	str	r1, [r0, #4]
 284:	f8de 0000 	ldr.w	r0, [lr]
 288:	eb00 0140 	add.w	r1, r0, r0, lsl #1
 28c:	1c42      	adds	r2, r0, #1
 28e:	eb0e 0181 	add.w	r1, lr, r1, lsl #2
 292:	f101 0318 	add.w	r3, r1, #24
 296:	f8ce 2000 	str.w	r2, [lr]
 29a:	2a04      	cmp	r2, #4
 29c:	d216      	bcs.n	2cc <task_scheduler+0x84>
 29e:	f853 1c04 	ldr.w	r1, [r3, #-4]
 2a2:	f103 000c 	add.w	r0, r3, #12
 2a6:	781b      	ldrb	r3, [r3, #0]
 2a8:	3201      	adds	r2, #1
 2aa:	2b00      	cmp	r3, #0
 2ac:	4603      	mov	r3, r0
 2ae:	d1f2      	bne.n	296 <task_scheduler+0x4e>
 2b0:	4603      	mov	r3, r0
 2b2:	2900      	cmp	r1, #0
 2b4:	d0ef      	beq.n	296 <task_scheduler+0x4e>
 2b6:	f850 1c14 	ldr.w	r1, [r0, #-20]
 2ba:	f850 0c10 	ldr.w	r0, [r0, #-16]
 2be:	f381 8809 	msr	PSP, r1
 2c2:	f8cc 0000 	str.w	r0, [ip]
 2c6:	b002      	add	sp, #8
 2c8:	e8bd 8800 	ldmia.w	sp!, {fp, pc}
 2cc:	4668      	mov	r0, sp
 2ce:	2164      	movs	r1, #100	; 0x64
 2d0:	2304      	movs	r3, #4
 2d2:	f000 f823 	bl	31c <_ZN7failure17fail_bounds_check20h05b5125a3f338af7EXv11v0.11.0.preE>
	...

000002d8 <kill_current_task>:
 2d8:	e92d 4800 	stmdb	sp!, {fp, lr}
 2dc:	b082      	sub	sp, #8
 2de:	f240 0000 	movw	r0, #0
 2e2:	f2c1 0000 	movt	r0, #4096	; 0x1000
 2e6:	6802      	ldr	r2, [r0, #0]
 2e8:	2a04      	cmp	r2, #4
 2ea:	bf3f      	itttt	cc
 2ec:	eb02 0142 	addcc.w	r1, r2, r2, lsl #1
 2f0:	eb00 0081 	addcc.w	r0, r0, r1, lsl #2
 2f4:	2100      	movcc	r1, #0
 2f6:	6081      	strcc	r1, [r0, #8]
 2f8:	bf3f      	itttt	cc
 2fa:	f64e 5000 	movwcc	r0, #60672	; 0xed00
 2fe:	f2ce 0000 	movtcc	r0, #57344	; 0xe000
 302:	f04f 5180 	movcc.w	r1, #268435456	; 0x10000000
 306:	6041      	strcc	r1, [r0, #4]
 308:	bf3c      	itt	cc
 30a:	b002      	addcc	sp, #8
 30c:	e8bd 8800 	ldmiacc.w	sp!, {fp, pc}
 310:	4668      	mov	r0, sp
 312:	2164      	movs	r1, #100	; 0x64
 314:	2304      	movs	r3, #4
 316:	f000 f801 	bl	31c <_ZN7failure17fail_bounds_check20h05b5125a3f338af7EXv11v0.11.0.preE>
	...

0000031c <_ZN7failure17fail_bounds_check20h05b5125a3f338af7EXv11v0.11.0.preE>:
 31c:	b430      	push	{r4, r5}
 31e:	ee1d 4f70 	mrc	15, 0, r4, cr13, cr0, {3}
 322:	466d      	mov	r5, sp
 324:	e594      	b.n	fffffe50 <_boot_checksum+0x100025a7>
 326:	4004      	ands	r4, r0
 328:	42ac      	cmp	r4, r5
 32a:	d308      	bcc.n	33e <_ZN7failure17fail_bounds_check20h05b5125a3f338af7EXv11v0.11.0.preE+0x22>
 32c:	2400      	movs	r4, #0
 32e:	2500      	movs	r5, #0
 330:	b500      	push	{lr}
 332:	f7ff ff7b 	bl	22c <__morestack>
 336:	f85d eb04 	ldr.w	lr, [sp], #4
 33a:	bc30      	pop	{r4, r5}
 33c:	4770      	bx	lr
 33e:	bc30      	pop	{r4, r5}
 340:	bf00      	nop
	...

00000344 <isr_adc>:
 344:	f3ef 8009 	mrs	r0, PSP
 348:	f3ef 8108 	mrs	r1, MSP
 34c:	6982      	ldr	r2, [r0, #24]
 34e:	698b      	ldr	r3, [r1, #24]
 350:	be00      	bkpt	0x0000
 352:	4770      	bx	lr

00000354 <abort>:
 354:	be00      	bkpt	0x0000
 356:	e7fe      	b.n	356 <abort+0x2>

00000358 <__aeabi_unwind_cpp_pr0>:
 358:	e92d 4800 	stmdb	sp!, {fp, lr}
 35c:	f7ff fffa 	bl	354 <abort>

00000360 <isr_systick>:
 360:	f3ef 8009 	mrs	r0, PSP
 364:	e920 0ff0 	stmdb	r0!, {r4, r5, r6, r7, r8, r9, sl, fp}
 368:	f380 8809 	msr	PSP, r0
 36c:	f7ff ff6c 	bl	248 <task_scheduler>
 370:	f3ef 8009 	mrs	r0, PSP
 374:	e8b0 0ff0 	ldmia.w	r0!, {r4, r5, r6, r7, r8, r9, sl, fp}
 378:	f380 8809 	msr	PSP, r0
 37c:	f8df e004 	ldr.w	lr, [pc, #4]	; 384 <isr_systick+0x24>
 380:	4770      	bx	lr
 382:	fffd0000 			; <UNDEFINED> instruction: 0xfffd0000
 386:	f3efffff 			; <UNDEFINED> instruction: 0xf3efffff

00000388 <isr_pendsv>:
 388:	f3ef 8009 	mrs	r0, PSP
 38c:	e920 0ff0 	stmdb	r0!, {r4, r5, r6, r7, r8, r9, sl, fp}
 390:	f380 8809 	msr	PSP, r0
 394:	f7ff ff58 	bl	248 <task_scheduler>
 398:	f3ef 8009 	mrs	r0, PSP
 39c:	e8b0 0ff0 	ldmia.w	r0!, {r4, r5, r6, r7, r8, r9, sl, fp}
 3a0:	f380 8809 	msr	PSP, r0
 3a4:	f8df e004 	ldr.w	lr, [pc, #4]	; 3ac <isr_pendsv+0x24>
 3a8:	4770      	bx	lr
 3aa:	fffd0000 			; <UNDEFINED> instruction: 0xfffd0000
 3ae:	f3efffff 			; <UNDEFINED> instruction: 0xf3efffff

000003b0 <isr_svcall>:
 3b0:	f3ef 8209 	mrs	r2, PSP
 3b4:	6811      	ldr	r1, [r2, #0]
 3b6:	6850      	ldr	r0, [r2, #4]
 3b8:	b500      	push	{lr}
 3ba:	4788      	blx	r1
 3bc:	bd00      	pop	{pc}
 3be:	bf00      	nop

000003c0 <syscall>:
 3c0:	df00      	svc	0
 3c2:	4770      	bx	lr

Disassembly of section .bss:

10000034 <_bss>:
10000034:	00000000 	andeq	r0, r0, r0

10000038 <_ebss>:
10000038:	00000000 	andeq	r0, r0, r0

1000003c <__STACK_LIMIT>:
1000003c:	00000000 	andeq	r0, r0, r0

Disassembly of section .ARM.attributes:

00000000 <.ARM.attributes>:
   0:	00002841 	andeq	r2, r0, r1, asr #16
   4:	61656100 	cmnvs	r5, r0, lsl #2
   8:	01006962 	tsteq	r0, r2, ror #18
   c:	0000001e 	andeq	r0, r0, lr, lsl r0
  10:	524f4305 	subpl	r4, pc, #335544320	; 0x14000000
  14:	2d584554 	cfldr64cs	mvdx4, [r8, #-336]	; 0xfffffeb0
  18:	0600334d 	streq	r3, [r0], -sp, asr #6
  1c:	094d070a 	stmdbeq	sp, {r1, r3, r8, r9, sl}^
  20:	15011402 	strne	r1, [r1, #-1026]	; 0x402
  24:	18031701 	stmdane	r3, {r0, r8, r9, sl, ip}
  28:	Address 0x0000000000000028 is out of bounds.

