
/home/travis/build/hackndev/zinc/build/app_dht22.elf:     file format elf32-littlearm


Disassembly of section .text:

00000000 <ISRVectors>:
   0:	10002000 	andne	r2, r0, r0
   4:	000000cd 	andeq	r0, r0, sp, asr #1
   8:	0000082d 	andeq	r0, r0, sp, lsr #16
   c:	0000082d 	andeq	r0, r0, sp, lsr #16
  10:	0000082d 	andeq	r0, r0, sp, lsr #16
  14:	0000082d 	andeq	r0, r0, sp, lsr #16
  18:	0000082d 	andeq	r0, r0, sp, lsr #16
  1c:	efffced9 	svc	0x00ffced9
	...
  2c:	0000082d 	andeq	r0, r0, sp, lsr #16
	...
  38:	0000082d 	andeq	r0, r0, sp, lsr #16
  3c:	0000082d 	andeq	r0, r0, sp, lsr #16

00000040 <NVICVectors>:
  40:	0000082d 	andeq	r0, r0, sp, lsr #16
  44:	0000082d 	andeq	r0, r0, sp, lsr #16
  48:	0000082d 	andeq	r0, r0, sp, lsr #16
  4c:	0000082d 	andeq	r0, r0, sp, lsr #16
  50:	0000082d 	andeq	r0, r0, sp, lsr #16
  54:	0000082d 	andeq	r0, r0, sp, lsr #16
  58:	0000082d 	andeq	r0, r0, sp, lsr #16
  5c:	0000082d 	andeq	r0, r0, sp, lsr #16
  60:	0000082d 	andeq	r0, r0, sp, lsr #16
  64:	0000082d 	andeq	r0, r0, sp, lsr #16
  68:	0000082d 	andeq	r0, r0, sp, lsr #16
  6c:	0000082d 	andeq	r0, r0, sp, lsr #16
  70:	0000082d 	andeq	r0, r0, sp, lsr #16
  74:	0000082d 	andeq	r0, r0, sp, lsr #16
  78:	0000082d 	andeq	r0, r0, sp, lsr #16
  7c:	0000082d 	andeq	r0, r0, sp, lsr #16
  80:	0000082d 	andeq	r0, r0, sp, lsr #16
  84:	0000082d 	andeq	r0, r0, sp, lsr #16
  88:	0000082d 	andeq	r0, r0, sp, lsr #16
  8c:	0000082d 	andeq	r0, r0, sp, lsr #16
  90:	0000082d 	andeq	r0, r0, sp, lsr #16
  94:	0000082d 	andeq	r0, r0, sp, lsr #16
  98:	0000082d 	andeq	r0, r0, sp, lsr #16
  9c:	0000082d 	andeq	r0, r0, sp, lsr #16
  a0:	0000082d 	andeq	r0, r0, sp, lsr #16
  a4:	0000082d 	andeq	r0, r0, sp, lsr #16
  a8:	0000082d 	andeq	r0, r0, sp, lsr #16
  ac:	0000082d 	andeq	r0, r0, sp, lsr #16
  b0:	0000082d 	andeq	r0, r0, sp, lsr #16
  b4:	0000082d 	andeq	r0, r0, sp, lsr #16
  b8:	0000082d 	andeq	r0, r0, sp, lsr #16
  bc:	0000082d 	andeq	r0, r0, sp, lsr #16
  c0:	0000082d 	andeq	r0, r0, sp, lsr #16
  c4:	0000082d 	andeq	r0, r0, sp, lsr #16
  c8:	0000082d 	andeq	r0, r0, sp, lsr #16

000000cc <main>:
  cc:	e92d 4ff0 	stmdb	sp!, {r4, r5, r6, r7, r8, r9, sl, fp, lr}
  d0:	b09b      	sub	sp, #108	; 0x6c
  d2:	f240 0004 	movw	r0, #4
  d6:	f240 0108 	movw	r1, #8
  da:	f2c1 0000 	movt	r0, #4096	; 0x1000
  de:	f2c1 0100 	movt	r1, #4096	; 0x1000
  e2:	6001      	str	r1, [r0, #0]
  e4:	f240 0000 	movw	r0, #0
  e8:	f240 0100 	movw	r1, #0
  ec:	f2c1 0000 	movt	r0, #4096	; 0x1000
  f0:	f2c1 0100 	movt	r1, #4096	; 0x1000
  f4:	4288      	cmp	r0, r1
  f6:	d209      	bcs.n	10c <main+0x40>
  f8:	f640 5254 	movw	r2, #3412	; 0xd54
  fc:	f2c0 0200 	movt	r2, #0
 100:	f852 3b04 	ldr.w	r3, [r2], #4
 104:	f840 3b04 	str.w	r3, [r0], #4
 108:	4288      	cmp	r0, r1
 10a:	d3f9      	bcc.n	100 <main+0x34>
 10c:	f240 0000 	movw	r0, #0
 110:	f240 0100 	movw	r1, #0
 114:	f2c1 0000 	movt	r0, #4096	; 0x1000
 118:	f2c1 0100 	movt	r1, #4096	; 0x1000
 11c:	4288      	cmp	r0, r1
 11e:	d204      	bcs.n	12a <main+0x5e>
 120:	2200      	movs	r2, #0
 122:	f840 2b04 	str.w	r2, [r0], #4
 126:	4288      	cmp	r0, r1
 128:	d3fb      	bcc.n	122 <main+0x56>
 12a:	f24c 10a0 	movw	r0, #49568	; 0xc1a0
 12e:	2120      	movs	r1, #32
 130:	f2c4 000f 	movt	r0, #16399	; 0x400f
 134:	6001      	str	r1, [r0, #0]
 136:	6801      	ldr	r1, [r0, #0]
 138:	f011 0f40 	tst.w	r1, #64	; 0x40
 13c:	d0fb      	beq.n	136 <main+0x6a>
 13e:	f24c 0000 	movw	r0, #49152	; 0xc000
 142:	f44f 4180 	mov.w	r1, #16384	; 0x4000
 146:	2231      	movs	r2, #49	; 0x31
 148:	23aa      	movs	r3, #170	; 0xaa
 14a:	2755      	movs	r7, #85	; 0x55
 14c:	f2c4 000f 	movt	r0, #16399	; 0x400f
 150:	f2c0 0202 	movt	r2, #2
 154:	6001      	str	r1, [r0, #0]
 156:	f24c 100c 	movw	r0, #49420	; 0xc10c
 15a:	2101      	movs	r1, #1
 15c:	f2c4 000f 	movt	r0, #16399	; 0x400f
 160:	6001      	str	r1, [r0, #0]
 162:	f24c 0084 	movw	r0, #49284	; 0xc084
 166:	f2c4 000f 	movt	r0, #16399	; 0x400f
 16a:	6002      	str	r2, [r0, #0]
 16c:	f24c 008c 	movw	r0, #49292	; 0xc08c
 170:	f24c 0280 	movw	r2, #49280	; 0xc080
 174:	f2c4 000f 	movt	r0, #16399	; 0x400f
 178:	f2c4 020f 	movt	r2, #16399	; 0x400f
 17c:	6003      	str	r3, [r0, #0]
 17e:	6007      	str	r7, [r0, #0]
 180:	6011      	str	r1, [r2, #0]
 182:	f24c 0188 	movw	r1, #49288	; 0xc088
 186:	6003      	str	r3, [r0, #0]
 188:	6007      	str	r7, [r0, #0]
 18a:	f2c4 010f 	movt	r1, #16399	; 0x400f
 18e:	680b      	ldr	r3, [r1, #0]
 190:	f013 7f80 	tst.w	r3, #16777216	; 0x1000000
 194:	d0fb      	beq.n	18e <main+0xc2>
 196:	f24c 1304 	movw	r3, #49412	; 0xc104
 19a:	2703      	movs	r7, #3
 19c:	f2c4 030f 	movt	r3, #16399	; 0x400f
 1a0:	601f      	str	r7, [r3, #0]
 1a2:	680b      	ldr	r3, [r1, #0]
 1a4:	f013 6f80 	tst.w	r3, #67108864	; 0x4000000
 1a8:	d0fb      	beq.n	1a2 <main+0xd6>
 1aa:	2303      	movs	r3, #3
 1ac:	6013      	str	r3, [r2, #0]
 1ae:	22aa      	movs	r2, #170	; 0xaa
 1b0:	6002      	str	r2, [r0, #0]
 1b2:	2255      	movs	r2, #85	; 0x55
 1b4:	6002      	str	r2, [r0, #0]
 1b6:	6808      	ldr	r0, [r1, #0]
 1b8:	f010 7f00 	tst.w	r0, #33554432	; 0x2000000
 1bc:	d0fb      	beq.n	1b6 <main+0xea>
 1be:	f24c 00c4 	movw	r0, #49348	; 0xc0c4
 1c2:	f248 0600 	movw	r6, #32768	; 0x8000
 1c6:	f24c 0700 	movw	r7, #49152	; 0xc000
 1ca:	f24c 0500 	movw	r5, #49152	; 0xc000
 1ce:	f2c4 000f 	movt	r0, #16399	; 0x400f
 1d2:	f2c4 0600 	movt	r6, #16384	; 0x4000
 1d6:	f2c4 0702 	movt	r7, #16386	; 0x4002
 1da:	f2c4 0500 	movt	r5, #16384	; 0x4000
 1de:	6801      	ldr	r1, [r0, #0]
 1e0:	f041 0104 	orr.w	r1, r1, #4
 1e4:	6001      	str	r1, [r0, #0]
 1e6:	f24c 11a8 	movw	r1, #49576	; 0xc1a8
 1ea:	f2c4 010f 	movt	r1, #16399	; 0x400f
 1ee:	680a      	ldr	r2, [r1, #0]
 1f0:	f022 020c 	bic.w	r2, r2, #12
 1f4:	600a      	str	r2, [r1, #0]
 1f6:	2200      	movs	r2, #0
 1f8:	63b2      	str	r2, [r6, #56]	; 0x38
 1fa:	2202      	movs	r2, #2
 1fc:	6072      	str	r2, [r6, #4]
 1fe:	2218      	movs	r2, #24
 200:	60f2      	str	r2, [r6, #12]
 202:	2201      	movs	r2, #1
 204:	6072      	str	r2, [r6, #4]
 206:	683b      	ldr	r3, [r7, #0]
 208:	f362 1305 	bfi	r3, r2, #4, #2
 20c:	603b      	str	r3, [r7, #0]
 20e:	683b      	ldr	r3, [r7, #0]
 210:	f362 1387 	bfi	r3, r2, #6, #2
 214:	603b      	str	r3, [r7, #0]
 216:	6802      	ldr	r2, [r0, #0]
 218:	f042 0208 	orr.w	r2, r2, #8
 21c:	6002      	str	r2, [r0, #0]
 21e:	2080      	movs	r0, #128	; 0x80
 220:	60e8      	str	r0, [r5, #12]
 222:	6808      	ldr	r0, [r1, #0]
 224:	f3c0 00c1 	ubfx	r0, r0, #3, #2
 228:	2804      	cmp	r0, #4
 22a:	f080 8260 	bcs.w	6ee <main+0x622>
 22e:	f640 5144 	movw	r1, #3396	; 0xd44
 232:	f2c0 0100 	movt	r1, #0
 236:	f851 0020 	ldr.w	r0, [r1, r0, lsl #2]
 23a:	f24e 1100 	movw	r1, #57600	; 0xe100
 23e:	f2c0 51f5 	movt	r1, #1525	; 0x5f5
 242:	fbb1 f2f0 	udiv	r2, r1, r0
 246:	f24b 30c5 	movw	r0, #46021	; 0xb3c5
 24a:	f2c9 10a2 	movt	r0, #37282	; 0x91a2
 24e:	9202      	str	r2, [sp, #8]
 250:	fba2 0100 	umull	r0, r1, r2, r0
 254:	0d09      	lsrs	r1, r1, #20
 256:	f44f 10e1 	mov.w	r0, #1843200	; 0x1c2000
 25a:	fb01 2010 	mls	r0, r1, r0, r2
 25e:	9106      	str	r1, [sp, #24]
 260:	2800      	cmp	r0, #0
 262:	d073      	beq.n	34c <main+0x280>
 264:	0050      	lsls	r0, r2, #1
 266:	0093      	lsls	r3, r2, #2
 268:	2701      	movs	r7, #1
 26a:	2408      	movs	r4, #8
 26c:	f44f 31e1 	mov.w	r1, #115200	; 0x1c200
 270:	f44f 39e1 	mov.w	r9, #115200	; 0x1c200
 274:	f04f 0e01 	mov.w	lr, #1
 278:	f04f 0800 	mov.w	r8, #0
 27c:	9001      	str	r0, [sp, #4]
 27e:	9300      	str	r3, [sp, #0]
 280:	4378      	muls	r0, r7
 282:	468c      	mov	ip, r1
 284:	46a2      	mov	sl, r4
 286:	9103      	str	r1, [sp, #12]
 288:	9404      	str	r4, [sp, #16]
 28a:	9007      	str	r0, [sp, #28]
 28c:	fb03 f007 	mul.w	r0, r3, r7
 290:	2300      	movs	r3, #0
 292:	9005      	str	r0, [sp, #20]
 294:	fb07 f002 	mul.w	r0, r7, r2
 298:	9008      	str	r0, [sp, #32]
 29a:	f000 4080 	and.w	r0, r0, #1073741824	; 0x40000000
 29e:	9009      	str	r0, [sp, #36]	; 0x24
 2a0:	9809      	ldr	r0, [sp, #36]	; 0x24
 2a2:	b120      	cbz	r0, 2ae <main+0x1e2>
 2a4:	9807      	ldr	r0, [sp, #28]
 2a6:	fbb0 f2fc 	udiv	r2, r0, ip
 2aa:	0912      	lsrs	r2, r2, #4
 2ac:	e003      	b.n	2b6 <main+0x1ea>
 2ae:	9805      	ldr	r0, [sp, #20]
 2b0:	fbb0 f2fc 	udiv	r2, r0, ip
 2b4:	0952      	lsrs	r2, r2, #5
 2b6:	1c54      	adds	r4, r2, #1
 2b8:	2000      	movs	r0, #0
 2ba:	469b      	mov	fp, r3
 2bc:	0862      	lsrs	r2, r4, #1
 2be:	ebb0 0f54 	cmp.w	r0, r4, lsr #1
 2c2:	f04f 0400 	mov.w	r4, #0
 2c6:	bf08      	it	eq
 2c8:	2201      	moveq	r2, #1
 2ca:	2a02      	cmp	r2, #2
 2cc:	bf38      	it	cc
 2ce:	2401      	movcc	r4, #1
 2d0:	2b00      	cmp	r3, #0
 2d2:	bf18      	it	ne
 2d4:	f04f 0b01 	movne.w	fp, #1
 2d8:	ea1b 0f04 	tst.w	fp, r4
 2dc:	bf18      	it	ne
 2de:	2202      	movne	r2, #2
 2e0:	fb02 f40a 	mul.w	r4, r2, sl
 2e4:	2c00      	cmp	r4, #0
 2e6:	f000 81fd 	beq.w	6e4 <main+0x618>
 2ea:	9808      	ldr	r0, [sp, #32]
 2ec:	f643 6100 	movw	r1, #15872	; 0x3e00
 2f0:	f6cf 71fe 	movt	r1, #65534	; 0xfffe
 2f4:	fbb0 f4f4 	udiv	r4, r0, r4
 2f8:	1c60      	adds	r0, r4, #1
 2fa:	eb01 0450 	add.w	r4, r1, r0, lsr #1
 2fe:	f44f 31e1 	mov.w	r1, #115200	; 0x1c200
 302:	2c00      	cmp	r4, #0
 304:	bfb8      	it	lt
 306:	eba1 0450 	sublt.w	r4, r1, r0, lsr #1
 30a:	454c      	cmp	r4, r9
 30c:	d206      	bcs.n	31c <main+0x250>
 30e:	4698      	mov	r8, r3
 310:	46be      	mov	lr, r7
 312:	46a1      	mov	r9, r4
 314:	f5b4 3fe1 	cmp.w	r4, #115200	; 0x1c200
 318:	9206      	str	r2, [sp, #24]
 31a:	d013      	beq.n	344 <main+0x278>
 31c:	3301      	adds	r3, #1
 31e:	f50c 3ce1 	add.w	ip, ip, #115200	; 0x1c200
 322:	f10a 0a08 	add.w	sl, sl, #8
 326:	42bb      	cmp	r3, r7
 328:	d3ba      	bcc.n	2a0 <main+0x1d4>
 32a:	9903      	ldr	r1, [sp, #12]
 32c:	9c04      	ldr	r4, [sp, #16]
 32e:	9a02      	ldr	r2, [sp, #8]
 330:	9801      	ldr	r0, [sp, #4]
 332:	9b00      	ldr	r3, [sp, #0]
 334:	3701      	adds	r7, #1
 336:	2f10      	cmp	r7, #16
 338:	f501 31e1 	add.w	r1, r1, #115200	; 0x1c200
 33c:	f104 0408 	add.w	r4, r4, #8
 340:	d39e      	bcc.n	280 <main+0x1b4>
 342:	e007      	b.n	354 <main+0x288>
 344:	9206      	str	r2, [sp, #24]
 346:	4698      	mov	r8, r3
 348:	46be      	mov	lr, r7
 34a:	e003      	b.n	354 <main+0x288>
 34c:	f04f 0800 	mov.w	r8, #0
 350:	f04f 0e01 	mov.w	lr, #1
 354:	9906      	ldr	r1, [sp, #24]
 356:	f24c 0700 	movw	r7, #49152	; 0xc000
 35a:	f24c 69c0 	movw	r9, #50880	; 0xc6c0
 35e:	2210      	movs	r2, #16
 360:	f644 6b20 	movw	fp, #20000	; 0x4e20
 364:	f2c2 0709 	movt	r7, #8201	; 0x2009
 368:	f2c0 092d 	movt	r9, #45	; 0x2d
 36c:	f3c1 2007 	ubfx	r0, r1, #8, #8
 370:	6068      	str	r0, [r5, #4]
 372:	b2c8      	uxtb	r0, r1
 374:	6028      	str	r0, [r5, #0]
 376:	ea48 100e 	orr.w	r0, r8, lr, lsl #4
 37a:	f64c 48cd 	movw	r8, #52429	; 0xcccd
 37e:	62a8      	str	r0, [r5, #40]	; 0x28
 380:	2003      	movs	r0, #3
 382:	f6c3 58cc 	movt	r8, #15820	; 0x3dcc
 386:	60e8      	str	r0, [r5, #12]
 388:	68e8      	ldr	r0, [r5, #12]
 38a:	f000 0080 	and.w	r0, r0, #128	; 0x80
 38e:	f040 0003 	orr.w	r0, r0, #3
 392:	60e8      	str	r0, [r5, #12]
 394:	2001      	movs	r0, #1
 396:	60a8      	str	r0, [r5, #8]
 398:	f24c 0000 	movw	r0, #49152	; 0xc000
 39c:	f2c4 0002 	movt	r0, #16386	; 0x4002
 3a0:	4601      	mov	r1, r0
 3a2:	6808      	ldr	r0, [r1, #0]
 3a4:	f420 7040 	bic.w	r0, r0, #768	; 0x300
 3a8:	6008      	str	r0, [r1, #0]
 3aa:	6838      	ldr	r0, [r7, #0]
 3ac:	f040 0010 	orr.w	r0, r0, #16
 3b0:	6038      	str	r0, [r7, #0]
 3b2:	a80e      	add	r0, sp, #56	; 0x38
 3b4:	3020      	adds	r0, #32
 3b6:	9009      	str	r0, [sp, #36]	; 0x24
 3b8:	e001      	b.n	3be <main+0x2f2>
 3ba:	200a      	movs	r0, #10
 3bc:	6028      	str	r0, [r5, #0]
 3be:	68b0      	ldr	r0, [r6, #8]
 3c0:	68b1      	ldr	r1, [r6, #8]
 3c2:	1a09      	subs	r1, r1, r0
 3c4:	4549      	cmp	r1, r9
 3c6:	d3fb      	bcc.n	3c0 <main+0x2f4>
 3c8:	2000      	movs	r0, #0
 3ca:	f04f 0a00 	mov.w	sl, #0
 3ce:	f88d 0034 	strb.w	r0, [sp, #52]	; 0x34
 3d2:	900c      	str	r0, [sp, #48]	; 0x30
 3d4:	6838      	ldr	r0, [r7, #0]
 3d6:	f040 0010 	orr.w	r0, r0, #16
 3da:	6038      	str	r0, [r7, #0]
 3dc:	61fa      	str	r2, [r7, #28]
 3de:	68b0      	ldr	r0, [r6, #8]
 3e0:	68b1      	ldr	r1, [r6, #8]
 3e2:	1a09      	subs	r1, r1, r0
 3e4:	4559      	cmp	r1, fp
 3e6:	d3fb      	bcc.n	3e0 <main+0x314>
 3e8:	61ba      	str	r2, [r7, #24]
 3ea:	68b0      	ldr	r0, [r6, #8]
 3ec:	68b1      	ldr	r1, [r6, #8]
 3ee:	1a09      	subs	r1, r1, r0
 3f0:	2928      	cmp	r1, #40	; 0x28
 3f2:	d3fb      	bcc.n	3ec <main+0x320>
 3f4:	6838      	ldr	r0, [r7, #0]
 3f6:	2100      	movs	r1, #0
 3f8:	f020 0010 	bic.w	r0, r0, #16
 3fc:	6038      	str	r0, [r7, #0]
 3fe:	2907      	cmp	r1, #7
 400:	f200 814d 	bhi.w	69e <main+0x5d2>
 404:	68b0      	ldr	r0, [r6, #8]
 406:	68b2      	ldr	r2, [r6, #8]
 408:	1a12      	subs	r2, r2, r0
 40a:	2a0a      	cmp	r2, #10
 40c:	d3fb      	bcc.n	406 <main+0x33a>
 40e:	697a      	ldr	r2, [r7, #20]
 410:	3101      	adds	r1, #1
 412:	2000      	movs	r0, #0
 414:	f012 0f10 	tst.w	r2, #16
 418:	d0f1      	beq.n	3fe <main+0x332>
 41a:	2809      	cmp	r0, #9
 41c:	f200 813f 	bhi.w	69e <main+0x5d2>
 420:	68b1      	ldr	r1, [r6, #8]
 422:	68b2      	ldr	r2, [r6, #8]
 424:	1a52      	subs	r2, r2, r1
 426:	2a0a      	cmp	r2, #10
 428:	d3fb      	bcc.n	422 <main+0x356>
 42a:	6979      	ldr	r1, [r7, #20]
 42c:	3001      	adds	r0, #1
 42e:	f011 0f10 	tst.w	r1, #16
 432:	d1f2      	bne.n	41a <main+0x34e>
 434:	2080      	movs	r0, #128	; 0x80
 436:	2200      	movs	r2, #0
 438:	f04f 0e00 	mov.w	lr, #0
 43c:	f10e 0e01 	add.w	lr, lr, #1
 440:	2300      	movs	r3, #0
 442:	2b07      	cmp	r3, #7
 444:	f200 812b 	bhi.w	69e <main+0x5d2>
 448:	68b4      	ldr	r4, [r6, #8]
 44a:	68b1      	ldr	r1, [r6, #8]
 44c:	1b09      	subs	r1, r1, r4
 44e:	290a      	cmp	r1, #10
 450:	d3fb      	bcc.n	44a <main+0x37e>
 452:	6979      	ldr	r1, [r7, #20]
 454:	3301      	adds	r3, #1
 456:	f011 0f10 	tst.w	r1, #16
 45a:	d0f2      	beq.n	442 <main+0x376>
 45c:	f8d6 c008 	ldr.w	ip, [r6, #8]
 460:	2400      	movs	r4, #0
 462:	2c07      	cmp	r4, #7
 464:	f200 811b 	bhi.w	69e <main+0x5d2>
 468:	68b3      	ldr	r3, [r6, #8]
 46a:	68b1      	ldr	r1, [r6, #8]
 46c:	1ac9      	subs	r1, r1, r3
 46e:	290a      	cmp	r1, #10
 470:	d3fb      	bcc.n	46a <main+0x39e>
 472:	6979      	ldr	r1, [r7, #20]
 474:	3401      	adds	r4, #1
 476:	f011 0f10 	tst.w	r1, #16
 47a:	d1f2      	bne.n	462 <main+0x396>
 47c:	68b1      	ldr	r1, [r6, #8]
 47e:	eba1 010c 	sub.w	r1, r1, ip
 482:	2929      	cmp	r1, #41	; 0x29
 484:	d307      	bcc.n	496 <main+0x3ca>
 486:	2a04      	cmp	r2, #4
 488:	f200 8127 	bhi.w	6da <main+0x60e>
 48c:	a90c      	add	r1, sp, #48	; 0x30
 48e:	460b      	mov	r3, r1
 490:	5c99      	ldrb	r1, [r3, r2]
 492:	4301      	orrs	r1, r0
 494:	5499      	strb	r1, [r3, r2]
 496:	f000 00fe 	and.w	r0, r0, #254	; 0xfe
 49a:	ebba 0f50 	cmp.w	sl, r0, lsr #1
 49e:	ea4f 0050 	mov.w	r0, r0, lsr #1
 4a2:	bf08      	it	eq
 4a4:	3201      	addeq	r2, #1
 4a6:	bf08      	it	eq
 4a8:	f06f 007f 	mvneq.w	r0, #127	; 0x7f
 4ac:	f1be 0f28 	cmp.w	lr, #40	; 0x28
 4b0:	d3c4      	bcc.n	43c <main+0x370>
 4b2:	f89d 1030 	ldrb.w	r1, [sp, #48]	; 0x30
 4b6:	f89d 0031 	ldrb.w	r0, [sp, #49]	; 0x31
 4ba:	9008      	str	r0, [sp, #32]
 4bc:	ea40 2001 	orr.w	r0, r0, r1, lsl #8
 4c0:	9106      	str	r1, [sp, #24]
 4c2:	f000 fa77 	bl	9b4 <__aeabi_ui2f>
 4c6:	4644      	mov	r4, r8
 4c8:	4621      	mov	r1, r4
 4ca:	f000 facb 	bl	a64 <__aeabi_fmul>
 4ce:	f99d 1032 	ldrsb.w	r1, [sp, #50]	; 0x32
 4d2:	9005      	str	r0, [sp, #20]
 4d4:	0208      	lsls	r0, r1, #8
 4d6:	b2ca      	uxtb	r2, r1
 4d8:	f1b1 3fff 	cmp.w	r1, #4294967295	; 0xffffffff
 4dc:	9207      	str	r2, [sp, #28]
 4de:	dd0a      	ble.n	4f6 <main+0x42a>
 4e0:	f89d a033 	ldrb.w	sl, [sp, #51]	; 0x33
 4e4:	ea40 000a 	orr.w	r0, r0, sl
 4e8:	b280      	uxth	r0, r0
 4ea:	f000 fa63 	bl	9b4 <__aeabi_ui2f>
 4ee:	4621      	mov	r1, r4
 4f0:	46a0      	mov	r8, r4
 4f2:	4654      	mov	r4, sl
 4f4:	e00b      	b.n	50e <main+0x442>
 4f6:	46a0      	mov	r8, r4
 4f8:	f89d 4033 	ldrb.w	r4, [sp, #51]	; 0x33
 4fc:	f400 40fe 	and.w	r0, r0, #32512	; 0x7f00
 500:	4320      	orrs	r0, r4
 502:	f000 fa57 	bl	9b4 <__aeabi_ui2f>
 506:	f64c 41cd 	movw	r1, #52429	; 0xcccd
 50a:	f6cb 51cc 	movt	r1, #48588	; 0xbdcc
 50e:	f000 faa9 	bl	a64 <__aeabi_fmul>
 512:	9908      	ldr	r1, [sp, #32]
 514:	9a06      	ldr	r2, [sp, #24]
 516:	4411      	add	r1, r2
 518:	9a07      	ldr	r2, [sp, #28]
 51a:	4411      	add	r1, r2
 51c:	f89d 2034 	ldrb.w	r2, [sp, #52]	; 0x34
 520:	4421      	add	r1, r4
 522:	b2c9      	uxtb	r1, r1
 524:	4291      	cmp	r1, r2
 526:	f040 80ba 	bne.w	69e <main+0x5d2>
 52a:	6969      	ldr	r1, [r5, #20]
 52c:	f011 0f20 	tst.w	r1, #32
 530:	d0fb      	beq.n	52a <main+0x45e>
 532:	2174      	movs	r1, #116	; 0x74
 534:	6029      	str	r1, [r5, #0]
 536:	6969      	ldr	r1, [r5, #20]
 538:	f011 0f20 	tst.w	r1, #32
 53c:	d0fb      	beq.n	536 <main+0x46a>
 53e:	2165      	movs	r1, #101	; 0x65
 540:	2220      	movs	r2, #32
 542:	6029      	str	r1, [r5, #0]
 544:	6969      	ldr	r1, [r5, #20]
 546:	f011 0f20 	tst.w	r1, #32
 54a:	d0fb      	beq.n	544 <main+0x478>
 54c:	216d      	movs	r1, #109	; 0x6d
 54e:	6029      	str	r1, [r5, #0]
 550:	6969      	ldr	r1, [r5, #20]
 552:	f011 0f20 	tst.w	r1, #32
 556:	d0fb      	beq.n	550 <main+0x484>
 558:	2170      	movs	r1, #112	; 0x70
 55a:	6029      	str	r1, [r5, #0]
 55c:	6969      	ldr	r1, [r5, #20]
 55e:	f011 0f20 	tst.w	r1, #32
 562:	d0fb      	beq.n	55c <main+0x490>
 564:	213a      	movs	r1, #58	; 0x3a
 566:	6029      	str	r1, [r5, #0]
 568:	6969      	ldr	r1, [r5, #20]
 56a:	f011 0f20 	tst.w	r1, #32
 56e:	d0fb      	beq.n	568 <main+0x49c>
 570:	602a      	str	r2, [r5, #0]
 572:	6969      	ldr	r1, [r5, #20]
 574:	f011 0f20 	tst.w	r1, #32
 578:	d0fb      	beq.n	572 <main+0x4a6>
 57a:	602a      	str	r2, [r5, #0]
 57c:	6969      	ldr	r1, [r5, #20]
 57e:	f011 0f20 	tst.w	r1, #32
 582:	d0fb      	beq.n	57c <main+0x4b0>
 584:	602a      	str	r2, [r5, #0]
 586:	6969      	ldr	r1, [r5, #20]
 588:	f011 0f20 	tst.w	r1, #32
 58c:	d0fb      	beq.n	586 <main+0x4ba>
 58e:	602a      	str	r2, [r5, #0]
 590:	6969      	ldr	r1, [r5, #20]
 592:	f011 0f20 	tst.w	r1, #32
 596:	d0fb      	beq.n	590 <main+0x4c4>
 598:	2100      	movs	r1, #0
 59a:	602a      	str	r2, [r5, #0]
 59c:	9115      	str	r1, [sp, #84]	; 0x54
 59e:	9114      	str	r1, [sp, #80]	; 0x50
 5a0:	9113      	str	r1, [sp, #76]	; 0x4c
 5a2:	9112      	str	r1, [sp, #72]	; 0x48
 5a4:	9111      	str	r1, [sp, #68]	; 0x44
 5a6:	9110      	str	r1, [sp, #64]	; 0x40
 5a8:	910f      	str	r1, [sp, #60]	; 0x3c
 5aa:	910e      	str	r1, [sp, #56]	; 0x38
 5ac:	f000 fbaa 	bl	d04 <__aeabi_f2uiz>
 5b0:	ac0e      	add	r4, sp, #56	; 0x38
 5b2:	2220      	movs	r2, #32
 5b4:	4621      	mov	r1, r4
 5b6:	f000 f89d 	bl	6f4 <_ZN3lib7strconv4itoa20h52e0b6a13206cd2by2cE>
 5ba:	4620      	mov	r0, r4
 5bc:	f810 1b01 	ldrb.w	r1, [r0], #1
 5c0:	b139      	cbz	r1, 5d2 <main+0x506>
 5c2:	696a      	ldr	r2, [r5, #20]
 5c4:	f012 0f20 	tst.w	r2, #32
 5c8:	d0fb      	beq.n	5c2 <main+0x4f6>
 5ca:	6029      	str	r1, [r5, #0]
 5cc:	9909      	ldr	r1, [sp, #36]	; 0x24
 5ce:	4288      	cmp	r0, r1
 5d0:	d1f4      	bne.n	5bc <main+0x4f0>
 5d2:	6968      	ldr	r0, [r5, #20]
 5d4:	f010 0f20 	tst.w	r0, #32
 5d8:	d0fb      	beq.n	5d2 <main+0x506>
 5da:	200a      	movs	r0, #10
 5dc:	6028      	str	r0, [r5, #0]
 5de:	6968      	ldr	r0, [r5, #20]
 5e0:	f010 0f20 	tst.w	r0, #32
 5e4:	d0fb      	beq.n	5de <main+0x512>
 5e6:	2068      	movs	r0, #104	; 0x68
 5e8:	2120      	movs	r1, #32
 5ea:	6028      	str	r0, [r5, #0]
 5ec:	6968      	ldr	r0, [r5, #20]
 5ee:	f010 0f20 	tst.w	r0, #32
 5f2:	d0fb      	beq.n	5ec <main+0x520>
 5f4:	2075      	movs	r0, #117	; 0x75
 5f6:	6028      	str	r0, [r5, #0]
 5f8:	6968      	ldr	r0, [r5, #20]
 5fa:	f010 0f20 	tst.w	r0, #32
 5fe:	d0fb      	beq.n	5f8 <main+0x52c>
 600:	206d      	movs	r0, #109	; 0x6d
 602:	6028      	str	r0, [r5, #0]
 604:	6968      	ldr	r0, [r5, #20]
 606:	f010 0f20 	tst.w	r0, #32
 60a:	d0fb      	beq.n	604 <main+0x538>
 60c:	2069      	movs	r0, #105	; 0x69
 60e:	6028      	str	r0, [r5, #0]
 610:	6968      	ldr	r0, [r5, #20]
 612:	f010 0f20 	tst.w	r0, #32
 616:	d0fb      	beq.n	610 <main+0x544>
 618:	2064      	movs	r0, #100	; 0x64
 61a:	6028      	str	r0, [r5, #0]
 61c:	6968      	ldr	r0, [r5, #20]
 61e:	f010 0f20 	tst.w	r0, #32
 622:	d0fb      	beq.n	61c <main+0x550>
 624:	2069      	movs	r0, #105	; 0x69
 626:	6028      	str	r0, [r5, #0]
 628:	6968      	ldr	r0, [r5, #20]
 62a:	f010 0f20 	tst.w	r0, #32
 62e:	d0fb      	beq.n	628 <main+0x55c>
 630:	2074      	movs	r0, #116	; 0x74
 632:	6028      	str	r0, [r5, #0]
 634:	6968      	ldr	r0, [r5, #20]
 636:	f010 0f20 	tst.w	r0, #32
 63a:	d0fb      	beq.n	634 <main+0x568>
 63c:	2079      	movs	r0, #121	; 0x79
 63e:	6028      	str	r0, [r5, #0]
 640:	6968      	ldr	r0, [r5, #20]
 642:	f010 0f20 	tst.w	r0, #32
 646:	d0fb      	beq.n	640 <main+0x574>
 648:	203a      	movs	r0, #58	; 0x3a
 64a:	6028      	str	r0, [r5, #0]
 64c:	6968      	ldr	r0, [r5, #20]
 64e:	f010 0f20 	tst.w	r0, #32
 652:	d0fb      	beq.n	64c <main+0x580>
 654:	6029      	str	r1, [r5, #0]
 656:	2000      	movs	r0, #0
 658:	9015      	str	r0, [sp, #84]	; 0x54
 65a:	9014      	str	r0, [sp, #80]	; 0x50
 65c:	9013      	str	r0, [sp, #76]	; 0x4c
 65e:	9012      	str	r0, [sp, #72]	; 0x48
 660:	9011      	str	r0, [sp, #68]	; 0x44
 662:	9010      	str	r0, [sp, #64]	; 0x40
 664:	900f      	str	r0, [sp, #60]	; 0x3c
 666:	900e      	str	r0, [sp, #56]	; 0x38
 668:	9805      	ldr	r0, [sp, #20]
 66a:	f000 fb4b 	bl	d04 <__aeabi_f2uiz>
 66e:	4621      	mov	r1, r4
 670:	2220      	movs	r2, #32
 672:	f000 f83f 	bl	6f4 <_ZN3lib7strconv4itoa20h52e0b6a13206cd2by2cE>
 676:	4620      	mov	r0, r4
 678:	f810 1b01 	ldrb.w	r1, [r0], #1
 67c:	b139      	cbz	r1, 68e <main+0x5c2>
 67e:	696a      	ldr	r2, [r5, #20]
 680:	f012 0f20 	tst.w	r2, #32
 684:	d0fb      	beq.n	67e <main+0x5b2>
 686:	6029      	str	r1, [r5, #0]
 688:	9909      	ldr	r1, [sp, #36]	; 0x24
 68a:	4288      	cmp	r0, r1
 68c:	d1f4      	bne.n	678 <main+0x5ac>
 68e:	6968      	ldr	r0, [r5, #20]
 690:	f010 0f20 	tst.w	r0, #32
 694:	d0fb      	beq.n	68e <main+0x5c2>
 696:	200a      	movs	r0, #10
 698:	2210      	movs	r2, #16
 69a:	6028      	str	r0, [r5, #0]
 69c:	e68f      	b.n	3be <main+0x2f2>
 69e:	6968      	ldr	r0, [r5, #20]
 6a0:	f010 0f20 	tst.w	r0, #32
 6a4:	d0fb      	beq.n	69e <main+0x5d2>
 6a6:	2066      	movs	r0, #102	; 0x66
 6a8:	6028      	str	r0, [r5, #0]
 6aa:	6968      	ldr	r0, [r5, #20]
 6ac:	f010 0f20 	tst.w	r0, #32
 6b0:	d0fb      	beq.n	6aa <main+0x5de>
 6b2:	2061      	movs	r0, #97	; 0x61
 6b4:	2210      	movs	r2, #16
 6b6:	6028      	str	r0, [r5, #0]
 6b8:	6968      	ldr	r0, [r5, #20]
 6ba:	f010 0f20 	tst.w	r0, #32
 6be:	d0fb      	beq.n	6b8 <main+0x5ec>
 6c0:	2069      	movs	r0, #105	; 0x69
 6c2:	6028      	str	r0, [r5, #0]
 6c4:	6968      	ldr	r0, [r5, #20]
 6c6:	f010 0f20 	tst.w	r0, #32
 6ca:	d0fb      	beq.n	6c4 <main+0x5f8>
 6cc:	206c      	movs	r0, #108	; 0x6c
 6ce:	6028      	str	r0, [r5, #0]
 6d0:	6968      	ldr	r0, [r5, #20]
 6d2:	f010 0f20 	tst.w	r0, #32
 6d6:	d0fb      	beq.n	6d0 <main+0x604>
 6d8:	e66f      	b.n	3ba <main+0x2ee>
 6da:	a80a      	add	r0, sp, #40	; 0x28
 6dc:	2101      	movs	r1, #1
 6de:	2305      	movs	r3, #5
 6e0:	f000 f8a4 	bl	82c <isr_adc>
 6e4:	a818      	add	r0, sp, #96	; 0x60
 6e6:	a916      	add	r1, sp, #88	; 0x58
 6e8:	22e8      	movs	r2, #232	; 0xe8
 6ea:	f000 f89f 	bl	82c <isr_adc>
 6ee:	defedefe 	mrcle	14, 7, sp, cr14, cr14, {7}

000006f0 <__morestack>:
 6f0:	0000defe 	strdeq	sp, [r0], -lr

000006f4 <_ZN3lib7strconv4itoa20h52e0b6a13206cd2by2cE>:
 6f4:	b430      	push	{r4, r5}
 6f6:	ee1d 4f70 	mrc	15, 0, r4, cr13, cr0, {3}
 6fa:	466d      	mov	r5, sp
 6fc:	e594      	b.n	228 <main+0x15c>
 6fe:	4004      	ands	r4, r0
 700:	42ac      	cmp	r4, r5
 702:	d308      	bcc.n	716 <_ZN3lib7strconv4itoa20h52e0b6a13206cd2by2cE+0x22>
 704:	24b0      	movs	r4, #176	; 0xb0
 706:	2500      	movs	r5, #0
 708:	b500      	push	{lr}
 70a:	f7ff fff1 	bl	6f0 <__morestack>
 70e:	f85d eb04 	ldr.w	lr, [sp], #4
 712:	bc30      	pop	{r4, r5}
 714:	4770      	bx	lr
 716:	bc30      	pop	{r4, r5}
 718:	e92d 4ff0 	stmdb	sp!, {r4, r5, r6, r7, r8, r9, sl, fp, lr}
 71c:	b0a3      	sub	sp, #140	; 0x8c
 71e:	4694      	mov	ip, r2
 720:	2800      	cmp	r0, #0
 722:	d05e      	beq.n	7e2 <_ZN3lib7strconv4itoa20h52e0b6a13206cd2by2cE+0xee>
 724:	f64c 43cd 	movw	r3, #52429	; 0xcccd
 728:	2200      	movs	r2, #0
 72a:	ac1b      	add	r4, sp, #108	; 0x6c
 72c:	f6cc 43cc 	movt	r3, #52428	; 0xcccc
 730:	2a1f      	cmp	r2, #31
 732:	d864      	bhi.n	7fe <_ZN3lib7strconv4itoa20h52e0b6a13206cd2by2cE+0x10a>
 734:	fba0 7603 	umull	r7, r6, r0, r3
 738:	280a      	cmp	r0, #10
 73a:	ea4f 07d6 	mov.w	r7, r6, lsr #3
 73e:	eb07 0687 	add.w	r6, r7, r7, lsl #2
 742:	eba0 0646 	sub.w	r6, r0, r6, lsl #1
 746:	4638      	mov	r0, r7
 748:	54a6      	strb	r6, [r4, r2]
 74a:	f102 0201 	add.w	r2, r2, #1
 74e:	d2ef      	bcs.n	730 <_ZN3lib7strconv4itoa20h52e0b6a13206cd2by2cE+0x3c>
 750:	3a01      	subs	r2, #1
 752:	2a00      	cmp	r2, #0
 754:	db42      	blt.n	7dc <_ZN3lib7strconv4itoa20h52e0b6a13206cd2by2cE+0xe8>
 756:	f04f 0e00 	mov.w	lr, #0
 75a:	f04f 0939 	mov.w	r9, #57	; 0x39
 75e:	f04f 0a61 	mov.w	sl, #97	; 0x61
 762:	f04f 0b62 	mov.w	fp, #98	; 0x62
 766:	2063      	movs	r0, #99	; 0x63
 768:	2564      	movs	r5, #100	; 0x64
 76a:	2665      	movs	r6, #101	; 0x65
 76c:	2766      	movs	r7, #102	; 0x66
 76e:	f10d 0818 	add.w	r8, sp, #24
 772:	2330      	movs	r3, #48	; 0x30
 774:	2a1f      	cmp	r2, #31
 776:	9306      	str	r3, [sp, #24]
 778:	f04f 0331 	mov.w	r3, #49	; 0x31
 77c:	9307      	str	r3, [sp, #28]
 77e:	f04f 0332 	mov.w	r3, #50	; 0x32
 782:	9308      	str	r3, [sp, #32]
 784:	f04f 0333 	mov.w	r3, #51	; 0x33
 788:	9309      	str	r3, [sp, #36]	; 0x24
 78a:	f04f 0334 	mov.w	r3, #52	; 0x34
 78e:	930a      	str	r3, [sp, #40]	; 0x28
 790:	f04f 0335 	mov.w	r3, #53	; 0x35
 794:	930b      	str	r3, [sp, #44]	; 0x2c
 796:	f04f 0336 	mov.w	r3, #54	; 0x36
 79a:	930c      	str	r3, [sp, #48]	; 0x30
 79c:	f04f 0337 	mov.w	r3, #55	; 0x37
 7a0:	930d      	str	r3, [sp, #52]	; 0x34
 7a2:	f04f 0338 	mov.w	r3, #56	; 0x38
 7a6:	930e      	str	r3, [sp, #56]	; 0x38
 7a8:	f8cd 903c 	str.w	r9, [sp, #60]	; 0x3c
 7ac:	f8cd a040 	str.w	sl, [sp, #64]	; 0x40
 7b0:	f8cd b044 	str.w	fp, [sp, #68]	; 0x44
 7b4:	9012      	str	r0, [sp, #72]	; 0x48
 7b6:	9513      	str	r5, [sp, #76]	; 0x4c
 7b8:	9614      	str	r6, [sp, #80]	; 0x50
 7ba:	9715      	str	r7, [sp, #84]	; 0x54
 7bc:	d824      	bhi.n	808 <_ZN3lib7strconv4itoa20h52e0b6a13206cd2by2cE+0x114>
 7be:	5ca3      	ldrb	r3, [r4, r2]
 7c0:	2b0f      	cmp	r3, #15
 7c2:	d826      	bhi.n	812 <_ZN3lib7strconv4itoa20h52e0b6a13206cd2by2cE+0x11e>
 7c4:	45e6      	cmp	lr, ip
 7c6:	d22a      	bcs.n	81e <_ZN3lib7strconv4itoa20h52e0b6a13206cd2by2cE+0x12a>
 7c8:	f858 3023 	ldr.w	r3, [r8, r3, lsl #2]
 7cc:	3a01      	subs	r2, #1
 7ce:	f1b2 3fff 	cmp.w	r2, #4294967295	; 0xffffffff
 7d2:	f801 300e 	strb.w	r3, [r1, lr]
 7d6:	f10e 0e01 	add.w	lr, lr, #1
 7da:	dcca      	bgt.n	772 <_ZN3lib7strconv4itoa20h52e0b6a13206cd2by2cE+0x7e>
 7dc:	b023      	add	sp, #140	; 0x8c
 7de:	e8bd 8ff0 	ldmia.w	sp!, {r4, r5, r6, r7, r8, r9, sl, fp, pc}
 7e2:	f1bc 0f00 	cmp.w	ip, #0
 7e6:	bf1f      	itttt	ne
 7e8:	2030      	movne	r0, #48	; 0x30
 7ea:	7008      	strbne	r0, [r1, #0]
 7ec:	b023      	addne	sp, #140	; 0x8c
 7ee:	e8bd 8ff0 	ldmiane.w	sp!, {r4, r5, r6, r7, r8, r9, sl, fp, pc}
 7f2:	a818      	add	r0, sp, #96	; 0x60
 7f4:	211a      	movs	r1, #26
 7f6:	2200      	movs	r2, #0
 7f8:	2300      	movs	r3, #0
 7fa:	f000 f817 	bl	82c <isr_adc>
 7fe:	a816      	add	r0, sp, #88	; 0x58
 800:	2122      	movs	r1, #34	; 0x22
 802:	2320      	movs	r3, #32
 804:	f000 f812 	bl	82c <isr_adc>
 808:	a804      	add	r0, sp, #16
 80a:	212c      	movs	r1, #44	; 0x2c
 80c:	2320      	movs	r3, #32
 80e:	f000 f80d 	bl	82c <isr_adc>
 812:	461a      	mov	r2, r3
 814:	a802      	add	r0, sp, #8
 816:	212c      	movs	r1, #44	; 0x2c
 818:	2310      	movs	r3, #16
 81a:	f000 f807 	bl	82c <isr_adc>
 81e:	4668      	mov	r0, sp
 820:	212e      	movs	r1, #46	; 0x2e
 822:	4672      	mov	r2, lr
 824:	4663      	mov	r3, ip
 826:	f000 f801 	bl	82c <isr_adc>
	...

0000082c <isr_adc>:
 82c:	f3ef 8009 	mrs	r0, PSP
 830:	f3ef 8108 	mrs	r1, MSP
 834:	6982      	ldr	r2, [r0, #24]
 836:	698b      	ldr	r3, [r1, #24]
 838:	be00      	bkpt	0x0000
 83a:	4770      	bx	lr

0000083c <abort>:
 83c:	be00      	bkpt	0x0000
 83e:	e7fe      	b.n	83e <abort+0x2>

00000840 <__aeabi_unwind_cpp_pr0>:
 840:	e92d 4800 	stmdb	sp!, {fp, lr}
 844:	f7ff fffa 	bl	83c <abort>

00000848 <__aeabi_frsub>:
 848:	f080 4000 	eor.w	r0, r0, #2147483648	; 0x80000000
 84c:	e002      	b.n	854 <__addsf3>
 84e:	bf00      	nop

00000850 <__aeabi_fsub>:
 850:	f081 4100 	eor.w	r1, r1, #2147483648	; 0x80000000

00000854 <__addsf3>:
 854:	0042      	lsls	r2, r0, #1
 856:	bf1f      	itttt	ne
 858:	ea5f 0341 	movsne.w	r3, r1, lsl #1
 85c:	ea92 0f03 	teqne	r2, r3
 860:	ea7f 6c22 	mvnsne.w	ip, r2, asr #24
 864:	ea7f 6c23 	mvnsne.w	ip, r3, asr #24
 868:	d06a      	beq.n	940 <__addsf3+0xec>
 86a:	ea4f 6212 	mov.w	r2, r2, lsr #24
 86e:	ebd2 6313 	rsbs	r3, r2, r3, lsr #24
 872:	bfc1      	itttt	gt
 874:	18d2      	addgt	r2, r2, r3
 876:	4041      	eorgt	r1, r0
 878:	4048      	eorgt	r0, r1
 87a:	4041      	eorgt	r1, r0
 87c:	bfb8      	it	lt
 87e:	425b      	neglt	r3, r3
 880:	2b19      	cmp	r3, #25
 882:	bf88      	it	hi
 884:	4770      	bxhi	lr
 886:	f010 4f00 	tst.w	r0, #2147483648	; 0x80000000
 88a:	f440 0000 	orr.w	r0, r0, #8388608	; 0x800000
 88e:	f020 407f 	bic.w	r0, r0, #4278190080	; 0xff000000
 892:	bf18      	it	ne
 894:	4240      	negne	r0, r0
 896:	f011 4f00 	tst.w	r1, #2147483648	; 0x80000000
 89a:	f441 0100 	orr.w	r1, r1, #8388608	; 0x800000
 89e:	f021 417f 	bic.w	r1, r1, #4278190080	; 0xff000000
 8a2:	bf18      	it	ne
 8a4:	4249      	negne	r1, r1
 8a6:	ea92 0f03 	teq	r2, r3
 8aa:	d03f      	beq.n	92c <__addsf3+0xd8>
 8ac:	f1a2 0201 	sub.w	r2, r2, #1
 8b0:	fa41 fc03 	asr.w	ip, r1, r3
 8b4:	eb10 000c 	adds.w	r0, r0, ip
 8b8:	f1c3 0320 	rsb	r3, r3, #32
 8bc:	fa01 f103 	lsl.w	r1, r1, r3
 8c0:	f000 4300 	and.w	r3, r0, #2147483648	; 0x80000000
 8c4:	d502      	bpl.n	8cc <__addsf3+0x78>
 8c6:	4249      	negs	r1, r1
 8c8:	eb60 0040 	sbc.w	r0, r0, r0, lsl #1
 8cc:	f5b0 0f00 	cmp.w	r0, #8388608	; 0x800000
 8d0:	d313      	bcc.n	8fa <__addsf3+0xa6>
 8d2:	f1b0 7f80 	cmp.w	r0, #16777216	; 0x1000000
 8d6:	d306      	bcc.n	8e6 <__addsf3+0x92>
 8d8:	0840      	lsrs	r0, r0, #1
 8da:	ea4f 0131 	mov.w	r1, r1, rrx
 8de:	f102 0201 	add.w	r2, r2, #1
 8e2:	2afe      	cmp	r2, #254	; 0xfe
 8e4:	d251      	bcs.n	98a <__addsf3+0x136>
 8e6:	f1b1 4f00 	cmp.w	r1, #2147483648	; 0x80000000
 8ea:	eb40 50c2 	adc.w	r0, r0, r2, lsl #23
 8ee:	bf08      	it	eq
 8f0:	f020 0001 	biceq.w	r0, r0, #1
 8f4:	ea40 0003 	orr.w	r0, r0, r3
 8f8:	4770      	bx	lr
 8fa:	0049      	lsls	r1, r1, #1
 8fc:	eb40 0000 	adc.w	r0, r0, r0
 900:	f410 0f00 	tst.w	r0, #8388608	; 0x800000
 904:	f1a2 0201 	sub.w	r2, r2, #1
 908:	d1ed      	bne.n	8e6 <__addsf3+0x92>
 90a:	fab0 fc80 	clz	ip, r0
 90e:	f1ac 0c08 	sub.w	ip, ip, #8
 912:	ebb2 020c 	subs.w	r2, r2, ip
 916:	fa00 f00c 	lsl.w	r0, r0, ip
 91a:	bfaa      	itet	ge
 91c:	eb00 50c2 	addge.w	r0, r0, r2, lsl #23
 920:	4252      	neglt	r2, r2
 922:	4318      	orrge	r0, r3
 924:	bfbc      	itt	lt
 926:	40d0      	lsrlt	r0, r2
 928:	4318      	orrlt	r0, r3
 92a:	4770      	bx	lr
 92c:	f092 0f00 	teq	r2, #0
 930:	f481 0100 	eor.w	r1, r1, #8388608	; 0x800000
 934:	bf06      	itte	eq
 936:	f480 0000 	eoreq.w	r0, r0, #8388608	; 0x800000
 93a:	3201      	addeq	r2, #1
 93c:	3b01      	subne	r3, #1
 93e:	e7b5      	b.n	8ac <__addsf3+0x58>
 940:	ea4f 0341 	mov.w	r3, r1, lsl #1
 944:	ea7f 6c22 	mvns.w	ip, r2, asr #24
 948:	bf18      	it	ne
 94a:	ea7f 6c23 	mvnsne.w	ip, r3, asr #24
 94e:	d021      	beq.n	994 <__addsf3+0x140>
 950:	ea92 0f03 	teq	r2, r3
 954:	d004      	beq.n	960 <__addsf3+0x10c>
 956:	f092 0f00 	teq	r2, #0
 95a:	bf08      	it	eq
 95c:	4608      	moveq	r0, r1
 95e:	4770      	bx	lr
 960:	ea90 0f01 	teq	r0, r1
 964:	bf1c      	itt	ne
 966:	2000      	movne	r0, #0
 968:	4770      	bxne	lr
 96a:	f012 4f7f 	tst.w	r2, #4278190080	; 0xff000000
 96e:	d104      	bne.n	97a <__addsf3+0x126>
 970:	0040      	lsls	r0, r0, #1
 972:	bf28      	it	cs
 974:	f040 4000 	orrcs.w	r0, r0, #2147483648	; 0x80000000
 978:	4770      	bx	lr
 97a:	f112 7200 	adds.w	r2, r2, #33554432	; 0x2000000
 97e:	bf3c      	itt	cc
 980:	f500 0000 	addcc.w	r0, r0, #8388608	; 0x800000
 984:	4770      	bxcc	lr
 986:	f000 4300 	and.w	r3, r0, #2147483648	; 0x80000000
 98a:	f043 40fe 	orr.w	r0, r3, #2130706432	; 0x7f000000
 98e:	f440 0000 	orr.w	r0, r0, #8388608	; 0x800000
 992:	4770      	bx	lr
 994:	ea7f 6222 	mvns.w	r2, r2, asr #24
 998:	bf16      	itet	ne
 99a:	4608      	movne	r0, r1
 99c:	ea7f 6323 	mvnseq.w	r3, r3, asr #24
 9a0:	4601      	movne	r1, r0
 9a2:	0242      	lsls	r2, r0, #9
 9a4:	bf06      	itte	eq
 9a6:	ea5f 2341 	movseq.w	r3, r1, lsl #9
 9aa:	ea90 0f01 	teqeq	r0, r1
 9ae:	f440 0080 	orrne.w	r0, r0, #4194304	; 0x400000
 9b2:	4770      	bx	lr

000009b4 <__aeabi_ui2f>:
 9b4:	f04f 0300 	mov.w	r3, #0
 9b8:	e004      	b.n	9c4 <__aeabi_i2f+0x8>
 9ba:	bf00      	nop

000009bc <__aeabi_i2f>:
 9bc:	f010 4300 	ands.w	r3, r0, #2147483648	; 0x80000000
 9c0:	bf48      	it	mi
 9c2:	4240      	negmi	r0, r0
 9c4:	ea5f 0c00 	movs.w	ip, r0
 9c8:	bf08      	it	eq
 9ca:	4770      	bxeq	lr
 9cc:	f043 4396 	orr.w	r3, r3, #1258291200	; 0x4b000000
 9d0:	4601      	mov	r1, r0
 9d2:	f04f 0000 	mov.w	r0, #0
 9d6:	e01c      	b.n	a12 <__aeabi_l2f+0x2a>

000009d8 <__aeabi_ul2f>:
 9d8:	ea50 0201 	orrs.w	r2, r0, r1
 9dc:	bf08      	it	eq
 9de:	4770      	bxeq	lr
 9e0:	f04f 0300 	mov.w	r3, #0
 9e4:	e00a      	b.n	9fc <__aeabi_l2f+0x14>
 9e6:	bf00      	nop

000009e8 <__aeabi_l2f>:
 9e8:	ea50 0201 	orrs.w	r2, r0, r1
 9ec:	bf08      	it	eq
 9ee:	4770      	bxeq	lr
 9f0:	f011 4300 	ands.w	r3, r1, #2147483648	; 0x80000000
 9f4:	d502      	bpl.n	9fc <__aeabi_l2f+0x14>
 9f6:	4240      	negs	r0, r0
 9f8:	eb61 0141 	sbc.w	r1, r1, r1, lsl #1
 9fc:	ea5f 0c01 	movs.w	ip, r1
 a00:	bf02      	ittt	eq
 a02:	4684      	moveq	ip, r0
 a04:	4601      	moveq	r1, r0
 a06:	2000      	moveq	r0, #0
 a08:	f043 43b6 	orr.w	r3, r3, #1526726656	; 0x5b000000
 a0c:	bf08      	it	eq
 a0e:	f1a3 5380 	subeq.w	r3, r3, #268435456	; 0x10000000
 a12:	f5a3 0300 	sub.w	r3, r3, #8388608	; 0x800000
 a16:	fabc f28c 	clz	r2, ip
 a1a:	3a08      	subs	r2, #8
 a1c:	eba3 53c2 	sub.w	r3, r3, r2, lsl #23
 a20:	db10      	blt.n	a44 <__aeabi_l2f+0x5c>
 a22:	fa01 fc02 	lsl.w	ip, r1, r2
 a26:	4463      	add	r3, ip
 a28:	fa00 fc02 	lsl.w	ip, r0, r2
 a2c:	f1c2 0220 	rsb	r2, r2, #32
 a30:	f1bc 4f00 	cmp.w	ip, #2147483648	; 0x80000000
 a34:	fa20 f202 	lsr.w	r2, r0, r2
 a38:	eb43 0002 	adc.w	r0, r3, r2
 a3c:	bf08      	it	eq
 a3e:	f020 0001 	biceq.w	r0, r0, #1
 a42:	4770      	bx	lr
 a44:	f102 0220 	add.w	r2, r2, #32
 a48:	fa01 fc02 	lsl.w	ip, r1, r2
 a4c:	f1c2 0220 	rsb	r2, r2, #32
 a50:	ea50 004c 	orrs.w	r0, r0, ip, lsl #1
 a54:	fa21 f202 	lsr.w	r2, r1, r2
 a58:	eb43 0002 	adc.w	r0, r3, r2
 a5c:	bf08      	it	eq
 a5e:	ea20 70dc 	biceq.w	r0, r0, ip, lsr #31
 a62:	4770      	bx	lr

00000a64 <__aeabi_fmul>:
 a64:	f04f 0cff 	mov.w	ip, #255	; 0xff
 a68:	ea1c 52d0 	ands.w	r2, ip, r0, lsr #23
 a6c:	bf1e      	ittt	ne
 a6e:	ea1c 53d1 	andsne.w	r3, ip, r1, lsr #23
 a72:	ea92 0f0c 	teqne	r2, ip
 a76:	ea93 0f0c 	teqne	r3, ip
 a7a:	d06f      	beq.n	b5c <__aeabi_fmul+0xf8>
 a7c:	441a      	add	r2, r3
 a7e:	ea80 0c01 	eor.w	ip, r0, r1
 a82:	0240      	lsls	r0, r0, #9
 a84:	bf18      	it	ne
 a86:	ea5f 2141 	movsne.w	r1, r1, lsl #9
 a8a:	d01e      	beq.n	aca <__aeabi_fmul+0x66>
 a8c:	f04f 6300 	mov.w	r3, #134217728	; 0x8000000
 a90:	ea43 1050 	orr.w	r0, r3, r0, lsr #5
 a94:	ea43 1151 	orr.w	r1, r3, r1, lsr #5
 a98:	fba0 3101 	umull	r3, r1, r0, r1
 a9c:	f00c 4000 	and.w	r0, ip, #2147483648	; 0x80000000
 aa0:	f5b1 0f00 	cmp.w	r1, #8388608	; 0x800000
 aa4:	bf3e      	ittt	cc
 aa6:	0049      	lslcc	r1, r1, #1
 aa8:	ea41 71d3 	orrcc.w	r1, r1, r3, lsr #31
 aac:	005b      	lslcc	r3, r3, #1
 aae:	ea40 0001 	orr.w	r0, r0, r1
 ab2:	f162 027f 	sbc.w	r2, r2, #127	; 0x7f
 ab6:	2afd      	cmp	r2, #253	; 0xfd
 ab8:	d81d      	bhi.n	af6 <__aeabi_fmul+0x92>
 aba:	f1b3 4f00 	cmp.w	r3, #2147483648	; 0x80000000
 abe:	eb40 50c2 	adc.w	r0, r0, r2, lsl #23
 ac2:	bf08      	it	eq
 ac4:	f020 0001 	biceq.w	r0, r0, #1
 ac8:	4770      	bx	lr
 aca:	f090 0f00 	teq	r0, #0
 ace:	f00c 4c00 	and.w	ip, ip, #2147483648	; 0x80000000
 ad2:	bf08      	it	eq
 ad4:	0249      	lsleq	r1, r1, #9
 ad6:	ea4c 2050 	orr.w	r0, ip, r0, lsr #9
 ada:	ea40 2051 	orr.w	r0, r0, r1, lsr #9
 ade:	3a7f      	subs	r2, #127	; 0x7f
 ae0:	bfc2      	ittt	gt
 ae2:	f1d2 03ff 	rsbsgt	r3, r2, #255	; 0xff
 ae6:	ea40 50c2 	orrgt.w	r0, r0, r2, lsl #23
 aea:	4770      	bxgt	lr
 aec:	f440 0000 	orr.w	r0, r0, #8388608	; 0x800000
 af0:	f04f 0300 	mov.w	r3, #0
 af4:	3a01      	subs	r2, #1
 af6:	dc5d      	bgt.n	bb4 <__aeabi_fmul+0x150>
 af8:	f112 0f19 	cmn.w	r2, #25
 afc:	bfdc      	itt	le
 afe:	f000 4000 	andle.w	r0, r0, #2147483648	; 0x80000000
 b02:	4770      	bxle	lr
 b04:	f1c2 0200 	rsb	r2, r2, #0
 b08:	0041      	lsls	r1, r0, #1
 b0a:	fa21 f102 	lsr.w	r1, r1, r2
 b0e:	f1c2 0220 	rsb	r2, r2, #32
 b12:	fa00 fc02 	lsl.w	ip, r0, r2
 b16:	ea5f 0031 	movs.w	r0, r1, rrx
 b1a:	f140 0000 	adc.w	r0, r0, #0
 b1e:	ea53 034c 	orrs.w	r3, r3, ip, lsl #1
 b22:	bf08      	it	eq
 b24:	ea20 70dc 	biceq.w	r0, r0, ip, lsr #31
 b28:	4770      	bx	lr
 b2a:	f092 0f00 	teq	r2, #0
 b2e:	f000 4c00 	and.w	ip, r0, #2147483648	; 0x80000000
 b32:	bf02      	ittt	eq
 b34:	0040      	lsleq	r0, r0, #1
 b36:	f410 0f00 	tsteq.w	r0, #8388608	; 0x800000
 b3a:	3a01      	subeq	r2, #1
 b3c:	d0f9      	beq.n	b32 <__aeabi_fmul+0xce>
 b3e:	ea40 000c 	orr.w	r0, r0, ip
 b42:	f093 0f00 	teq	r3, #0
 b46:	f001 4c00 	and.w	ip, r1, #2147483648	; 0x80000000
 b4a:	bf02      	ittt	eq
 b4c:	0049      	lsleq	r1, r1, #1
 b4e:	f411 0f00 	tsteq.w	r1, #8388608	; 0x800000
 b52:	3b01      	subeq	r3, #1
 b54:	d0f9      	beq.n	b4a <__aeabi_fmul+0xe6>
 b56:	ea41 010c 	orr.w	r1, r1, ip
 b5a:	e78f      	b.n	a7c <__aeabi_fmul+0x18>
 b5c:	ea0c 53d1 	and.w	r3, ip, r1, lsr #23
 b60:	ea92 0f0c 	teq	r2, ip
 b64:	bf18      	it	ne
 b66:	ea93 0f0c 	teqne	r3, ip
 b6a:	d00a      	beq.n	b82 <__aeabi_fmul+0x11e>
 b6c:	f030 4c00 	bics.w	ip, r0, #2147483648	; 0x80000000
 b70:	bf18      	it	ne
 b72:	f031 4c00 	bicsne.w	ip, r1, #2147483648	; 0x80000000
 b76:	d1d8      	bne.n	b2a <__aeabi_fmul+0xc6>
 b78:	ea80 0001 	eor.w	r0, r0, r1
 b7c:	f000 4000 	and.w	r0, r0, #2147483648	; 0x80000000
 b80:	4770      	bx	lr
 b82:	f090 0f00 	teq	r0, #0
 b86:	bf17      	itett	ne
 b88:	f090 4f00 	teqne	r0, #2147483648	; 0x80000000
 b8c:	4608      	moveq	r0, r1
 b8e:	f091 0f00 	teqne	r1, #0
 b92:	f091 4f00 	teqne	r1, #2147483648	; 0x80000000
 b96:	d014      	beq.n	bc2 <__aeabi_fmul+0x15e>
 b98:	ea92 0f0c 	teq	r2, ip
 b9c:	d101      	bne.n	ba2 <__aeabi_fmul+0x13e>
 b9e:	0242      	lsls	r2, r0, #9
 ba0:	d10f      	bne.n	bc2 <__aeabi_fmul+0x15e>
 ba2:	ea93 0f0c 	teq	r3, ip
 ba6:	d103      	bne.n	bb0 <__aeabi_fmul+0x14c>
 ba8:	024b      	lsls	r3, r1, #9
 baa:	bf18      	it	ne
 bac:	4608      	movne	r0, r1
 bae:	d108      	bne.n	bc2 <__aeabi_fmul+0x15e>
 bb0:	ea80 0001 	eor.w	r0, r0, r1
 bb4:	f000 4000 	and.w	r0, r0, #2147483648	; 0x80000000
 bb8:	f040 40fe 	orr.w	r0, r0, #2130706432	; 0x7f000000
 bbc:	f440 0000 	orr.w	r0, r0, #8388608	; 0x800000
 bc0:	4770      	bx	lr
 bc2:	f040 40fe 	orr.w	r0, r0, #2130706432	; 0x7f000000
 bc6:	f440 0040 	orr.w	r0, r0, #12582912	; 0xc00000
 bca:	4770      	bx	lr

00000bcc <__aeabi_fdiv>:
 bcc:	f04f 0cff 	mov.w	ip, #255	; 0xff
 bd0:	ea1c 52d0 	ands.w	r2, ip, r0, lsr #23
 bd4:	bf1e      	ittt	ne
 bd6:	ea1c 53d1 	andsne.w	r3, ip, r1, lsr #23
 bda:	ea92 0f0c 	teqne	r2, ip
 bde:	ea93 0f0c 	teqne	r3, ip
 be2:	d069      	beq.n	cb8 <__aeabi_fdiv+0xec>
 be4:	eba2 0203 	sub.w	r2, r2, r3
 be8:	ea80 0c01 	eor.w	ip, r0, r1
 bec:	0249      	lsls	r1, r1, #9
 bee:	ea4f 2040 	mov.w	r0, r0, lsl #9
 bf2:	d037      	beq.n	c64 <__aeabi_fdiv+0x98>
 bf4:	f04f 5380 	mov.w	r3, #268435456	; 0x10000000
 bf8:	ea43 1111 	orr.w	r1, r3, r1, lsr #4
 bfc:	ea43 1310 	orr.w	r3, r3, r0, lsr #4
 c00:	f00c 4000 	and.w	r0, ip, #2147483648	; 0x80000000
 c04:	428b      	cmp	r3, r1
 c06:	bf38      	it	cc
 c08:	005b      	lslcc	r3, r3, #1
 c0a:	f142 027d 	adc.w	r2, r2, #125	; 0x7d
 c0e:	f44f 0c00 	mov.w	ip, #8388608	; 0x800000
 c12:	428b      	cmp	r3, r1
 c14:	bf24      	itt	cs
 c16:	1a5b      	subcs	r3, r3, r1
 c18:	ea40 000c 	orrcs.w	r0, r0, ip
 c1c:	ebb3 0f51 	cmp.w	r3, r1, lsr #1
 c20:	bf24      	itt	cs
 c22:	eba3 0351 	subcs.w	r3, r3, r1, lsr #1
 c26:	ea40 005c 	orrcs.w	r0, r0, ip, lsr #1
 c2a:	ebb3 0f91 	cmp.w	r3, r1, lsr #2
 c2e:	bf24      	itt	cs
 c30:	eba3 0391 	subcs.w	r3, r3, r1, lsr #2
 c34:	ea40 009c 	orrcs.w	r0, r0, ip, lsr #2
 c38:	ebb3 0fd1 	cmp.w	r3, r1, lsr #3
 c3c:	bf24      	itt	cs
 c3e:	eba3 03d1 	subcs.w	r3, r3, r1, lsr #3
 c42:	ea40 00dc 	orrcs.w	r0, r0, ip, lsr #3
 c46:	011b      	lsls	r3, r3, #4
 c48:	bf18      	it	ne
 c4a:	ea5f 1c1c 	movsne.w	ip, ip, lsr #4
 c4e:	d1e0      	bne.n	c12 <__aeabi_fdiv+0x46>
 c50:	2afd      	cmp	r2, #253	; 0xfd
 c52:	f63f af50 	bhi.w	af6 <__aeabi_fmul+0x92>
 c56:	428b      	cmp	r3, r1
 c58:	eb40 50c2 	adc.w	r0, r0, r2, lsl #23
 c5c:	bf08      	it	eq
 c5e:	f020 0001 	biceq.w	r0, r0, #1
 c62:	4770      	bx	lr
 c64:	f00c 4c00 	and.w	ip, ip, #2147483648	; 0x80000000
 c68:	ea4c 2050 	orr.w	r0, ip, r0, lsr #9
 c6c:	327f      	adds	r2, #127	; 0x7f
 c6e:	bfc2      	ittt	gt
 c70:	f1d2 03ff 	rsbsgt	r3, r2, #255	; 0xff
 c74:	ea40 50c2 	orrgt.w	r0, r0, r2, lsl #23
 c78:	4770      	bxgt	lr
 c7a:	f440 0000 	orr.w	r0, r0, #8388608	; 0x800000
 c7e:	f04f 0300 	mov.w	r3, #0
 c82:	3a01      	subs	r2, #1
 c84:	e737      	b.n	af6 <__aeabi_fmul+0x92>
 c86:	f092 0f00 	teq	r2, #0
 c8a:	f000 4c00 	and.w	ip, r0, #2147483648	; 0x80000000
 c8e:	bf02      	ittt	eq
 c90:	0040      	lsleq	r0, r0, #1
 c92:	f410 0f00 	tsteq.w	r0, #8388608	; 0x800000
 c96:	3a01      	subeq	r2, #1
 c98:	d0f9      	beq.n	c8e <__aeabi_fdiv+0xc2>
 c9a:	ea40 000c 	orr.w	r0, r0, ip
 c9e:	f093 0f00 	teq	r3, #0
 ca2:	f001 4c00 	and.w	ip, r1, #2147483648	; 0x80000000
 ca6:	bf02      	ittt	eq
 ca8:	0049      	lsleq	r1, r1, #1
 caa:	f411 0f00 	tsteq.w	r1, #8388608	; 0x800000
 cae:	3b01      	subeq	r3, #1
 cb0:	d0f9      	beq.n	ca6 <__aeabi_fdiv+0xda>
 cb2:	ea41 010c 	orr.w	r1, r1, ip
 cb6:	e795      	b.n	be4 <__aeabi_fdiv+0x18>
 cb8:	ea0c 53d1 	and.w	r3, ip, r1, lsr #23
 cbc:	ea92 0f0c 	teq	r2, ip
 cc0:	d108      	bne.n	cd4 <__aeabi_fdiv+0x108>
 cc2:	0242      	lsls	r2, r0, #9
 cc4:	f47f af7d 	bne.w	bc2 <__aeabi_fmul+0x15e>
 cc8:	ea93 0f0c 	teq	r3, ip
 ccc:	f47f af70 	bne.w	bb0 <__aeabi_fmul+0x14c>
 cd0:	4608      	mov	r0, r1
 cd2:	e776      	b.n	bc2 <__aeabi_fmul+0x15e>
 cd4:	ea93 0f0c 	teq	r3, ip
 cd8:	d104      	bne.n	ce4 <__aeabi_fdiv+0x118>
 cda:	024b      	lsls	r3, r1, #9
 cdc:	f43f af4c 	beq.w	b78 <__aeabi_fmul+0x114>
 ce0:	4608      	mov	r0, r1
 ce2:	e76e      	b.n	bc2 <__aeabi_fmul+0x15e>
 ce4:	f030 4c00 	bics.w	ip, r0, #2147483648	; 0x80000000
 ce8:	bf18      	it	ne
 cea:	f031 4c00 	bicsne.w	ip, r1, #2147483648	; 0x80000000
 cee:	d1ca      	bne.n	c86 <__aeabi_fdiv+0xba>
 cf0:	f030 4200 	bics.w	r2, r0, #2147483648	; 0x80000000
 cf4:	f47f af5c 	bne.w	bb0 <__aeabi_fmul+0x14c>
 cf8:	f031 4300 	bics.w	r3, r1, #2147483648	; 0x80000000
 cfc:	f47f af3c 	bne.w	b78 <__aeabi_fmul+0x114>
 d00:	e75f      	b.n	bc2 <__aeabi_fmul+0x15e>
 d02:	bf00      	nop

00000d04 <__aeabi_f2uiz>:
 d04:	0042      	lsls	r2, r0, #1
 d06:	d20e      	bcs.n	d26 <__aeabi_f2uiz+0x22>
 d08:	f1b2 4ffe 	cmp.w	r2, #2130706432	; 0x7f000000
 d0c:	d30b      	bcc.n	d26 <__aeabi_f2uiz+0x22>
 d0e:	f04f 039e 	mov.w	r3, #158	; 0x9e
 d12:	ebb3 6212 	subs.w	r2, r3, r2, lsr #24
 d16:	d409      	bmi.n	d2c <__aeabi_f2uiz+0x28>
 d18:	ea4f 2300 	mov.w	r3, r0, lsl #8
 d1c:	f043 4300 	orr.w	r3, r3, #2147483648	; 0x80000000
 d20:	fa23 f002 	lsr.w	r0, r3, r2
 d24:	4770      	bx	lr
 d26:	f04f 0000 	mov.w	r0, #0
 d2a:	4770      	bx	lr
 d2c:	f112 0f61 	cmn.w	r2, #97	; 0x61
 d30:	d101      	bne.n	d36 <__aeabi_f2uiz+0x32>
 d32:	0242      	lsls	r2, r0, #9
 d34:	d102      	bne.n	d3c <__aeabi_f2uiz+0x38>
 d36:	f04f 30ff 	mov.w	r0, #4294967295	; 0xffffffff
 d3a:	4770      	bx	lr
 d3c:	f04f 0000 	mov.w	r0, #0
 d40:	4770      	bx	lr
 d42:	bf00      	nop
 d44:	00000004 	andeq	r0, r0, r4
 d48:	00000001 	andeq	r0, r0, r1
 d4c:	00000002 	andeq	r0, r0, r2
 d50:	00000008 	andeq	r0, r0, r8

Disassembly of section .bss:

10000000 <_bss>:
10000000:	00000000 	andeq	r0, r0, r0

10000004 <__STACK_LIMIT>:
10000004:	00000000 	andeq	r0, r0, r0

Disassembly of section .ARM.attributes:

00000000 <.ARM.attributes>:
   0:	00002c41 	andeq	r2, r0, r1, asr #24
   4:	61656100 	cmnvs	r5, r0, lsl #2
   8:	01006962 	tsteq	r0, r2, ror #18
   c:	00000022 	andeq	r0, r0, r2, lsr #32
  10:	524f4305 	subpl	r4, pc, #335544320	; 0x14000000
  14:	2d584554 	cfldr64cs	mvdx4, [r8, #-336]	; 0xfffffeb0
  18:	0600334d 	streq	r3, [r0], -sp, asr #6
  1c:	094d070a 	stmdbeq	sp, {r1, r3, r8, r9, sl}^
  20:	14011102 	strne	r1, [r1], #-258	; 0x102
  24:	17011501 	strne	r1, [r1, -r1, lsl #10]
  28:	19011803 	stmdbne	r1, {r0, r1, fp, ip}
  2c:	Address 0x000000000000002c is out of bounds.

