
/home/travis/build/hackndev/zinc/build/app_blink.elf:     file format elf32-littlearm


Disassembly of section .text:

00000000 <ISRVectors>:
   0:	10002000 	andne	r2, r0, r0
   4:	000000cd 	andeq	r0, r0, sp, asr #1
   8:	00000265 	andeq	r0, r0, r5, ror #4
   c:	00000265 	andeq	r0, r0, r5, ror #4
  10:	00000265 	andeq	r0, r0, r5, ror #4
  14:	00000265 	andeq	r0, r0, r5, ror #4
  18:	00000265 	andeq	r0, r0, r5, ror #4
  1c:	efffda69 	svc	0x00ffda69
	...
  2c:	00000265 	andeq	r0, r0, r5, ror #4
	...
  38:	00000265 	andeq	r0, r0, r5, ror #4
  3c:	00000265 	andeq	r0, r0, r5, ror #4

00000040 <NVICVectors>:
  40:	00000265 	andeq	r0, r0, r5, ror #4
  44:	00000265 	andeq	r0, r0, r5, ror #4
  48:	00000265 	andeq	r0, r0, r5, ror #4
  4c:	00000265 	andeq	r0, r0, r5, ror #4
  50:	00000265 	andeq	r0, r0, r5, ror #4
  54:	00000265 	andeq	r0, r0, r5, ror #4
  58:	00000265 	andeq	r0, r0, r5, ror #4
  5c:	00000265 	andeq	r0, r0, r5, ror #4
  60:	00000265 	andeq	r0, r0, r5, ror #4
  64:	00000265 	andeq	r0, r0, r5, ror #4
  68:	00000265 	andeq	r0, r0, r5, ror #4
  6c:	00000265 	andeq	r0, r0, r5, ror #4
  70:	00000265 	andeq	r0, r0, r5, ror #4
  74:	00000265 	andeq	r0, r0, r5, ror #4
  78:	00000265 	andeq	r0, r0, r5, ror #4
  7c:	00000265 	andeq	r0, r0, r5, ror #4
  80:	00000265 	andeq	r0, r0, r5, ror #4
  84:	00000265 	andeq	r0, r0, r5, ror #4
  88:	00000265 	andeq	r0, r0, r5, ror #4
  8c:	00000265 	andeq	r0, r0, r5, ror #4
  90:	00000265 	andeq	r0, r0, r5, ror #4
  94:	00000265 	andeq	r0, r0, r5, ror #4
  98:	00000265 	andeq	r0, r0, r5, ror #4
  9c:	00000265 	andeq	r0, r0, r5, ror #4
  a0:	00000265 	andeq	r0, r0, r5, ror #4
  a4:	00000265 	andeq	r0, r0, r5, ror #4
  a8:	00000265 	andeq	r0, r0, r5, ror #4
  ac:	00000265 	andeq	r0, r0, r5, ror #4
  b0:	00000265 	andeq	r0, r0, r5, ror #4
  b4:	00000265 	andeq	r0, r0, r5, ror #4
  b8:	00000265 	andeq	r0, r0, r5, ror #4
  bc:	00000265 	andeq	r0, r0, r5, ror #4
  c0:	00000265 	andeq	r0, r0, r5, ror #4
  c4:	00000265 	andeq	r0, r0, r5, ror #4
  c8:	00000265 	andeq	r0, r0, r5, ror #4

000000cc <main>:
  cc:	e92d 4830 	stmdb	sp!, {r4, r5, fp, lr}
  d0:	f240 0004 	movw	r0, #4
  d4:	f240 0108 	movw	r1, #8
  d8:	f2c1 0000 	movt	r0, #4096	; 0x1000
  dc:	f2c1 0100 	movt	r1, #4096	; 0x1000
  e0:	6001      	str	r1, [r0, #0]
  e2:	f240 0000 	movw	r0, #0
  e6:	f240 0100 	movw	r1, #0
  ea:	f2c1 0000 	movt	r0, #4096	; 0x1000
  ee:	f2c1 0100 	movt	r1, #4096	; 0x1000
  f2:	4288      	cmp	r0, r1
  f4:	d209      	bcs.n	10a <main+0x3e>
  f6:	f240 2280 	movw	r2, #640	; 0x280
  fa:	f2c0 0200 	movt	r2, #0
  fe:	f852 3b04 	ldr.w	r3, [r2], #4
 102:	f840 3b04 	str.w	r3, [r0], #4
 106:	4288      	cmp	r0, r1
 108:	d3f9      	bcc.n	fe <main+0x32>
 10a:	f240 0000 	movw	r0, #0
 10e:	f240 0100 	movw	r1, #0
 112:	f2c1 0000 	movt	r0, #4096	; 0x1000
 116:	f2c1 0100 	movt	r1, #4096	; 0x1000
 11a:	4288      	cmp	r0, r1
 11c:	d204      	bcs.n	128 <main+0x5c>
 11e:	2200      	movs	r2, #0
 120:	f840 2b04 	str.w	r2, [r0], #4
 124:	4288      	cmp	r0, r1
 126:	d3fb      	bcc.n	120 <main+0x54>
 128:	f24c 10a0 	movw	r0, #49568	; 0xc1a0
 12c:	2120      	movs	r1, #32
 12e:	f2c4 000f 	movt	r0, #16399	; 0x400f
 132:	6001      	str	r1, [r0, #0]
 134:	6801      	ldr	r1, [r0, #0]
 136:	f011 0f40 	tst.w	r1, #64	; 0x40
 13a:	d0fb      	beq.n	134 <main+0x68>
 13c:	f24c 0000 	movw	r0, #49152	; 0xc000
 140:	f44f 4180 	mov.w	r1, #16384	; 0x4000
 144:	2231      	movs	r2, #49	; 0x31
 146:	23aa      	movs	r3, #170	; 0xaa
 148:	2455      	movs	r4, #85	; 0x55
 14a:	f2c4 000f 	movt	r0, #16399	; 0x400f
 14e:	f2c0 0202 	movt	r2, #2
 152:	6001      	str	r1, [r0, #0]
 154:	f24c 100c 	movw	r0, #49420	; 0xc10c
 158:	2101      	movs	r1, #1
 15a:	f2c4 000f 	movt	r0, #16399	; 0x400f
 15e:	6001      	str	r1, [r0, #0]
 160:	f24c 0084 	movw	r0, #49284	; 0xc084
 164:	f2c4 000f 	movt	r0, #16399	; 0x400f
 168:	6002      	str	r2, [r0, #0]
 16a:	f24c 008c 	movw	r0, #49292	; 0xc08c
 16e:	f24c 0280 	movw	r2, #49280	; 0xc080
 172:	f2c4 000f 	movt	r0, #16399	; 0x400f
 176:	f2c4 020f 	movt	r2, #16399	; 0x400f
 17a:	6003      	str	r3, [r0, #0]
 17c:	6004      	str	r4, [r0, #0]
 17e:	6011      	str	r1, [r2, #0]
 180:	f24c 0188 	movw	r1, #49288	; 0xc088
 184:	6003      	str	r3, [r0, #0]
 186:	6004      	str	r4, [r0, #0]
 188:	f2c4 010f 	movt	r1, #16399	; 0x400f
 18c:	680b      	ldr	r3, [r1, #0]
 18e:	f013 7f80 	tst.w	r3, #16777216	; 0x1000000
 192:	d0fb      	beq.n	18c <main+0xc0>
 194:	f24c 1304 	movw	r3, #49412	; 0xc104
 198:	2403      	movs	r4, #3
 19a:	f2c4 030f 	movt	r3, #16399	; 0x400f
 19e:	601c      	str	r4, [r3, #0]
 1a0:	680b      	ldr	r3, [r1, #0]
 1a2:	f013 6f80 	tst.w	r3, #67108864	; 0x4000000
 1a6:	d0fb      	beq.n	1a0 <main+0xd4>
 1a8:	2303      	movs	r3, #3
 1aa:	6013      	str	r3, [r2, #0]
 1ac:	22aa      	movs	r2, #170	; 0xaa
 1ae:	6002      	str	r2, [r0, #0]
 1b0:	2255      	movs	r2, #85	; 0x55
 1b2:	6002      	str	r2, [r0, #0]
 1b4:	6808      	ldr	r0, [r1, #0]
 1b6:	f010 7f00 	tst.w	r0, #33554432	; 0x2000000
 1ba:	d0fb      	beq.n	1b4 <main+0xe8>
 1bc:	f24c 00c4 	movw	r0, #49348	; 0xc0c4
 1c0:	f24c 020c 	movw	r2, #49164	; 0xc00c
 1c4:	f44f 2c80 	mov.w	ip, #262144	; 0x40000
 1c8:	f44f 1e80 	mov.w	lr, #1048576	; 0x100000
 1cc:	f2c4 000f 	movt	r0, #16399	; 0x400f
 1d0:	f2c4 0202 	movt	r2, #16386	; 0x4002
 1d4:	6801      	ldr	r1, [r0, #0]
 1d6:	f041 0104 	orr.w	r1, r1, #4
 1da:	6001      	str	r1, [r0, #0]
 1dc:	f24c 10a8 	movw	r0, #49576	; 0xc1a8
 1e0:	f2c4 000f 	movt	r0, #16399	; 0x400f
 1e4:	6801      	ldr	r1, [r0, #0]
 1e6:	f021 010c 	bic.w	r1, r1, #12
 1ea:	6001      	str	r1, [r0, #0]
 1ec:	f248 0000 	movw	r0, #32768	; 0x8000
 1f0:	2100      	movs	r1, #0
 1f2:	f2c4 0000 	movt	r0, #16384	; 0x4000
 1f6:	6381      	str	r1, [r0, #56]	; 0x38
 1f8:	2102      	movs	r1, #2
 1fa:	6041      	str	r1, [r0, #4]
 1fc:	2118      	movs	r1, #24
 1fe:	60c1      	str	r1, [r0, #12]
 200:	2101      	movs	r1, #1
 202:	6041      	str	r1, [r0, #4]
 204:	6811      	ldr	r1, [r2, #0]
 206:	f421 7140 	bic.w	r1, r1, #768	; 0x300
 20a:	6011      	str	r1, [r2, #0]
 20c:	f24c 0120 	movw	r1, #49184	; 0xc020
 210:	f2c2 0109 	movt	r1, #8201	; 0x2009
 214:	680b      	ldr	r3, [r1, #0]
 216:	f443 1380 	orr.w	r3, r3, #1048576	; 0x100000
 21a:	600b      	str	r3, [r1, #0]
 21c:	6813      	ldr	r3, [r2, #0]
 21e:	f023 0330 	bic.w	r3, r3, #48	; 0x30
 222:	6013      	str	r3, [r2, #0]
 224:	f244 233f 	movw	r3, #16959	; 0x423f
 228:	680a      	ldr	r2, [r1, #0]
 22a:	f2c0 030f 	movt	r3, #15
 22e:	f442 2280 	orr.w	r2, r2, #262144	; 0x40000
 232:	600a      	str	r2, [r1, #0]
 234:	f244 2240 	movw	r2, #16960	; 0x4240
 238:	f2c0 020f 	movt	r2, #15
 23c:	f8c1 c018 	str.w	ip, [r1, #24]
 240:	f8c1 e01c 	str.w	lr, [r1, #28]
 244:	6884      	ldr	r4, [r0, #8]
 246:	6885      	ldr	r5, [r0, #8]
 248:	1b2d      	subs	r5, r5, r4
 24a:	4295      	cmp	r5, r2
 24c:	d3fb      	bcc.n	246 <main+0x17a>
 24e:	f8c1 c01c 	str.w	ip, [r1, #28]
 252:	f8c1 e018 	str.w	lr, [r1, #24]
 256:	6884      	ldr	r4, [r0, #8]
 258:	6885      	ldr	r5, [r0, #8]
 25a:	1b2d      	subs	r5, r5, r4
 25c:	429d      	cmp	r5, r3
 25e:	d9fb      	bls.n	258 <main+0x18c>
 260:	e7ec      	b.n	23c <main+0x170>
	...

00000264 <isr_adc>:
 264:	f3ef 8009 	mrs	r0, PSP
 268:	f3ef 8108 	mrs	r1, MSP
 26c:	6982      	ldr	r2, [r0, #24]
 26e:	698b      	ldr	r3, [r1, #24]
 270:	be00      	bkpt	0x0000
 272:	4770      	bx	lr

00000274 <abort>:
 274:	be00      	bkpt	0x0000
 276:	e7fe      	b.n	276 <abort+0x2>

00000278 <__aeabi_unwind_cpp_pr0>:
 278:	e92d 4800 	stmdb	sp!, {fp, lr}
 27c:	f7ff fffa 	bl	274 <abort>

Disassembly of section .bss:

10000000 <_bss>:
10000000:	00000000 	andeq	r0, r0, r0

10000004 <__STACK_LIMIT>:
10000004:	00000000 	andeq	r0, r0, r0

Disassembly of section .ARM.attributes:

00000000 <.ARM.attributes>:
   0:	00002c41 	andeq	r2, r0, r1, asr #24
   4:	61656100 	cmnvs	r5, r0, lsl #2
   8:	01006962 	tsteq	r0, r2, ror #18
   c:	00000022 	andeq	r0, r0, r2, lsr #32
  10:	524f4305 	subpl	r4, pc, #335544320	; 0x14000000
  14:	2d584554 	cfldr64cs	mvdx4, [r8, #-336]	; 0xfffffeb0
  18:	0600334d 	streq	r3, [r0], -sp, asr #6
  1c:	094d070a 	stmdbeq	sp, {r1, r3, r8, r9, sl}^
  20:	14011102 	strne	r1, [r1], #-258	; 0x102
  24:	17011501 	strne	r1, [r1, -r1, lsl #10]
  28:	19011803 	stmdbne	r1, {r0, r1, fp, ip}
  2c:	Address 0x000000000000002c is out of bounds.

