
/home/travis/build/hackndev/zinc/build/app_sched.elf:     file format elf32-littlearm


Disassembly of section .data:

10000000 <_data>:
	...

Disassembly of section .text:

00000000 <ISRVectors>:
   0:	10002000 	andne	r2, r0, r0
   4:	000000cd 	andeq	r0, r0, sp, asr #1
   8:	00000ad1 	ldrdeq	r0, [r0], -r1
   c:	00000ad1 	ldrdeq	r0, [r0], -r1
  10:	00000ad1 	ldrdeq	r0, [r0], -r1
  14:	00000ad1 	ldrdeq	r0, [r0], -r1
  18:	00000ad1 	ldrdeq	r0, [r0], -r1
  1c:	efffc991 	svc	0x00ffc991
	...
  2c:	00000b51 	andeq	r0, r0, r1, asr fp
	...
  38:	00000b29 	andeq	r0, r0, r9, lsr #22
  3c:	00000b01 	andeq	r0, r0, r1, lsl #22

00000040 <NVICVectors>:
  40:	00000ad1 	ldrdeq	r0, [r0], -r1
  44:	00000ad1 	ldrdeq	r0, [r0], -r1
  48:	00000ad1 	ldrdeq	r0, [r0], -r1
  4c:	00000ad1 	ldrdeq	r0, [r0], -r1
  50:	00000ad1 	ldrdeq	r0, [r0], -r1
  54:	00000ad1 	ldrdeq	r0, [r0], -r1
  58:	00000ad1 	ldrdeq	r0, [r0], -r1
  5c:	00000ad1 	ldrdeq	r0, [r0], -r1
  60:	00000ad1 	ldrdeq	r0, [r0], -r1
  64:	00000ad1 	ldrdeq	r0, [r0], -r1
  68:	00000ad1 	ldrdeq	r0, [r0], -r1
  6c:	00000ad1 	ldrdeq	r0, [r0], -r1
  70:	00000ad1 	ldrdeq	r0, [r0], -r1
  74:	00000ad1 	ldrdeq	r0, [r0], -r1
  78:	00000ad1 	ldrdeq	r0, [r0], -r1
  7c:	00000ad1 	ldrdeq	r0, [r0], -r1
  80:	00000ad1 	ldrdeq	r0, [r0], -r1
  84:	00000ad1 	ldrdeq	r0, [r0], -r1
  88:	00000ad1 	ldrdeq	r0, [r0], -r1
  8c:	00000ad1 	ldrdeq	r0, [r0], -r1
  90:	00000ad1 	ldrdeq	r0, [r0], -r1
  94:	00000ad1 	ldrdeq	r0, [r0], -r1
  98:	00000ad1 	ldrdeq	r0, [r0], -r1
  9c:	00000ad1 	ldrdeq	r0, [r0], -r1
  a0:	00000ad1 	ldrdeq	r0, [r0], -r1
  a4:	00000ad1 	ldrdeq	r0, [r0], -r1
  a8:	00000ad1 	ldrdeq	r0, [r0], -r1
  ac:	00000ad1 	ldrdeq	r0, [r0], -r1
  b0:	00000ad1 	ldrdeq	r0, [r0], -r1
  b4:	00000ad1 	ldrdeq	r0, [r0], -r1
  b8:	00000ad1 	ldrdeq	r0, [r0], -r1
  bc:	00000ad1 	ldrdeq	r0, [r0], -r1
  c0:	00000ad1 	ldrdeq	r0, [r0], -r1
  c4:	00000ad1 	ldrdeq	r0, [r0], -r1
  c8:	00000ad1 	ldrdeq	r0, [r0], -r1

000000cc <main>:
  cc:	e92d 4ff0 	stmdb	sp!, {r4, r5, r6, r7, r8, r9, sl, fp, lr}
  d0:	b08f      	sub	sp, #60	; 0x3c
  d2:	f240 008c 	movw	r0, #140	; 0x8c
  d6:	f240 0190 	movw	r1, #144	; 0x90
  da:	f2c1 0000 	movt	r0, #4096	; 0x1000
  de:	f2c1 0100 	movt	r1, #4096	; 0x1000
  e2:	6001      	str	r1, [r0, #0]
  e4:	f240 0000 	movw	r0, #0
  e8:	f240 0134 	movw	r1, #52	; 0x34
  ec:	f2c1 0000 	movt	r0, #4096	; 0x1000
  f0:	f2c1 0100 	movt	r1, #4096	; 0x1000
  f4:	4288      	cmp	r0, r1
  f6:	d209      	bcs.n	10c <main+0x40>
  f8:	f640 32e8 	movw	r2, #3048	; 0xbe8
  fc:	f2c0 0200 	movt	r2, #0
 100:	f852 3b04 	ldr.w	r3, [r2], #4
 104:	f840 3b04 	str.w	r3, [r0], #4
 108:	4288      	cmp	r0, r1
 10a:	d3f9      	bcc.n	100 <main+0x34>
 10c:	f240 0040 	movw	r0, #64	; 0x40
 110:	f240 0188 	movw	r1, #136	; 0x88
 114:	f2c1 0000 	movt	r0, #4096	; 0x1000
 118:	f2c1 0100 	movt	r1, #4096	; 0x1000
 11c:	4288      	cmp	r0, r1
 11e:	d204      	bcs.n	12a <main+0x5e>
 120:	2200      	movs	r2, #0
 122:	f840 2b04 	str.w	r2, [r0], #4
 126:	4288      	cmp	r0, r1
 128:	d3fb      	bcc.n	122 <main+0x56>
 12a:	f24c 10a0 	movw	r0, #49568	; 0xc1a0
 12e:	2120      	movs	r1, #32
 130:	f2c4 000f 	movt	r0, #16399	; 0x400f
 134:	6001      	str	r1, [r0, #0]
 136:	6801      	ldr	r1, [r0, #0]
 138:	f011 0f40 	tst.w	r1, #64	; 0x40
 13c:	d0fb      	beq.n	136 <main+0x6a>
 13e:	f24c 0000 	movw	r0, #49152	; 0xc000
 142:	f44f 4180 	mov.w	r1, #16384	; 0x4000
 146:	2231      	movs	r2, #49	; 0x31
 148:	23aa      	movs	r3, #170	; 0xaa
 14a:	2755      	movs	r7, #85	; 0x55
 14c:	f2c4 000f 	movt	r0, #16399	; 0x400f
 150:	f2c0 0202 	movt	r2, #2
 154:	6001      	str	r1, [r0, #0]
 156:	f24c 100c 	movw	r0, #49420	; 0xc10c
 15a:	2101      	movs	r1, #1
 15c:	f2c4 000f 	movt	r0, #16399	; 0x400f
 160:	6001      	str	r1, [r0, #0]
 162:	f24c 0084 	movw	r0, #49284	; 0xc084
 166:	f2c4 000f 	movt	r0, #16399	; 0x400f
 16a:	6002      	str	r2, [r0, #0]
 16c:	f24c 008c 	movw	r0, #49292	; 0xc08c
 170:	f24c 0280 	movw	r2, #49280	; 0xc080
 174:	f2c4 000f 	movt	r0, #16399	; 0x400f
 178:	f2c4 020f 	movt	r2, #16399	; 0x400f
 17c:	6003      	str	r3, [r0, #0]
 17e:	6007      	str	r7, [r0, #0]
 180:	6011      	str	r1, [r2, #0]
 182:	f24c 0188 	movw	r1, #49288	; 0xc088
 186:	6003      	str	r3, [r0, #0]
 188:	6007      	str	r7, [r0, #0]
 18a:	f2c4 010f 	movt	r1, #16399	; 0x400f
 18e:	680b      	ldr	r3, [r1, #0]
 190:	f013 7f80 	tst.w	r3, #16777216	; 0x1000000
 194:	d0fb      	beq.n	18e <main+0xc2>
 196:	f24c 1304 	movw	r3, #49412	; 0xc104
 19a:	2703      	movs	r7, #3
 19c:	f2c4 030f 	movt	r3, #16399	; 0x400f
 1a0:	601f      	str	r7, [r3, #0]
 1a2:	680b      	ldr	r3, [r1, #0]
 1a4:	f013 6f80 	tst.w	r3, #67108864	; 0x4000000
 1a8:	d0fb      	beq.n	1a2 <main+0xd6>
 1aa:	2303      	movs	r3, #3
 1ac:	6013      	str	r3, [r2, #0]
 1ae:	22aa      	movs	r2, #170	; 0xaa
 1b0:	6002      	str	r2, [r0, #0]
 1b2:	2255      	movs	r2, #85	; 0x55
 1b4:	6002      	str	r2, [r0, #0]
 1b6:	6808      	ldr	r0, [r1, #0]
 1b8:	f010 7f00 	tst.w	r0, #33554432	; 0x2000000
 1bc:	d0fb      	beq.n	1b6 <main+0xea>
 1be:	f24c 00c4 	movw	r0, #49348	; 0xc0c4
 1c2:	f2c4 000f 	movt	r0, #16399	; 0x400f
 1c6:	6801      	ldr	r1, [r0, #0]
 1c8:	f041 0108 	orr.w	r1, r1, #8
 1cc:	6001      	str	r1, [r0, #0]
 1ce:	f24c 0100 	movw	r1, #49152	; 0xc000
 1d2:	2080      	movs	r0, #128	; 0x80
 1d4:	f2c4 0100 	movt	r1, #16384	; 0x4000
 1d8:	60c8      	str	r0, [r1, #12]
 1da:	f24c 10a8 	movw	r0, #49576	; 0xc1a8
 1de:	f2c4 000f 	movt	r0, #16399	; 0x400f
 1e2:	6800      	ldr	r0, [r0, #0]
 1e4:	f3c0 00c1 	ubfx	r0, r0, #3, #2
 1e8:	2804      	cmp	r0, #4
 1ea:	f080 80c2 	bcs.w	372 <main+0x2a6>
 1ee:	f640 31d8 	movw	r1, #3032	; 0xbd8
 1f2:	f2c0 0100 	movt	r1, #0
 1f6:	f851 0020 	ldr.w	r0, [r1, r0, lsl #2]
 1fa:	f24e 1100 	movw	r1, #57600	; 0xe100
 1fe:	f2c0 51f5 	movt	r1, #1525	; 0x5f5
 202:	fbb1 f2f0 	udiv	r2, r1, r0
 206:	f24b 30c5 	movw	r0, #46021	; 0xb3c5
 20a:	f2c9 10a2 	movt	r0, #37282	; 0x91a2
 20e:	9201      	str	r2, [sp, #4]
 210:	fba2 0100 	umull	r0, r1, r2, r0
 214:	ea4f 5811 	mov.w	r8, r1, lsr #20
 218:	f44f 10e1 	mov.w	r0, #1843200	; 0x1c2000
 21c:	fb08 2010 	mls	r0, r8, r0, r2
 220:	2800      	cmp	r0, #0
 222:	f000 80a7 	beq.w	374 <main+0x2a8>
 226:	0050      	lsls	r0, r2, #1
 228:	2108      	movs	r1, #8
 22a:	f44f 37e1 	mov.w	r7, #115200	; 0x1c200
 22e:	f44f 35e1 	mov.w	r5, #115200	; 0x1c200
 232:	2401      	movs	r4, #1
 234:	f04f 0e00 	mov.w	lr, #0
 238:	9003      	str	r0, [sp, #12]
 23a:	0090      	lsls	r0, r2, #2
 23c:	9002      	str	r0, [sp, #8]
 23e:	2001      	movs	r0, #1
 240:	9105      	str	r1, [sp, #20]
 242:	460b      	mov	r3, r1
 244:	9903      	ldr	r1, [sp, #12]
 246:	fb00 fa02 	mul.w	sl, r0, r2
 24a:	f04f 0900 	mov.w	r9, #0
 24e:	463e      	mov	r6, r7
 250:	9704      	str	r7, [sp, #16]
 252:	f00a 4b80 	and.w	fp, sl, #1073741824	; 0x40000000
 256:	4341      	muls	r1, r0
 258:	9107      	str	r1, [sp, #28]
 25a:	9902      	ldr	r1, [sp, #8]
 25c:	4341      	muls	r1, r0
 25e:	9106      	str	r1, [sp, #24]
 260:	4619      	mov	r1, r3
 262:	f1bb 0f00 	cmp.w	fp, #0
 266:	d004      	beq.n	272 <main+0x1a6>
 268:	9a07      	ldr	r2, [sp, #28]
 26a:	fbb2 f2f6 	udiv	r2, r2, r6
 26e:	0912      	lsrs	r2, r2, #4
 270:	e003      	b.n	27a <main+0x1ae>
 272:	9a06      	ldr	r2, [sp, #24]
 274:	fbb2 f2f6 	udiv	r2, r2, r6
 278:	0952      	lsrs	r2, r2, #5
 27a:	1c53      	adds	r3, r2, #1
 27c:	2700      	movs	r7, #0
 27e:	ebb7 0f53 	cmp.w	r7, r3, lsr #1
 282:	ea4f 0253 	mov.w	r2, r3, lsr #1
 286:	f04f 0300 	mov.w	r3, #0
 28a:	464f      	mov	r7, r9
 28c:	bf08      	it	eq
 28e:	2201      	moveq	r2, #1
 290:	2a02      	cmp	r2, #2
 292:	bf38      	it	cc
 294:	2301      	movcc	r3, #1
 296:	f1b9 0f00 	cmp.w	r9, #0
 29a:	bf18      	it	ne
 29c:	2701      	movne	r7, #1
 29e:	421f      	tst	r7, r3
 2a0:	bf18      	it	ne
 2a2:	2202      	movne	r2, #2
 2a4:	fb02 f301 	mul.w	r3, r2, r1
 2a8:	b353      	cbz	r3, 300 <main+0x234>
 2aa:	fbba f3f3 	udiv	r3, sl, r3
 2ae:	f643 6700 	movw	r7, #15872	; 0x3e00
 2b2:	3301      	adds	r3, #1
 2b4:	f6cf 77fe 	movt	r7, #65534	; 0xfffe
 2b8:	eb07 0c53 	add.w	ip, r7, r3, lsr #1
 2bc:	f44f 37e1 	mov.w	r7, #115200	; 0x1c200
 2c0:	f1bc 0f00 	cmp.w	ip, #0
 2c4:	bfb8      	it	lt
 2c6:	eba7 0c53 	sublt.w	ip, r7, r3, lsr #1
 2ca:	45ac      	cmp	ip, r5
 2cc:	d206      	bcs.n	2dc <main+0x210>
 2ce:	4690      	mov	r8, r2
 2d0:	46ce      	mov	lr, r9
 2d2:	4604      	mov	r4, r0
 2d4:	4665      	mov	r5, ip
 2d6:	f5bc 3fe1 	cmp.w	ip, #115200	; 0x1c200
 2da:	d017      	beq.n	30c <main+0x240>
 2dc:	f109 0901 	add.w	r9, r9, #1
 2e0:	f506 36e1 	add.w	r6, r6, #115200	; 0x1c200
 2e4:	3108      	adds	r1, #8
 2e6:	4581      	cmp	r9, r0
 2e8:	d3bb      	bcc.n	262 <main+0x196>
 2ea:	9f04      	ldr	r7, [sp, #16]
 2ec:	9905      	ldr	r1, [sp, #20]
 2ee:	9a01      	ldr	r2, [sp, #4]
 2f0:	3001      	adds	r0, #1
 2f2:	2810      	cmp	r0, #16
 2f4:	f507 37e1 	add.w	r7, r7, #115200	; 0x1c200
 2f8:	f101 0108 	add.w	r1, r1, #8
 2fc:	d3a0      	bcc.n	240 <main+0x174>
 2fe:	e008      	b.n	312 <main+0x246>
 300:	a80c      	add	r0, sp, #48	; 0x30
 302:	a90a      	add	r1, sp, #40	; 0x28
 304:	f44f 7291 	mov.w	r2, #290	; 0x122
 308:	f000 fbba 	bl	a80 <_ZN7failure5fail_20h5cee15c1838990a0fWv11v0.11.0.preE>
 30c:	4690      	mov	r8, r2
 30e:	46ce      	mov	lr, r9
 310:	4604      	mov	r4, r0
 312:	f24c 0100 	movw	r1, #49152	; 0xc000
 316:	f3c8 2007 	ubfx	r0, r8, #8, #8
 31a:	2701      	movs	r7, #1
 31c:	f2c4 0100 	movt	r1, #16384	; 0x4000
 320:	460b      	mov	r3, r1
 322:	6058      	str	r0, [r3, #4]
 324:	fa5f f088 	uxtb.w	r0, r8
 328:	6018      	str	r0, [r3, #0]
 32a:	ea4e 1004 	orr.w	r0, lr, r4, lsl #4
 32e:	6298      	str	r0, [r3, #40]	; 0x28
 330:	2003      	movs	r0, #3
 332:	60d8      	str	r0, [r3, #12]
 334:	68d9      	ldr	r1, [r3, #12]
 336:	f001 0180 	and.w	r1, r1, #128	; 0x80
 33a:	f041 0103 	orr.w	r1, r1, #3
 33e:	60d9      	str	r1, [r3, #12]
 340:	f24c 0100 	movw	r1, #49152	; 0xc000
 344:	609f      	str	r7, [r3, #8]
 346:	f2c4 0102 	movt	r1, #16386	; 0x4002
 34a:	680a      	ldr	r2, [r1, #0]
 34c:	f367 1287 	bfi	r2, r7, #6, #2
 350:	600a      	str	r2, [r1, #0]
 352:	680a      	ldr	r2, [r1, #0]
 354:	f367 1205 	bfi	r2, r7, #4, #2
 358:	600a      	str	r2, [r1, #0]
 35a:	9009      	str	r0, [sp, #36]	; 0x24
 35c:	f240 0040 	movw	r0, #64	; 0x40
 360:	a908      	add	r1, sp, #32
 362:	2208      	movs	r2, #8
 364:	9308      	str	r3, [sp, #32]
 366:	f2c1 0000 	movt	r0, #4096	; 0x1000
 36a:	f000 fbb9 	bl	ae0 <memcpy>
 36e:	f000 fa0d 	bl	78c <_ZN2os4task5setup20h36d2553064332c73Xie4v0.0E>
 372:	f04fdefe 			; <UNDEFINED> instruction: 0xf04fdefe
 376:	0e00      	lsrs	r0, r0, #24
 378:	2401      	movs	r4, #1
 37a:	e7ca      	b.n	312 <main+0x246>

0000037c <__morestack>:
 37c:	4668      	mov	r0, sp
 37e:	f3ef 8109 	mrs	r1, PSP
 382:	4281      	cmp	r1, r0
 384:	bf01      	itttt	eq
 386:	f640 1071 	movweq	r0, #2417	; 0x971
 38a:	f2c0 0000 	movteq	r0, #0
 38e:	2100      	moveq	r1, #0
 390:	f000 bbe6 	beq.w	b60 <syscall>
 394:	0000defe 	strdeq	sp, [r0], -lr

00000398 <task_scheduler>:
 398:	e92d 4830 	stmdb	sp!, {r4, r5, fp, lr}
 39c:	b082      	sub	sp, #8
 39e:	f240 0e00 	movw	lr, #0
 3a2:	f242 0000 	movw	r0, #8192	; 0x2000
 3a6:	f240 0c8c 	movw	ip, #140	; 0x8c
 3aa:	f2c1 0e00 	movt	lr, #4096	; 0x1000
 3ae:	f2c1 0000 	movt	r0, #4096	; 0x1000
 3b2:	f2c1 0c00 	movt	ip, #4096	; 0x1000
 3b6:	f8de 2000 	ldr.w	r2, [lr]
 3ba:	f5a0 7080 	sub.w	r0, r0, #256	; 0x100
 3be:	f8cc 0000 	str.w	r0, [ip]
 3c2:	2a04      	cmp	r2, #4
 3c4:	d22a      	bcs.n	41c <task_scheduler+0x84>
 3c6:	eb02 0042 	add.w	r0, r2, r2, lsl #1
 3ca:	f3ef 8109 	mrs	r1, PSP
 3ce:	eb0e 0080 	add.w	r0, lr, r0, lsl #2
 3d2:	6041      	str	r1, [r0, #4]
 3d4:	f240 0080 	movw	r0, #128	; 0x80
 3d8:	f2c1 0000 	movt	r0, #4096	; 0x1000
 3dc:	f8de 2000 	ldr.w	r2, [lr]
 3e0:	6843      	ldr	r3, [r0, #4]
 3e2:	3201      	adds	r2, #1
 3e4:	429a      	cmp	r2, r3
 3e6:	bf08      	it	eq
 3e8:	2200      	moveq	r2, #0
 3ea:	f8ce 2000 	str.w	r2, [lr]
 3ee:	2a04      	cmp	r2, #4
 3f0:	d214      	bcs.n	41c <task_scheduler+0x84>
 3f2:	eb02 0042 	add.w	r0, r2, r2, lsl #1
 3f6:	eb0e 0180 	add.w	r1, lr, r0, lsl #2
 3fa:	4608      	mov	r0, r1
 3fc:	f850 4f08 	ldr.w	r4, [r0, #8]!
 400:	7905      	ldrb	r5, [r0, #4]
 402:	2d00      	cmp	r5, #0
 404:	d1ed      	bne.n	3e2 <task_scheduler+0x4a>
 406:	2c00      	cmp	r4, #0
 408:	d0eb      	beq.n	3e2 <task_scheduler+0x4a>
 40a:	6849      	ldr	r1, [r1, #4]
 40c:	6800      	ldr	r0, [r0, #0]
 40e:	f381 8809 	msr	PSP, r1
 412:	f8cc 0000 	str.w	r0, [ip]
 416:	b002      	add	sp, #8
 418:	e8bd 8830 	ldmia.w	sp!, {r4, r5, fp, pc}
 41c:	4668      	mov	r0, sp
 41e:	2164      	movs	r1, #100	; 0x64
 420:	2304      	movs	r3, #4
 422:	f000 fb41 	bl	aa8 <_ZN7failure17fail_bounds_check20h6672691d49ff1578FXv11v0.11.0.preE>
	...

00000428 <_ZN9main_task20h6b45fb88a9396480Wba4v0.0E>:
 428:	b430      	push	{r4, r5}
 42a:	ee1d 4f70 	mrc	15, 0, r4, cr13, cr0, {3}
 42e:	466d      	mov	r5, sp
 430:	e594      	b.n	ffffff5c <_boot_checksum+0x100035cb>
 432:	4004      	ands	r4, r0
 434:	42ac      	cmp	r4, r5
 436:	d308      	bcc.n	44a <_ZN9main_task20h6b45fb88a9396480Wba4v0.0E+0x22>
 438:	2460      	movs	r4, #96	; 0x60
 43a:	2500      	movs	r5, #0
 43c:	b500      	push	{lr}
 43e:	f7ff ff9d 	bl	37c <__morestack>
 442:	f85d eb04 	ldr.w	lr, [sp], #4
 446:	bc30      	pop	{r4, r5}
 448:	4770      	bx	lr
 44a:	bc30      	pop	{r4, r5}
 44c:	e92d 4bf0 	stmdb	sp!, {r4, r5, r6, r7, r8, r9, fp, lr}
 450:	b090      	sub	sp, #64	; 0x40
 452:	4605      	mov	r5, r0
 454:	f24c 00c4 	movw	r0, #49348	; 0xc0c4
 458:	f248 0600 	movw	r6, #32768	; 0x8000
 45c:	2400      	movs	r4, #0
 45e:	f240 0840 	movw	r8, #64	; 0x40
 462:	f2c4 000f 	movt	r0, #16399	; 0x400f
 466:	f2c4 0600 	movt	r6, #16384	; 0x4000
 46a:	f2c1 0800 	movt	r8, #4096	; 0x1000
 46e:	6801      	ldr	r1, [r0, #0]
 470:	f041 0104 	orr.w	r1, r1, #4
 474:	6001      	str	r1, [r0, #0]
 476:	f24c 10a8 	movw	r0, #49576	; 0xc1a8
 47a:	f2c4 000f 	movt	r0, #16399	; 0x400f
 47e:	6801      	ldr	r1, [r0, #0]
 480:	f021 010c 	bic.w	r1, r1, #12
 484:	6001      	str	r1, [r0, #0]
 486:	2002      	movs	r0, #2
 488:	63b4      	str	r4, [r6, #56]	; 0x38
 48a:	a90e      	add	r1, sp, #56	; 0x38
 48c:	6070      	str	r0, [r6, #4]
 48e:	2018      	movs	r0, #24
 490:	60f0      	str	r0, [r6, #12]
 492:	2001      	movs	r0, #1
 494:	6070      	str	r0, [r6, #4]
 496:	f640 308c 	movw	r0, #2956	; 0xb8c
 49a:	f2c0 0000 	movt	r0, #0
 49e:	900e      	str	r0, [sp, #56]	; 0x38
 4a0:	2005      	movs	r0, #5
 4a2:	900f      	str	r0, [sp, #60]	; 0x3c
 4a4:	4640      	mov	r0, r8
 4a6:	f000 fa85 	bl	9b4 <_ZN7drivers6chario6CharIO4puts20h91413322120269551204v0.0E>
 4aa:	4640      	mov	r0, r8
 4ac:	4629      	mov	r1, r5
 4ae:	f000 fab1 	bl	a14 <_ZN7drivers6chario6CharIO4puti21h164331813998075340564v0.0E>
 4b2:	f640 3094 	movw	r0, #2964	; 0xb94
 4b6:	a90c      	add	r1, sp, #48	; 0x30
 4b8:	f2c0 0000 	movt	r0, #0
 4bc:	900c      	str	r0, [sp, #48]	; 0x30
 4be:	2009      	movs	r0, #9
 4c0:	900d      	str	r0, [sp, #52]	; 0x34
 4c2:	4640      	mov	r0, r8
 4c4:	f000 fa76 	bl	9b4 <_ZN7drivers6chario6CharIO4puts20h91413322120269551204v0.0E>
 4c8:	f240 5521 	movw	r5, #1313	; 0x521
 4cc:	a808      	add	r0, sp, #32
 4ce:	2201      	movs	r2, #1
 4d0:	f44f 7300 	mov.w	r3, #512	; 0x200
 4d4:	9400      	str	r4, [sp, #0]
 4d6:	f2c0 0500 	movt	r5, #0
 4da:	4629      	mov	r1, r5
 4dc:	f000 f9a4 	bl	828 <_ZN2os4task11define_task20h2ed1d947000bf4620je4v0.0E>
 4e0:	a804      	add	r0, sp, #16
 4e2:	4629      	mov	r1, r5
 4e4:	2202      	movs	r2, #2
 4e6:	f44f 7300 	mov.w	r3, #512	; 0x200
 4ea:	9400      	str	r4, [sp, #0]
 4ec:	f000 f99c 	bl	828 <_ZN2os4task11define_task20h2ed1d947000bf4620je4v0.0E>
 4f0:	f248 4780 	movw	r7, #33920	; 0x8480
 4f4:	f640 39c0 	movw	r9, #3008	; 0xbc0
 4f8:	2415      	movs	r4, #21
 4fa:	ad02      	add	r5, sp, #8
 4fc:	f2c0 071e 	movt	r7, #30
 500:	f2c0 0900 	movt	r9, #0
 504:	e006      	b.n	514 <_ZN9main_task20h6b45fb88a9396480Wba4v0.0E+0xec>
 506:	4640      	mov	r0, r8
 508:	4629      	mov	r1, r5
 50a:	f8cd 9008 	str.w	r9, [sp, #8]
 50e:	9403      	str	r4, [sp, #12]
 510:	f000 fa50 	bl	9b4 <_ZN7drivers6chario6CharIO4puts20h91413322120269551204v0.0E>
 514:	68b0      	ldr	r0, [r6, #8]
 516:	68b1      	ldr	r1, [r6, #8]
 518:	1a09      	subs	r1, r1, r0
 51a:	42b9      	cmp	r1, r7
 51c:	d3fb      	bcc.n	516 <_ZN9main_task20h6b45fb88a9396480Wba4v0.0E+0xee>
 51e:	e7f2      	b.n	506 <_ZN9main_task20h6b45fb88a9396480Wba4v0.0E+0xde>

00000520 <_ZN4task20ha1ed6692363d03a5Zaa4v0.0E>:
 520:	b430      	push	{r4, r5}
 522:	ee1d 4f70 	mrc	15, 0, r4, cr13, cr0, {3}
 526:	466d      	mov	r5, sp
 528:	e594      	b.n	54 <NVICVectors+0x14>
 52a:	4004      	ands	r4, r0
 52c:	42ac      	cmp	r4, r5
 52e:	d308      	bcc.n	542 <_ZN4task20ha1ed6692363d03a5Zaa4v0.0E+0x22>
 530:	2448      	movs	r4, #72	; 0x48
 532:	2500      	movs	r5, #0
 534:	b500      	push	{lr}
 536:	f7ff ff21 	bl	37c <__morestack>
 53a:	f85d eb04 	ldr.w	lr, [sp], #4
 53e:	bc30      	pop	{r4, r5}
 540:	4770      	bx	lr
 542:	bc30      	pop	{r4, r5}
 544:	e92d 4ff0 	stmdb	sp!, {r4, r5, r6, r7, r8, r9, sl, fp, lr}
 548:	b089      	sub	sp, #36	; 0x24
 54a:	4681      	mov	r9, r0
 54c:	f24c 00c4 	movw	r0, #49348	; 0xc0c4
 550:	f248 0600 	movw	r6, #32768	; 0x8000
 554:	f2c4 000f 	movt	r0, #16399	; 0x400f
 558:	f2c4 0600 	movt	r6, #16384	; 0x4000
 55c:	6801      	ldr	r1, [r0, #0]
 55e:	f041 0104 	orr.w	r1, r1, #4
 562:	6001      	str	r1, [r0, #0]
 564:	f24c 10a8 	movw	r0, #49576	; 0xc1a8
 568:	f2c4 000f 	movt	r0, #16399	; 0x400f
 56c:	6801      	ldr	r1, [r0, #0]
 56e:	f021 010c 	bic.w	r1, r1, #12
 572:	6001      	str	r1, [r0, #0]
 574:	2000      	movs	r0, #0
 576:	f244 2140 	movw	r1, #16960	; 0x4240
 57a:	63b0      	str	r0, [r6, #56]	; 0x38
 57c:	2002      	movs	r0, #2
 57e:	f2c0 010f 	movt	r1, #15
 582:	6070      	str	r0, [r6, #4]
 584:	2018      	movs	r0, #24
 586:	60f0      	str	r0, [r6, #12]
 588:	2001      	movs	r0, #1
 58a:	6070      	str	r0, [r6, #4]
 58c:	68b0      	ldr	r0, [r6, #8]
 58e:	68b2      	ldr	r2, [r6, #8]
 590:	1a12      	subs	r2, r2, r0
 592:	428a      	cmp	r2, r1
 594:	d3fb      	bcc.n	58e <_ZN4task20ha1ed6692363d03a5Zaa4v0.0E+0x6e>
 596:	f640 308c 	movw	r0, #2956	; 0xb8c
 59a:	f240 0540 	movw	r5, #64	; 0x40
 59e:	a906      	add	r1, sp, #24
 5a0:	f2c0 0000 	movt	r0, #0
 5a4:	f2c1 0500 	movt	r5, #4096	; 0x1000
 5a8:	9006      	str	r0, [sp, #24]
 5aa:	2005      	movs	r0, #5
 5ac:	9007      	str	r0, [sp, #28]
 5ae:	4628      	mov	r0, r5
 5b0:	f000 fa00 	bl	9b4 <_ZN7drivers6chario6CharIO4puts20h91413322120269551204v0.0E>
 5b4:	4628      	mov	r0, r5
 5b6:	4649      	mov	r1, r9
 5b8:	f000 fa2c 	bl	a14 <_ZN7drivers6chario6CharIO4puti21h164331813998075340564v0.0E>
 5bc:	f640 3094 	movw	r0, #2964	; 0xb94
 5c0:	a904      	add	r1, sp, #16
 5c2:	f2c0 0000 	movt	r0, #0
 5c6:	9004      	str	r0, [sp, #16]
 5c8:	2009      	movs	r0, #9
 5ca:	9005      	str	r0, [sp, #20]
 5cc:	4628      	mov	r0, r5
 5ce:	f000 f9f1 	bl	9b4 <_ZN7drivers6chario6CharIO4puts20h91413322120269551204v0.0E>
 5d2:	f248 4480 	movw	r4, #33920	; 0x8480
 5d6:	f640 3ab0 	movw	sl, #2992	; 0xbb0
 5da:	f10d 0808 	add.w	r8, sp, #8
 5de:	f04f 0b01 	mov.w	fp, #1
 5e2:	466f      	mov	r7, sp
 5e4:	f2c0 041e 	movt	r4, #30
 5e8:	f2c0 0a00 	movt	sl, #0
 5ec:	e014      	b.n	618 <_ZN4task20ha1ed6692363d03a5Zaa4v0.0E+0xf8>
 5ee:	f640 30a0 	movw	r0, #2976	; 0xba0
 5f2:	4641      	mov	r1, r8
 5f4:	f2c0 0000 	movt	r0, #0
 5f8:	9002      	str	r0, [sp, #8]
 5fa:	2010      	movs	r0, #16
 5fc:	9003      	str	r0, [sp, #12]
 5fe:	4628      	mov	r0, r5
 600:	f000 f9d8 	bl	9b4 <_ZN7drivers6chario6CharIO4puts20h91413322120269551204v0.0E>
 604:	4628      	mov	r0, r5
 606:	4649      	mov	r1, r9
 608:	f000 fa04 	bl	a14 <_ZN7drivers6chario6CharIO4puti21h164331813998075340564v0.0E>
 60c:	4628      	mov	r0, r5
 60e:	4639      	mov	r1, r7
 610:	e88d 0c00 	stmia.w	sp, {sl, fp}
 614:	f000 f9ce 	bl	9b4 <_ZN7drivers6chario6CharIO4puts20h91413322120269551204v0.0E>
 618:	68b0      	ldr	r0, [r6, #8]
 61a:	68b1      	ldr	r1, [r6, #8]
 61c:	1a09      	subs	r1, r1, r0
 61e:	42a1      	cmp	r1, r4
 620:	d3fb      	bcc.n	61a <_ZN4task20ha1ed6692363d03a5Zaa4v0.0E+0xfa>
 622:	e7e4      	b.n	5ee <_ZN4task20ha1ed6692363d03a5Zaa4v0.0E+0xce>

00000624 <_ZN3hal9cortex_m35sched13task_finished20hd17a7dba9039bca8pRd4v0.0E>:
 624:	b430      	push	{r4, r5}
 626:	ee1d 4f70 	mrc	15, 0, r4, cr13, cr0, {3}
 62a:	466d      	mov	r5, sp
 62c:	e594      	b.n	158 <main+0x8c>
 62e:	4004      	ands	r4, r0
 630:	42ac      	cmp	r4, r5
 632:	d308      	bcc.n	646 <_ZN3hal9cortex_m35sched13task_finished20hd17a7dba9039bca8pRd4v0.0E+0x22>
 634:	2400      	movs	r4, #0
 636:	2500      	movs	r5, #0
 638:	b500      	push	{lr}
 63a:	f7ff fe9f 	bl	37c <__morestack>
 63e:	f85d eb04 	ldr.w	lr, [sp], #4
 642:	bc30      	pop	{r4, r5}
 644:	4770      	bx	lr
 646:	bc30      	pop	{r4, r5}
 648:	be00      	bkpt	0x0000
 64a:	4770      	bx	lr

0000064c <_ZN3lib7strconv4itoa20h9658725764923f0br0d4v0.0E>:
 64c:	b430      	push	{r4, r5}
 64e:	ee1d 4f70 	mrc	15, 0, r4, cr13, cr0, {3}
 652:	466d      	mov	r5, sp
 654:	e594      	b.n	180 <main+0xb4>
 656:	4004      	ands	r4, r0
 658:	42ac      	cmp	r4, r5
 65a:	d308      	bcc.n	66e <_ZN3lib7strconv4itoa20h9658725764923f0br0d4v0.0E+0x22>
 65c:	24c0      	movs	r4, #192	; 0xc0
 65e:	2500      	movs	r5, #0
 660:	b500      	push	{lr}
 662:	f7ff fe8b 	bl	37c <__morestack>
 666:	f85d eb04 	ldr.w	lr, [sp], #4
 66a:	bc30      	pop	{r4, r5}
 66c:	4770      	bx	lr
 66e:	bc30      	pop	{r4, r5}
 670:	e92d 4ff0 	stmdb	sp!, {r4, r5, r6, r7, r8, r9, sl, fp, lr}
 674:	b0a7      	sub	sp, #156	; 0x9c
 676:	4604      	mov	r4, r0
 678:	461e      	mov	r6, r3
 67a:	4690      	mov	r8, r2
 67c:	4689      	mov	r9, r1
 67e:	2c00      	cmp	r4, #0
 680:	d058      	beq.n	734 <_ZN3lib7strconv4itoa20h9658725764923f0br0d4v0.0E+0xe8>
 682:	2e00      	cmp	r6, #0
 684:	f000 807c 	beq.w	780 <_ZN3lib7strconv4itoa20h9658725764923f0br0d4v0.0E+0x134>
 688:	2700      	movs	r7, #0
 68a:	ad1f      	add	r5, sp, #124	; 0x7c
 68c:	2f1f      	cmp	r7, #31
 68e:	d860      	bhi.n	752 <_ZN3lib7strconv4itoa20h9658725764923f0br0d4v0.0E+0x106>
 690:	4620      	mov	r0, r4
 692:	4631      	mov	r1, r6
 694:	f000 fa70 	bl	b78 <__aeabi_uidivmod>
 698:	55e9      	strb	r1, [r5, r7]
 69a:	fbb4 f4f6 	udiv	r4, r4, r6
 69e:	3701      	adds	r7, #1
 6a0:	2c00      	cmp	r4, #0
 6a2:	d1f3      	bne.n	68c <_ZN3lib7strconv4itoa20h9658725764923f0br0d4v0.0E+0x40>
 6a4:	1e7a      	subs	r2, r7, #1
 6a6:	2a00      	cmp	r2, #0
 6a8:	db41      	blt.n	72e <_ZN3lib7strconv4itoa20h9658725764923f0br0d4v0.0E+0xe2>
 6aa:	2300      	movs	r3, #0
 6ac:	f04f 0e39 	mov.w	lr, #57	; 0x39
 6b0:	f04f 0a61 	mov.w	sl, #97	; 0x61
 6b4:	f04f 0b62 	mov.w	fp, #98	; 0x62
 6b8:	2063      	movs	r0, #99	; 0x63
 6ba:	2164      	movs	r1, #100	; 0x64
 6bc:	2665      	movs	r6, #101	; 0x65
 6be:	2466      	movs	r4, #102	; 0x66
 6c0:	f10d 0c18 	add.w	ip, sp, #24
 6c4:	2730      	movs	r7, #48	; 0x30
 6c6:	2a1f      	cmp	r2, #31
 6c8:	9706      	str	r7, [sp, #24]
 6ca:	f04f 0731 	mov.w	r7, #49	; 0x31
 6ce:	9707      	str	r7, [sp, #28]
 6d0:	f04f 0732 	mov.w	r7, #50	; 0x32
 6d4:	9708      	str	r7, [sp, #32]
 6d6:	f04f 0733 	mov.w	r7, #51	; 0x33
 6da:	9709      	str	r7, [sp, #36]	; 0x24
 6dc:	f04f 0734 	mov.w	r7, #52	; 0x34
 6e0:	970a      	str	r7, [sp, #40]	; 0x28
 6e2:	f04f 0735 	mov.w	r7, #53	; 0x35
 6e6:	970b      	str	r7, [sp, #44]	; 0x2c
 6e8:	f04f 0736 	mov.w	r7, #54	; 0x36
 6ec:	970c      	str	r7, [sp, #48]	; 0x30
 6ee:	f04f 0737 	mov.w	r7, #55	; 0x37
 6f2:	970d      	str	r7, [sp, #52]	; 0x34
 6f4:	f04f 0738 	mov.w	r7, #56	; 0x38
 6f8:	970e      	str	r7, [sp, #56]	; 0x38
 6fa:	f8cd e03c 	str.w	lr, [sp, #60]	; 0x3c
 6fe:	f8cd a040 	str.w	sl, [sp, #64]	; 0x40
 702:	f8cd b044 	str.w	fp, [sp, #68]	; 0x44
 706:	9012      	str	r0, [sp, #72]	; 0x48
 708:	9113      	str	r1, [sp, #76]	; 0x4c
 70a:	9614      	str	r6, [sp, #80]	; 0x50
 70c:	9415      	str	r4, [sp, #84]	; 0x54
 70e:	d826      	bhi.n	75e <_ZN3lib7strconv4itoa20h9658725764923f0br0d4v0.0E+0x112>
 710:	5caf      	ldrb	r7, [r5, r2]
 712:	2f0f      	cmp	r7, #15
 714:	d828      	bhi.n	768 <_ZN3lib7strconv4itoa20h9658725764923f0br0d4v0.0E+0x11c>
 716:	4543      	cmp	r3, r8
 718:	d22c      	bcs.n	774 <_ZN3lib7strconv4itoa20h9658725764923f0br0d4v0.0E+0x128>
 71a:	f85c 7027 	ldr.w	r7, [ip, r7, lsl #2]
 71e:	3a01      	subs	r2, #1
 720:	f1b2 3fff 	cmp.w	r2, #4294967295	; 0xffffffff
 724:	f809 7003 	strb.w	r7, [r9, r3]
 728:	f103 0301 	add.w	r3, r3, #1
 72c:	dcca      	bgt.n	6c4 <_ZN3lib7strconv4itoa20h9658725764923f0br0d4v0.0E+0x78>
 72e:	b027      	add	sp, #156	; 0x9c
 730:	e8bd 8ff0 	ldmia.w	sp!, {r4, r5, r6, r7, r8, r9, sl, fp, pc}
 734:	f1b8 0f00 	cmp.w	r8, #0
 738:	bf1f      	itttt	ne
 73a:	2030      	movne	r0, #48	; 0x30
 73c:	f889 0000 	strbne.w	r0, [r9]
 740:	b027      	addne	sp, #156	; 0x9c
 742:	e8bd 8ff0 	ldmiane.w	sp!, {r4, r5, r6, r7, r8, r9, sl, fp, pc}
 746:	a81c      	add	r0, sp, #112	; 0x70
 748:	211a      	movs	r1, #26
 74a:	2200      	movs	r2, #0
 74c:	2300      	movs	r3, #0
 74e:	f000 f9ab 	bl	aa8 <_ZN7failure17fail_bounds_check20h6672691d49ff1578FXv11v0.11.0.preE>
 752:	a816      	add	r0, sp, #88	; 0x58
 754:	2122      	movs	r1, #34	; 0x22
 756:	463a      	mov	r2, r7
 758:	2320      	movs	r3, #32
 75a:	f000 f9a5 	bl	aa8 <_ZN7failure17fail_bounds_check20h6672691d49ff1578FXv11v0.11.0.preE>
 75e:	a804      	add	r0, sp, #16
 760:	212c      	movs	r1, #44	; 0x2c
 762:	2320      	movs	r3, #32
 764:	f000 f9a0 	bl	aa8 <_ZN7failure17fail_bounds_check20h6672691d49ff1578FXv11v0.11.0.preE>
 768:	a802      	add	r0, sp, #8
 76a:	212c      	movs	r1, #44	; 0x2c
 76c:	463a      	mov	r2, r7
 76e:	2310      	movs	r3, #16
 770:	f000 f99a 	bl	aa8 <_ZN7failure17fail_bounds_check20h6672691d49ff1578FXv11v0.11.0.preE>
 774:	461a      	mov	r2, r3
 776:	4668      	mov	r0, sp
 778:	212e      	movs	r1, #46	; 0x2e
 77a:	4643      	mov	r3, r8
 77c:	f000 f994 	bl	aa8 <_ZN7failure17fail_bounds_check20h6672691d49ff1578FXv11v0.11.0.preE>
 780:	a81a      	add	r0, sp, #104	; 0x68
 782:	a918      	add	r1, sp, #96	; 0x60
 784:	221f      	movs	r2, #31
 786:	f000 f97b 	bl	a80 <_ZN7failure5fail_20h5cee15c1838990a0fWv11v0.11.0.preE>
	...

0000078c <_ZN2os4task5setup20h36d2553064332c73Xie4v0.0E>:
 78c:	b430      	push	{r4, r5}
 78e:	ee1d 4f70 	mrc	15, 0, r4, cr13, cr0, {3}
 792:	466d      	mov	r5, sp
 794:	e594      	b.n	2c0 <main+0x1f4>
 796:	4004      	ands	r4, r0
 798:	42ac      	cmp	r4, r5
 79a:	d308      	bcc.n	7ae <_ZN2os4task5setup20h36d2553064332c73Xie4v0.0E+0x22>
 79c:	2420      	movs	r4, #32
 79e:	2500      	movs	r5, #0
 7a0:	b500      	push	{lr}
 7a2:	f7ff fdeb 	bl	37c <__morestack>
 7a6:	f85d eb04 	ldr.w	lr, [sp], #4
 7aa:	bc30      	pop	{r4, r5}
 7ac:	4770      	bx	lr
 7ae:	bc30      	pop	{r4, r5}
 7b0:	b510      	push	{r4, lr}
 7b2:	b086      	sub	sp, #24
 7b4:	f24e 0410 	movw	r4, #57360	; 0xe010
 7b8:	2004      	movs	r0, #4
 7ba:	f240 0180 	movw	r1, #128	; 0x80
 7be:	2200      	movs	r2, #0
 7c0:	f44f 7300 	mov.w	r3, #512	; 0x200
 7c4:	f2ce 0400 	movt	r4, #57344	; 0xe000
 7c8:	f2c1 0100 	movt	r1, #4096	; 0x1000
 7cc:	6020      	str	r0, [r4, #0]
 7ce:	68e0      	ldr	r0, [r4, #12]
 7d0:	f020 407f 	bic.w	r0, r0, #4278190080	; 0xff000000
 7d4:	6060      	str	r0, [r4, #4]
 7d6:	2000      	movs	r0, #0
 7d8:	60a0      	str	r0, [r4, #8]
 7da:	2006      	movs	r0, #6
 7dc:	6020      	str	r0, [r4, #0]
 7de:	4668      	mov	r0, sp
 7e0:	f5a0 7080 	sub.w	r0, r0, #256	; 0x100
 7e4:	f020 0003 	bic.w	r0, r0, #3
 7e8:	6008      	str	r0, [r1, #0]
 7ea:	f240 4129 	movw	r1, #1065	; 0x429
 7ee:	2001      	movs	r0, #1
 7f0:	9000      	str	r0, [sp, #0]
 7f2:	a802      	add	r0, sp, #8
 7f4:	f2c0 0100 	movt	r1, #0
 7f8:	f000 f816 	bl	828 <_ZN2os4task11define_task20h2ed1d947000bf4620je4v0.0E>
 7fc:	9802      	ldr	r0, [sp, #8]
 7fe:	f240 018c 	movw	r1, #140	; 0x8c
 802:	f2c1 0100 	movt	r1, #4096	; 0x1000
 806:	f380 8809 	msr	PSP, r0
 80a:	9803      	ldr	r0, [sp, #12]
 80c:	6008      	str	r0, [r1, #0]
 80e:	6820      	ldr	r0, [r4, #0]
 810:	f04f 5180 	mov.w	r1, #268435456	; 0x10000000
 814:	f040 0001 	orr.w	r0, r0, #1
 818:	6020      	str	r0, [r4, #0]
 81a:	f64e 5000 	movw	r0, #60672	; 0xed00
 81e:	f2ce 0000 	movt	r0, #57344	; 0xe000
 822:	6041      	str	r1, [r0, #4]
 824:	0000defe 	strdeq	sp, [r0], -lr

00000828 <_ZN2os4task11define_task20h2ed1d947000bf4620je4v0.0E>:
 828:	b430      	push	{r4, r5}
 82a:	ee1d 4f70 	mrc	15, 0, r4, cr13, cr0, {3}
 82e:	466d      	mov	r5, sp
 830:	e594      	b.n	35c <main+0x290>
 832:	4004      	ands	r4, r0
 834:	42ac      	cmp	r4, r5
 836:	d308      	bcc.n	84a <_ZN2os4task11define_task20h2ed1d947000bf4620je4v0.0E+0x22>
 838:	2448      	movs	r4, #72	; 0x48
 83a:	2504      	movs	r5, #4
 83c:	b500      	push	{lr}
 83e:	f7ff fd9d 	bl	37c <__morestack>
 842:	f85d eb04 	ldr.w	lr, [sp], #4
 846:	bc30      	pop	{r4, r5}
 848:	4770      	bx	lr
 84a:	bc30      	pop	{r4, r5}
 84c:	e92d 48f0 	stmdb	sp!, {r4, r5, r6, r7, fp, lr}
 850:	b08c      	sub	sp, #48	; 0x30
 852:	f24e 0610 	movw	r6, #57360	; 0xe010
 856:	4605      	mov	r5, r0
 858:	f240 0780 	movw	r7, #128	; 0x80
 85c:	f2ce 0600 	movt	r6, #57344	; 0xe000
 860:	f2c1 0700 	movt	r7, #4096	; 0x1000
 864:	6830      	ldr	r0, [r6, #0]
 866:	f020 0002 	bic.w	r0, r0, #2
 86a:	6030      	str	r0, [r6, #0]
 86c:	f103 0060 	add.w	r0, r3, #96	; 0x60
 870:	9300      	str	r3, [sp, #0]
 872:	683c      	ldr	r4, [r7, #0]
 874:	f020 000f 	bic.w	r0, r0, #15
 878:	1a20      	subs	r0, r4, r0
 87a:	4623      	mov	r3, r4
 87c:	6038      	str	r0, [r7, #0]
 87e:	9812      	ldr	r0, [sp, #72]	; 0x48
 880:	9001      	str	r0, [sp, #4]
 882:	a806      	add	r0, sp, #24
 884:	f000 f82e 	bl	8e4 <_ZN2os4task14TaskDescriptor3new20h208c0c22beceae00jle4v0.0E>
 888:	aa06      	add	r2, sp, #24
 88a:	ab02      	add	r3, sp, #8
 88c:	ca07      	ldmia	r2, {r0, r1, r2}
 88e:	e883 0007 	stmia.w	r3, {r0, r1, r2}
 892:	687a      	ldr	r2, [r7, #4]
 894:	2a03      	cmp	r2, #3
 896:	d81f      	bhi.n	8d8 <_ZN2os4task11define_task20h2ed1d947000bf4620je4v0.0E+0xb0>
 898:	f240 0100 	movw	r1, #0
 89c:	eb02 0042 	add.w	r0, r2, r2, lsl #1
 8a0:	ac02      	add	r4, sp, #8
 8a2:	f2c1 0100 	movt	r1, #4096	; 0x1000
 8a6:	eb01 0080 	add.w	r0, r1, r0, lsl #2
 8aa:	cc1a      	ldmia	r4, {r1, r3, r4}
 8ac:	f100 0b04 	add.w	fp, r0, #4
 8b0:	1c50      	adds	r0, r2, #1
 8b2:	2805      	cmp	r0, #5
 8b4:	e88b 001a 	stmia.w	fp, {r1, r3, r4}
 8b8:	6078      	str	r0, [r7, #4]
 8ba:	bf3f      	itttt	cc
 8bc:	6830      	ldrcc	r0, [r6, #0]
 8be:	f040 0002 	orrcc.w	r0, r0, #2
 8c2:	6030      	strcc	r0, [r6, #0]
 8c4:	f10d 0218 	addcc.w	r2, sp, #24
 8c8:	bf3f      	itttt	cc
 8ca:	ca07      	ldmiacc	r2, {r0, r1, r2}
 8cc:	e885 0007 	stmiacc.w	r5, {r0, r1, r2}
 8d0:	b00c      	addcc	sp, #48	; 0x30
 8d2:	e8bd 88f0 	ldmiacc.w	sp!, {r4, r5, r6, r7, fp, pc}
 8d6:	a80adefe 	stmdage	sl, {r1, r2, r3, r4, r5, r6, r7, r9, sl, fp, ip, lr, pc}
 8da:	2176      	movs	r1, #118	; 0x76
 8dc:	2304      	movs	r3, #4
 8de:	f000 f8e3 	bl	aa8 <_ZN7failure17fail_bounds_check20h6672691d49ff1578FXv11v0.11.0.preE>
	...

000008e4 <_ZN2os4task14TaskDescriptor3new20h208c0c22beceae00jle4v0.0E>:
 8e4:	b430      	push	{r4, r5}
 8e6:	ee1d 4f70 	mrc	15, 0, r4, cr13, cr0, {3}
 8ea:	466d      	mov	r5, sp
 8ec:	e594      	b.n	418 <task_scheduler+0x80>
 8ee:	4004      	ands	r4, r0
 8f0:	42ac      	cmp	r4, r5
 8f2:	d308      	bcc.n	906 <_ZN2os4task14TaskDescriptor3new20h208c0c22beceae00jle4v0.0E+0x22>
 8f4:	2428      	movs	r4, #40	; 0x28
 8f6:	2508      	movs	r5, #8
 8f8:	b500      	push	{lr}
 8fa:	f7ff fd3f 	bl	37c <__morestack>
 8fe:	f85d eb04 	ldr.w	lr, [sp], #4
 902:	bc30      	pop	{r4, r5}
 904:	4770      	bx	lr
 906:	bc30      	pop	{r4, r5}
 908:	e92d 41f0 	stmdb	sp!, {r4, r5, r6, r7, r8, lr}
 90c:	b084      	sub	sp, #16
 90e:	f04f 0c00 	mov.w	ip, #0
 912:	469e      	mov	lr, r3
 914:	f240 6725 	movw	r7, #1573	; 0x625
 918:	f04f 7880 	mov.w	r8, #16777216	; 0x1000000
 91c:	f8cd c00c 	str.w	ip, [sp, #12]
 920:	f8cd c008 	str.w	ip, [sp, #8]
 924:	f8cd c004 	str.w	ip, [sp, #4]
 928:	f8cd c000 	str.w	ip, [sp]
 92c:	f84e 2d20 	str.w	r2, [lr, #-32]!
 930:	f2c0 0700 	movt	r7, #0
 934:	e89d 0074 	ldmia.w	sp, {r2, r4, r5, r6}
 938:	f843 2c1c 	str.w	r2, [r3, #-28]
 93c:	f843 4c18 	str.w	r4, [r3, #-24]
 940:	f843 5c14 	str.w	r5, [r3, #-20]
 944:	f843 6c10 	str.w	r6, [r3, #-16]
 948:	f843 7c0c 	str.w	r7, [r3, #-12]
 94c:	e903 0102 	stmdb	r3, {r1, r8}
 950:	f89d 102c 	ldrb.w	r1, [sp, #44]	; 0x2c
 954:	2900      	cmp	r1, #0
 956:	990a      	ldr	r1, [sp, #40]	; 0x28
 958:	bf08      	it	eq
 95a:	f1a3 0e40 	subeq.w	lr, r3, #64	; 0x40
 95e:	f8c0 e000 	str.w	lr, [r0]
 962:	1a59      	subs	r1, r3, r1
 964:	6041      	str	r1, [r0, #4]
 966:	f880 c008 	strb.w	ip, [r0, #8]
 96a:	b004      	add	sp, #16
 96c:	e8bd 81f0 	ldmia.w	sp!, {r4, r5, r6, r7, r8, pc}

00000970 <kill_current_task>:
 970:	e92d 4800 	stmdb	sp!, {fp, lr}
 974:	b082      	sub	sp, #8
 976:	f240 0000 	movw	r0, #0
 97a:	f2c1 0000 	movt	r0, #4096	; 0x1000
 97e:	6802      	ldr	r2, [r0, #0]
 980:	2a04      	cmp	r2, #4
 982:	bf3f      	itttt	cc
 984:	eb02 0142 	addcc.w	r1, r2, r2, lsl #1
 988:	eb00 0081 	addcc.w	r0, r0, r1, lsl #2
 98c:	2100      	movcc	r1, #0
 98e:	6081      	strcc	r1, [r0, #8]
 990:	bf3f      	itttt	cc
 992:	f64e 5000 	movwcc	r0, #60672	; 0xed00
 996:	f2ce 0000 	movtcc	r0, #57344	; 0xe000
 99a:	f04f 5180 	movcc.w	r1, #268435456	; 0x10000000
 99e:	6041      	strcc	r1, [r0, #4]
 9a0:	bf3c      	itt	cc
 9a2:	b002      	addcc	sp, #8
 9a4:	e8bd 8800 	ldmiacc.w	sp!, {fp, pc}
 9a8:	4668      	mov	r0, sp
 9aa:	2164      	movs	r1, #100	; 0x64
 9ac:	2304      	movs	r3, #4
 9ae:	f000 f87b 	bl	aa8 <_ZN7failure17fail_bounds_check20h6672691d49ff1578FXv11v0.11.0.preE>
	...

000009b4 <_ZN7drivers6chario6CharIO4puts20h91413322120269551204v0.0E>:
 9b4:	b430      	push	{r4, r5}
 9b6:	ee1d 4f70 	mrc	15, 0, r4, cr13, cr0, {3}
 9ba:	466d      	mov	r5, sp
 9bc:	e594      	b.n	4e8 <_ZN9main_task20h6b45fb88a9396480Wba4v0.0E+0xc0>
 9be:	4004      	ands	r4, r0
 9c0:	42ac      	cmp	r4, r5
 9c2:	d308      	bcc.n	9d6 <_ZN7drivers6chario6CharIO4puts20h91413322120269551204v0.0E+0x22>
 9c4:	2418      	movs	r4, #24
 9c6:	2500      	movs	r5, #0
 9c8:	b500      	push	{lr}
 9ca:	f7ff fcd7 	bl	37c <__morestack>
 9ce:	f85d eb04 	ldr.w	lr, [sp], #4
 9d2:	bc30      	pop	{r4, r5}
 9d4:	4770      	bx	lr
 9d6:	bc30      	pop	{r4, r5}
 9d8:	e92d 4830 	stmdb	sp!, {r4, r5, fp, lr}
 9dc:	b082      	sub	sp, #8
 9de:	684b      	ldr	r3, [r1, #4]
 9e0:	b18b      	cbz	r3, a06 <_ZN7drivers6chario6CharIO4puts20h91413322120269551204v0.0E+0x52>
 9e2:	f8d1 c000 	ldr.w	ip, [r1]
 9e6:	2200      	movs	r2, #0
 9e8:	429a      	cmp	r2, r3
 9ea:	d20f      	bcs.n	a0c <_ZN7drivers6chario6CharIO4puts20h91413322120269551204v0.0E+0x58>
 9ec:	f81c e002 	ldrb.w	lr, [ip, r2]
 9f0:	6804      	ldr	r4, [r0, #0]
 9f2:	6965      	ldr	r5, [r4, #20]
 9f4:	f015 0f20 	tst.w	r5, #32
 9f8:	d0fb      	beq.n	9f2 <_ZN7drivers6chario6CharIO4puts20h91413322120269551204v0.0E+0x3e>
 9fa:	f8c4 e000 	str.w	lr, [r4]
 9fe:	3201      	adds	r2, #1
 a00:	684d      	ldr	r5, [r1, #4]
 a02:	42aa      	cmp	r2, r5
 a04:	d3f0      	bcc.n	9e8 <_ZN7drivers6chario6CharIO4puts20h91413322120269551204v0.0E+0x34>
 a06:	b002      	add	sp, #8
 a08:	e8bd 8830 	ldmia.w	sp!, {r4, r5, fp, pc}
 a0c:	4668      	mov	r0, sp
 a0e:	2129      	movs	r1, #41	; 0x29
 a10:	f000 f84a 	bl	aa8 <_ZN7failure17fail_bounds_check20h6672691d49ff1578FXv11v0.11.0.preE>

00000a14 <_ZN7drivers6chario6CharIO4puti21h164331813998075340564v0.0E>:
 a14:	b430      	push	{r4, r5}
 a16:	ee1d 4f70 	mrc	15, 0, r4, cr13, cr0, {3}
 a1a:	466d      	mov	r5, sp
 a1c:	e594      	b.n	548 <_ZN4task20ha1ed6692363d03a5Zaa4v0.0E+0x28>
 a1e:	4004      	ands	r4, r0
 a20:	42ac      	cmp	r4, r5
 a22:	d308      	bcc.n	a36 <_ZN7drivers6chario6CharIO4puti21h164331813998075340564v0.0E+0x22>
 a24:	2430      	movs	r4, #48	; 0x30
 a26:	2500      	movs	r5, #0
 a28:	b500      	push	{lr}
 a2a:	f7ff fca7 	bl	37c <__morestack>
 a2e:	f85d eb04 	ldr.w	lr, [sp], #4
 a32:	bc30      	pop	{r4, r5}
 a34:	4770      	bx	lr
 a36:	bc30      	pop	{r4, r5}
 a38:	e92d 4830 	stmdb	sp!, {r4, r5, fp, lr}
 a3c:	b088      	sub	sp, #32
 a3e:	4604      	mov	r4, r0
 a40:	2000      	movs	r0, #0
 a42:	466d      	mov	r5, sp
 a44:	2220      	movs	r2, #32
 a46:	230a      	movs	r3, #10
 a48:	9007      	str	r0, [sp, #28]
 a4a:	9006      	str	r0, [sp, #24]
 a4c:	9005      	str	r0, [sp, #20]
 a4e:	9004      	str	r0, [sp, #16]
 a50:	9003      	str	r0, [sp, #12]
 a52:	9002      	str	r0, [sp, #8]
 a54:	9001      	str	r0, [sp, #4]
 a56:	9000      	str	r0, [sp, #0]
 a58:	4608      	mov	r0, r1
 a5a:	4629      	mov	r1, r5
 a5c:	f7ff fdf6 	bl	64c <_ZN3lib7strconv4itoa20h9658725764923f0br0d4v0.0E>
 a60:	f105 0020 	add.w	r0, r5, #32
 a64:	f815 1b01 	ldrb.w	r1, [r5], #1
 a68:	b139      	cbz	r1, a7a <_ZN7drivers6chario6CharIO4puti21h164331813998075340564v0.0E+0x66>
 a6a:	6822      	ldr	r2, [r4, #0]
 a6c:	6953      	ldr	r3, [r2, #20]
 a6e:	f013 0f20 	tst.w	r3, #32
 a72:	d0fb      	beq.n	a6c <_ZN7drivers6chario6CharIO4puti21h164331813998075340564v0.0E+0x58>
 a74:	6011      	str	r1, [r2, #0]
 a76:	4285      	cmp	r5, r0
 a78:	d1f4      	bne.n	a64 <_ZN7drivers6chario6CharIO4puti21h164331813998075340564v0.0E+0x50>
 a7a:	b008      	add	sp, #32
 a7c:	e8bd 8830 	ldmia.w	sp!, {r4, r5, fp, pc}

00000a80 <_ZN7failure5fail_20h5cee15c1838990a0fWv11v0.11.0.preE>:
 a80:	b430      	push	{r4, r5}
 a82:	ee1d 4f70 	mrc	15, 0, r4, cr13, cr0, {3}
 a86:	466d      	mov	r5, sp
 a88:	e594      	b.n	5b4 <_ZN4task20ha1ed6692363d03a5Zaa4v0.0E+0x94>
 a8a:	4004      	ands	r4, r0
 a8c:	42ac      	cmp	r4, r5
 a8e:	d308      	bcc.n	aa2 <_ZN7failure5fail_20h5cee15c1838990a0fWv11v0.11.0.preE+0x22>
 a90:	2400      	movs	r4, #0
 a92:	2500      	movs	r5, #0
 a94:	b500      	push	{lr}
 a96:	f7ff fc71 	bl	37c <__morestack>
 a9a:	f85d eb04 	ldr.w	lr, [sp], #4
 a9e:	bc30      	pop	{r4, r5}
 aa0:	4770      	bx	lr
 aa2:	bc30      	pop	{r4, r5}
 aa4:	bf00      	nop
	...

00000aa8 <_ZN7failure17fail_bounds_check20h6672691d49ff1578FXv11v0.11.0.preE>:
 aa8:	b430      	push	{r4, r5}
 aaa:	ee1d 4f70 	mrc	15, 0, r4, cr13, cr0, {3}
 aae:	466d      	mov	r5, sp
 ab0:	e594      	b.n	5dc <_ZN4task20ha1ed6692363d03a5Zaa4v0.0E+0xbc>
 ab2:	4004      	ands	r4, r0
 ab4:	42ac      	cmp	r4, r5
 ab6:	d308      	bcc.n	aca <_ZN7failure17fail_bounds_check20h6672691d49ff1578FXv11v0.11.0.preE+0x22>
 ab8:	2400      	movs	r4, #0
 aba:	2500      	movs	r5, #0
 abc:	b500      	push	{lr}
 abe:	f7ff fc5d 	bl	37c <__morestack>
 ac2:	f85d eb04 	ldr.w	lr, [sp], #4
 ac6:	bc30      	pop	{r4, r5}
 ac8:	4770      	bx	lr
 aca:	bc30      	pop	{r4, r5}
 acc:	bf00      	nop
	...

00000ad0 <isr_adc>:
 ad0:	f3ef 8009 	mrs	r0, PSP
 ad4:	f3ef 8108 	mrs	r1, MSP
 ad8:	6982      	ldr	r2, [r0, #24]
 ada:	698b      	ldr	r3, [r1, #24]
 adc:	be00      	bkpt	0x0000
 ade:	4770      	bx	lr

00000ae0 <memcpy>:
 ae0:	2a00      	cmp	r2, #0
 ae2:	bfd8      	it	le
 ae4:	4770      	bxle	lr
 ae6:	f811 3b01 	ldrb.w	r3, [r1], #1
 aea:	3a01      	subs	r2, #1
 aec:	f800 3b01 	strb.w	r3, [r0], #1
 af0:	d1f9      	bne.n	ae6 <memcpy+0x6>
 af2:	4770      	bx	lr

00000af4 <abort>:
 af4:	be00      	bkpt	0x0000
 af6:	e7fe      	b.n	af6 <abort+0x2>

00000af8 <__aeabi_unwind_cpp_pr0>:
 af8:	e92d 4800 	stmdb	sp!, {fp, lr}
 afc:	f7ff fffa 	bl	af4 <abort>

00000b00 <isr_systick>:
 b00:	f3ef 8009 	mrs	r0, PSP
 b04:	e920 0ff0 	stmdb	r0!, {r4, r5, r6, r7, r8, r9, sl, fp}
 b08:	f380 8809 	msr	PSP, r0
 b0c:	f7ff fc44 	bl	398 <task_scheduler>
 b10:	f3ef 8009 	mrs	r0, PSP
 b14:	e8b0 0ff0 	ldmia.w	r0!, {r4, r5, r6, r7, r8, r9, sl, fp}
 b18:	f380 8809 	msr	PSP, r0
 b1c:	f8df e004 	ldr.w	lr, [pc, #4]	; b24 <isr_systick+0x24>
 b20:	4770      	bx	lr
 b22:	fffd0000 			; <UNDEFINED> instruction: 0xfffd0000
 b26:	f3efffff 			; <UNDEFINED> instruction: 0xf3efffff

00000b28 <isr_pendsv>:
 b28:	f3ef 8009 	mrs	r0, PSP
 b2c:	e920 0ff0 	stmdb	r0!, {r4, r5, r6, r7, r8, r9, sl, fp}
 b30:	f380 8809 	msr	PSP, r0
 b34:	f7ff fc30 	bl	398 <task_scheduler>
 b38:	f3ef 8009 	mrs	r0, PSP
 b3c:	e8b0 0ff0 	ldmia.w	r0!, {r4, r5, r6, r7, r8, r9, sl, fp}
 b40:	f380 8809 	msr	PSP, r0
 b44:	f8df e004 	ldr.w	lr, [pc, #4]	; b4c <isr_pendsv+0x24>
 b48:	4770      	bx	lr
 b4a:	fffd0000 			; <UNDEFINED> instruction: 0xfffd0000
 b4e:	f3efffff 			; <UNDEFINED> instruction: 0xf3efffff

00000b50 <isr_svcall>:
 b50:	f3ef 8209 	mrs	r2, PSP
 b54:	6811      	ldr	r1, [r2, #0]
 b56:	6850      	ldr	r0, [r2, #4]
 b58:	b500      	push	{lr}
 b5a:	4788      	blx	r1
 b5c:	bd00      	pop	{pc}
 b5e:	bf00      	nop

00000b60 <syscall>:
 b60:	df00      	svc	0
 b62:	4770      	bx	lr

00000b64 <__aeabi_uidiv>:
 b64:	2900      	cmp	r1, #0
 b66:	d002      	beq.n	b6e <__aeabi_uidiv+0xa>
 b68:	fbb0 f0f1 	udiv	r0, r0, r1
 b6c:	4770      	bx	lr
 b6e:	b108      	cbz	r0, b74 <__aeabi_uidiv+0x10>
 b70:	f04f 30ff 	mov.w	r0, #4294967295	; 0xffffffff
 b74:	f000 b808 	b.w	b88 <__aeabi_idiv0>

00000b78 <__aeabi_uidivmod>:
 b78:	2900      	cmp	r1, #0
 b7a:	d0f8      	beq.n	b6e <__aeabi_uidiv+0xa>
 b7c:	4602      	mov	r2, r0
 b7e:	fbb0 f0f1 	udiv	r0, r0, r1
 b82:	fb00 2111 	mls	r1, r0, r1, r2
 b86:	4770      	bx	lr

00000b88 <__aeabi_idiv0>:
 b88:	4770      	bx	lr
 b8a:	bf00      	nop

00000b8c <str444>:
 b8c:	6b736174 	blvs	1cd9164 <_data_load+0x1cd857c>
 b90:	00000020 	andeq	r0, r0, r0, lsr #32

00000b94 <str445>:
 b94:	61747320 	cmnvs	r4, r0, lsr #6
 b98:	64657472 	strbtvs	r7, [r5], #-1138	; 0x472
 b9c:	0000000a 	andeq	r0, r0, sl

00000ba0 <str446>:
 ba0:	6e6e7572 	mcrvs	5, 3, r7, cr14, cr2, {3}
 ba4:	20676e69 	rsbcs	r6, r7, r9, ror #28
 ba8:	74206e69 	strtvc	r6, [r0], #-3689	; 0xe69
 bac:	206b7361 	rsbcs	r7, fp, r1, ror #6

00000bb0 <str447>:
 bb0:	0000000a 	andeq	r0, r0, sl
	...

00000bc0 <str449>:
 bc0:	6e6e7572 	mcrvs	5, 3, r7, cr14, cr2, {3}
 bc4:	20676e69 	rsbcs	r6, r7, r9, ror #28
 bc8:	6d206e69 	stcvs	14, cr6, [r0, #-420]!	; 0xfffffe5c
 bcc:	206e6961 	rsbcs	r6, lr, r1, ror #18
 bd0:	6b736174 	blvs	1cd91a8 <_data_load+0x1cd85c0>
 bd4:	0000000a 	andeq	r0, r0, sl
 bd8:	00000004 	andeq	r0, r0, r4
 bdc:	00000001 	andeq	r0, r0, r1
 be0:	00000002 	andeq	r0, r0, r2
 be4:	00000008 	andeq	r0, r0, r8

Disassembly of section .bss:

10000040 <_bss>:
	...

10000080 <_MergedGlobals>:
	...

10000088 <_ebss>:
10000088:	00000000 	andeq	r0, r0, r0

1000008c <__STACK_LIMIT>:
1000008c:	00000000 	andeq	r0, r0, r0

Disassembly of section .ARM.attributes:

00000000 <.ARM.attributes>:
   0:	00002841 	andeq	r2, r0, r1, asr #16
   4:	61656100 	cmnvs	r5, r0, lsl #2
   8:	01006962 	tsteq	r0, r2, ror #18
   c:	0000001e 	andeq	r0, r0, lr, lsl r0
  10:	524f4305 	subpl	r4, pc, #335544320	; 0x14000000
  14:	2d584554 	cfldr64cs	mvdx4, [r8, #-336]	; 0xfffffeb0
  18:	0600334d 	streq	r3, [r0], -sp, asr #6
  1c:	094d070a 	stmdbeq	sp, {r1, r3, r8, r9, sl}^
  20:	15011402 	strne	r1, [r1, #-1026]	; 0x402
  24:	18031701 	stmdane	r3, {r0, r8, r9, sl, ip}
  28:	Address 0x0000000000000028 is out of bounds.


Disassembly of section .debug_frame:

00000000 <.debug_frame>:
   0:	0000000c 	andeq	r0, r0, ip
   4:	ffffffff 			; <UNDEFINED> instruction: 0xffffffff
   8:	7c010001 	stcvc	0, cr0, [r1], {1}
   c:	000d0c0e 	andeq	r0, sp, lr, lsl #24
  10:	0000000c 	andeq	r0, r0, ip
  14:	00000000 	andeq	r0, r0, r0
  18:	00000b65 	andeq	r0, r0, r5, ror #22
  1c:	00000014 	andeq	r0, r0, r4, lsl r0
