
/home/travis/build/hackndev/zinc/build/app_uart.elf:     file format elf32-littlearm


Disassembly of section .text:

00000000 <ISRVectors>:
   0:	10002000 	andne	r2, r0, r0
   4:	000000cd 	andeq	r0, r0, sp, asr #1
   8:	000006ed 	andeq	r0, r0, sp, ror #13
   c:	000006ed 	andeq	r0, r0, sp, ror #13
  10:	000006ed 	andeq	r0, r0, sp, ror #13
  14:	000006ed 	andeq	r0, r0, sp, ror #13
  18:	000006ed 	andeq	r0, r0, sp, ror #13
  1c:	efffd159 	svc	0x00ffd159
	...
  2c:	000006ed 	andeq	r0, r0, sp, ror #13
	...
  38:	000006ed 	andeq	r0, r0, sp, ror #13
  3c:	000006ed 	andeq	r0, r0, sp, ror #13

00000040 <NVICVectors>:
  40:	000006ed 	andeq	r0, r0, sp, ror #13
  44:	000006ed 	andeq	r0, r0, sp, ror #13
  48:	000006ed 	andeq	r0, r0, sp, ror #13
  4c:	000006ed 	andeq	r0, r0, sp, ror #13
  50:	000006ed 	andeq	r0, r0, sp, ror #13
  54:	000006ed 	andeq	r0, r0, sp, ror #13
  58:	000006ed 	andeq	r0, r0, sp, ror #13
  5c:	000006ed 	andeq	r0, r0, sp, ror #13
  60:	000006ed 	andeq	r0, r0, sp, ror #13
  64:	000006ed 	andeq	r0, r0, sp, ror #13
  68:	000006ed 	andeq	r0, r0, sp, ror #13
  6c:	000006ed 	andeq	r0, r0, sp, ror #13
  70:	000006ed 	andeq	r0, r0, sp, ror #13
  74:	000006ed 	andeq	r0, r0, sp, ror #13
  78:	000006ed 	andeq	r0, r0, sp, ror #13
  7c:	000006ed 	andeq	r0, r0, sp, ror #13
  80:	000006ed 	andeq	r0, r0, sp, ror #13
  84:	000006ed 	andeq	r0, r0, sp, ror #13
  88:	000006ed 	andeq	r0, r0, sp, ror #13
  8c:	000006ed 	andeq	r0, r0, sp, ror #13
  90:	000006ed 	andeq	r0, r0, sp, ror #13
  94:	000006ed 	andeq	r0, r0, sp, ror #13
  98:	000006ed 	andeq	r0, r0, sp, ror #13
  9c:	000006ed 	andeq	r0, r0, sp, ror #13
  a0:	000006ed 	andeq	r0, r0, sp, ror #13
  a4:	000006ed 	andeq	r0, r0, sp, ror #13
  a8:	000006ed 	andeq	r0, r0, sp, ror #13
  ac:	000006ed 	andeq	r0, r0, sp, ror #13
  b0:	000006ed 	andeq	r0, r0, sp, ror #13
  b4:	000006ed 	andeq	r0, r0, sp, ror #13
  b8:	000006ed 	andeq	r0, r0, sp, ror #13
  bc:	000006ed 	andeq	r0, r0, sp, ror #13
  c0:	000006ed 	andeq	r0, r0, sp, ror #13
  c4:	000006ed 	andeq	r0, r0, sp, ror #13
  c8:	000006ed 	andeq	r0, r0, sp, ror #13

000000cc <main>:
  cc:	e92d 4ff0 	stmdb	sp!, {r4, r5, r6, r7, r8, r9, sl, fp, lr}
  d0:	b0b5      	sub	sp, #212	; 0xd4
  d2:	f240 0004 	movw	r0, #4
  d6:	f240 0108 	movw	r1, #8
  da:	f2c1 0000 	movt	r0, #4096	; 0x1000
  de:	f2c1 0100 	movt	r1, #4096	; 0x1000
  e2:	6001      	str	r1, [r0, #0]
  e4:	f240 0000 	movw	r0, #0
  e8:	f240 0100 	movw	r1, #0
  ec:	f2c1 0000 	movt	r0, #4096	; 0x1000
  f0:	f2c1 0100 	movt	r1, #4096	; 0x1000
  f4:	4288      	cmp	r0, r1
  f6:	d209      	bcs.n	10c <main+0x40>
  f8:	f240 7218 	movw	r2, #1816	; 0x718
  fc:	f2c0 0200 	movt	r2, #0
 100:	f852 3b04 	ldr.w	r3, [r2], #4
 104:	f840 3b04 	str.w	r3, [r0], #4
 108:	4288      	cmp	r0, r1
 10a:	d3f9      	bcc.n	100 <main+0x34>
 10c:	f240 0000 	movw	r0, #0
 110:	f240 0100 	movw	r1, #0
 114:	f2c1 0000 	movt	r0, #4096	; 0x1000
 118:	f2c1 0100 	movt	r1, #4096	; 0x1000
 11c:	4288      	cmp	r0, r1
 11e:	d204      	bcs.n	12a <main+0x5e>
 120:	2200      	movs	r2, #0
 122:	f840 2b04 	str.w	r2, [r0], #4
 126:	4288      	cmp	r0, r1
 128:	d3fb      	bcc.n	122 <main+0x56>
 12a:	f24c 10a0 	movw	r0, #49568	; 0xc1a0
 12e:	2120      	movs	r1, #32
 130:	f2c4 000f 	movt	r0, #16399	; 0x400f
 134:	6001      	str	r1, [r0, #0]
 136:	6801      	ldr	r1, [r0, #0]
 138:	f011 0f40 	tst.w	r1, #64	; 0x40
 13c:	d0fb      	beq.n	136 <main+0x6a>
 13e:	f24c 0000 	movw	r0, #49152	; 0xc000
 142:	f44f 4180 	mov.w	r1, #16384	; 0x4000
 146:	2231      	movs	r2, #49	; 0x31
 148:	23aa      	movs	r3, #170	; 0xaa
 14a:	2755      	movs	r7, #85	; 0x55
 14c:	f2c4 000f 	movt	r0, #16399	; 0x400f
 150:	f2c0 0202 	movt	r2, #2
 154:	6001      	str	r1, [r0, #0]
 156:	f24c 100c 	movw	r0, #49420	; 0xc10c
 15a:	2101      	movs	r1, #1
 15c:	f2c4 000f 	movt	r0, #16399	; 0x400f
 160:	6001      	str	r1, [r0, #0]
 162:	f24c 0084 	movw	r0, #49284	; 0xc084
 166:	f2c4 000f 	movt	r0, #16399	; 0x400f
 16a:	6002      	str	r2, [r0, #0]
 16c:	f24c 008c 	movw	r0, #49292	; 0xc08c
 170:	f24c 0280 	movw	r2, #49280	; 0xc080
 174:	f2c4 000f 	movt	r0, #16399	; 0x400f
 178:	f2c4 020f 	movt	r2, #16399	; 0x400f
 17c:	6003      	str	r3, [r0, #0]
 17e:	6007      	str	r7, [r0, #0]
 180:	6011      	str	r1, [r2, #0]
 182:	f24c 0188 	movw	r1, #49288	; 0xc088
 186:	6003      	str	r3, [r0, #0]
 188:	6007      	str	r7, [r0, #0]
 18a:	f2c4 010f 	movt	r1, #16399	; 0x400f
 18e:	680b      	ldr	r3, [r1, #0]
 190:	f013 7f80 	tst.w	r3, #16777216	; 0x1000000
 194:	d0fb      	beq.n	18e <main+0xc2>
 196:	f24c 1304 	movw	r3, #49412	; 0xc104
 19a:	2703      	movs	r7, #3
 19c:	f2c4 030f 	movt	r3, #16399	; 0x400f
 1a0:	601f      	str	r7, [r3, #0]
 1a2:	680b      	ldr	r3, [r1, #0]
 1a4:	f013 6f80 	tst.w	r3, #67108864	; 0x4000000
 1a8:	d0fb      	beq.n	1a2 <main+0xd6>
 1aa:	2303      	movs	r3, #3
 1ac:	6013      	str	r3, [r2, #0]
 1ae:	22aa      	movs	r2, #170	; 0xaa
 1b0:	6002      	str	r2, [r0, #0]
 1b2:	2255      	movs	r2, #85	; 0x55
 1b4:	6002      	str	r2, [r0, #0]
 1b6:	6808      	ldr	r0, [r1, #0]
 1b8:	f010 7f00 	tst.w	r0, #33554432	; 0x2000000
 1bc:	d0fb      	beq.n	1b6 <main+0xea>
 1be:	f24c 01c4 	movw	r1, #49348	; 0xc0c4
 1c2:	f24c 12a8 	movw	r2, #49576	; 0xc1a8
 1c6:	f248 0900 	movw	r9, #32768	; 0x8000
 1ca:	2300      	movs	r3, #0
 1cc:	f2c4 010f 	movt	r1, #16399	; 0x400f
 1d0:	f2c4 020f 	movt	r2, #16399	; 0x400f
 1d4:	f2c4 0900 	movt	r9, #16384	; 0x4000
 1d8:	6808      	ldr	r0, [r1, #0]
 1da:	f040 0004 	orr.w	r0, r0, #4
 1de:	6008      	str	r0, [r1, #0]
 1e0:	6810      	ldr	r0, [r2, #0]
 1e2:	f020 000c 	bic.w	r0, r0, #12
 1e6:	6010      	str	r0, [r2, #0]
 1e8:	f8c9 3038 	str.w	r3, [r9, #56]	; 0x38
 1ec:	2302      	movs	r3, #2
 1ee:	f8c9 3004 	str.w	r3, [r9, #4]
 1f2:	2318      	movs	r3, #24
 1f4:	f8c9 300c 	str.w	r3, [r9, #12]
 1f8:	2301      	movs	r3, #1
 1fa:	f8c9 3004 	str.w	r3, [r9, #4]
 1fe:	680b      	ldr	r3, [r1, #0]
 200:	f043 0308 	orr.w	r3, r3, #8
 204:	600b      	str	r3, [r1, #0]
 206:	f24c 0100 	movw	r1, #49152	; 0xc000
 20a:	2380      	movs	r3, #128	; 0x80
 20c:	f2c4 0100 	movt	r1, #16384	; 0x4000
 210:	60cb      	str	r3, [r1, #12]
 212:	6812      	ldr	r2, [r2, #0]
 214:	f3c2 02c1 	ubfx	r2, r2, #3, #2
 218:	2a04      	cmp	r2, #4
 21a:	f080 8266 	bcs.w	6ea <main+0x61e>
 21e:	f240 7308 	movw	r3, #1800	; 0x708
 222:	f2c0 0300 	movt	r3, #0
 226:	f853 2022 	ldr.w	r2, [r3, r2, lsl #2]
 22a:	f24e 1300 	movw	r3, #57600	; 0xe100
 22e:	f2c0 53f5 	movt	r3, #1525	; 0x5f5
 232:	fbb3 f7f2 	udiv	r7, r3, r2
 236:	f24b 32c5 	movw	r2, #46021	; 0xb3c5
 23a:	f2c9 12a2 	movt	r2, #37282	; 0x91a2
 23e:	9703      	str	r7, [sp, #12]
 240:	fba7 2302 	umull	r2, r3, r7, r2
 244:	0d18      	lsrs	r0, r3, #20
 246:	f44f 12e1 	mov.w	r2, #1843200	; 0x1c2000
 24a:	fb00 7212 	mls	r2, r0, r2, r7
 24e:	9007      	str	r0, [sp, #28]
 250:	2a00      	cmp	r2, #0
 252:	d072      	beq.n	33a <main+0x26e>
 254:	007a      	lsls	r2, r7, #1
 256:	00bb      	lsls	r3, r7, #2
 258:	2501      	movs	r5, #1
 25a:	2608      	movs	r6, #8
 25c:	f44f 34e1 	mov.w	r4, #115200	; 0x1c200
 260:	f44f 38e1 	mov.w	r8, #115200	; 0x1c200
 264:	f04f 0b01 	mov.w	fp, #1
 268:	2000      	movs	r0, #0
 26a:	9202      	str	r2, [sp, #8]
 26c:	9301      	str	r3, [sp, #4]
 26e:	436a      	muls	r2, r5
 270:	fb05 fc07 	mul.w	ip, r5, r7
 274:	9605      	str	r6, [sp, #20]
 276:	f04f 0a00 	mov.w	sl, #0
 27a:	9404      	str	r4, [sp, #16]
 27c:	9208      	str	r2, [sp, #32]
 27e:	fb03 f205 	mul.w	r2, r3, r5
 282:	f00c 4380 	and.w	r3, ip, #1073741824	; 0x40000000
 286:	9206      	str	r2, [sp, #24]
 288:	4632      	mov	r2, r6
 28a:	4626      	mov	r6, r4
 28c:	9309      	str	r3, [sp, #36]	; 0x24
 28e:	9b09      	ldr	r3, [sp, #36]	; 0x24
 290:	b123      	cbz	r3, 29c <main+0x1d0>
 292:	9b08      	ldr	r3, [sp, #32]
 294:	fbb3 f3f6 	udiv	r3, r3, r6
 298:	091f      	lsrs	r7, r3, #4
 29a:	e003      	b.n	2a4 <main+0x1d8>
 29c:	9b06      	ldr	r3, [sp, #24]
 29e:	fbb3 f3f6 	udiv	r3, r3, r6
 2a2:	095f      	lsrs	r7, r3, #5
 2a4:	1c7b      	adds	r3, r7, #1
 2a6:	2400      	movs	r4, #0
 2a8:	ebb4 0f53 	cmp.w	r4, r3, lsr #1
 2ac:	ea4f 0753 	mov.w	r7, r3, lsr #1
 2b0:	f04f 0300 	mov.w	r3, #0
 2b4:	4654      	mov	r4, sl
 2b6:	bf08      	it	eq
 2b8:	2701      	moveq	r7, #1
 2ba:	2f02      	cmp	r7, #2
 2bc:	bf38      	it	cc
 2be:	2301      	movcc	r3, #1
 2c0:	f1ba 0f00 	cmp.w	sl, #0
 2c4:	bf18      	it	ne
 2c6:	2401      	movne	r4, #1
 2c8:	421c      	tst	r4, r3
 2ca:	bf18      	it	ne
 2cc:	2702      	movne	r7, #2
 2ce:	fb07 f302 	mul.w	r3, r7, r2
 2d2:	2b00      	cmp	r3, #0
 2d4:	f000 8204 	beq.w	6e0 <main+0x614>
 2d8:	fbbc f3f3 	udiv	r3, ip, r3
 2dc:	f643 6400 	movw	r4, #15872	; 0x3e00
 2e0:	3301      	adds	r3, #1
 2e2:	f6cf 74fe 	movt	r4, #65534	; 0xfffe
 2e6:	eb04 0e53 	add.w	lr, r4, r3, lsr #1
 2ea:	f44f 34e1 	mov.w	r4, #115200	; 0x1c200
 2ee:	f1be 0f00 	cmp.w	lr, #0
 2f2:	bfb8      	it	lt
 2f4:	eba4 0e53 	sublt.w	lr, r4, r3, lsr #1
 2f8:	45c6      	cmp	lr, r8
 2fa:	d206      	bcs.n	30a <main+0x23e>
 2fc:	4650      	mov	r0, sl
 2fe:	46ab      	mov	fp, r5
 300:	46f0      	mov	r8, lr
 302:	f5be 3fe1 	cmp.w	lr, #115200	; 0x1c200
 306:	9707      	str	r7, [sp, #28]
 308:	d013      	beq.n	332 <main+0x266>
 30a:	f10a 0a01 	add.w	sl, sl, #1
 30e:	f506 36e1 	add.w	r6, r6, #115200	; 0x1c200
 312:	3208      	adds	r2, #8
 314:	45aa      	cmp	sl, r5
 316:	d3ba      	bcc.n	28e <main+0x1c2>
 318:	9c04      	ldr	r4, [sp, #16]
 31a:	9e05      	ldr	r6, [sp, #20]
 31c:	9f03      	ldr	r7, [sp, #12]
 31e:	9a02      	ldr	r2, [sp, #8]
 320:	9b01      	ldr	r3, [sp, #4]
 322:	3501      	adds	r5, #1
 324:	2d10      	cmp	r5, #16
 326:	f504 34e1 	add.w	r4, r4, #115200	; 0x1c200
 32a:	f106 0608 	add.w	r6, r6, #8
 32e:	d39e      	bcc.n	26e <main+0x1a2>
 330:	e006      	b.n	340 <main+0x274>
 332:	9707      	str	r7, [sp, #28]
 334:	4650      	mov	r0, sl
 336:	46ab      	mov	fp, r5
 338:	e002      	b.n	340 <main+0x274>
 33a:	2000      	movs	r0, #0
 33c:	f04f 0b01 	mov.w	fp, #1
 340:	9b07      	ldr	r3, [sp, #28]
 342:	f24c 0c20 	movw	ip, #49184	; 0xc020
 346:	f2c2 0c09 	movt	ip, #8201	; 0x2009
 34a:	f3c3 2207 	ubfx	r2, r3, #8, #8
 34e:	604a      	str	r2, [r1, #4]
 350:	b2da      	uxtb	r2, r3
 352:	600a      	str	r2, [r1, #0]
 354:	ea40 120b 	orr.w	r2, r0, fp, lsl #4
 358:	2001      	movs	r0, #1
 35a:	628a      	str	r2, [r1, #40]	; 0x28
 35c:	2203      	movs	r2, #3
 35e:	60ca      	str	r2, [r1, #12]
 360:	68ca      	ldr	r2, [r1, #12]
 362:	f002 0280 	and.w	r2, r2, #128	; 0x80
 366:	f042 0203 	orr.w	r2, r2, #3
 36a:	60ca      	str	r2, [r1, #12]
 36c:	f24c 0200 	movw	r2, #49152	; 0xc000
 370:	6088      	str	r0, [r1, #8]
 372:	f2c4 0202 	movt	r2, #16386	; 0x4002
 376:	6813      	ldr	r3, [r2, #0]
 378:	f360 1305 	bfi	r3, r0, #4, #2
 37c:	6013      	str	r3, [r2, #0]
 37e:	6813      	ldr	r3, [r2, #0]
 380:	f360 1387 	bfi	r3, r0, #6, #2
 384:	2000      	movs	r0, #0
 386:	6013      	str	r3, [r2, #0]
 388:	f24c 020c 	movw	r2, #49164	; 0xc00c
 38c:	2800      	cmp	r0, #0
 38e:	f2c4 0202 	movt	r2, #16386	; 0x4002
 392:	6813      	ldr	r3, [r2, #0]
 394:	f423 4340 	bic.w	r3, r3, #49152	; 0xc000
 398:	6013      	str	r3, [r2, #0]
 39a:	f8dc 2000 	ldr.w	r2, [ip]
 39e:	f442 0200 	orr.w	r2, r2, #8388608	; 0x800000
 3a2:	f8cc 2000 	str.w	r2, [ip]
 3a6:	d14d      	bne.n	444 <main+0x378>
 3a8:	694a      	ldr	r2, [r1, #20]
 3aa:	f012 0f20 	tst.w	r2, #32
 3ae:	d0fb      	beq.n	3a8 <main+0x2dc>
 3b0:	2248      	movs	r2, #72	; 0x48
 3b2:	600a      	str	r2, [r1, #0]
 3b4:	694a      	ldr	r2, [r1, #20]
 3b6:	f012 0f20 	tst.w	r2, #32
 3ba:	d0fb      	beq.n	3b4 <main+0x2e8>
 3bc:	2265      	movs	r2, #101	; 0x65
 3be:	600a      	str	r2, [r1, #0]
 3c0:	694a      	ldr	r2, [r1, #20]
 3c2:	f012 0f20 	tst.w	r2, #32
 3c6:	d0fb      	beq.n	3c0 <main+0x2f4>
 3c8:	226c      	movs	r2, #108	; 0x6c
 3ca:	600a      	str	r2, [r1, #0]
 3cc:	694a      	ldr	r2, [r1, #20]
 3ce:	f012 0f20 	tst.w	r2, #32
 3d2:	d0fb      	beq.n	3cc <main+0x300>
 3d4:	226c      	movs	r2, #108	; 0x6c
 3d6:	600a      	str	r2, [r1, #0]
 3d8:	694a      	ldr	r2, [r1, #20]
 3da:	f012 0f20 	tst.w	r2, #32
 3de:	d0fb      	beq.n	3d8 <main+0x30c>
 3e0:	226f      	movs	r2, #111	; 0x6f
 3e2:	600a      	str	r2, [r1, #0]
 3e4:	694a      	ldr	r2, [r1, #20]
 3e6:	f012 0f20 	tst.w	r2, #32
 3ea:	d0fb      	beq.n	3e4 <main+0x318>
 3ec:	222c      	movs	r2, #44	; 0x2c
 3ee:	600a      	str	r2, [r1, #0]
 3f0:	694a      	ldr	r2, [r1, #20]
 3f2:	f012 0f20 	tst.w	r2, #32
 3f6:	d0fb      	beq.n	3f0 <main+0x324>
 3f8:	2220      	movs	r2, #32
 3fa:	600a      	str	r2, [r1, #0]
 3fc:	694a      	ldr	r2, [r1, #20]
 3fe:	f012 0f20 	tst.w	r2, #32
 402:	d0fb      	beq.n	3fc <main+0x330>
 404:	2277      	movs	r2, #119	; 0x77
 406:	600a      	str	r2, [r1, #0]
 408:	694a      	ldr	r2, [r1, #20]
 40a:	f012 0f20 	tst.w	r2, #32
 40e:	d0fb      	beq.n	408 <main+0x33c>
 410:	226f      	movs	r2, #111	; 0x6f
 412:	600a      	str	r2, [r1, #0]
 414:	694a      	ldr	r2, [r1, #20]
 416:	f012 0f20 	tst.w	r2, #32
 41a:	d0fb      	beq.n	414 <main+0x348>
 41c:	2272      	movs	r2, #114	; 0x72
 41e:	600a      	str	r2, [r1, #0]
 420:	694a      	ldr	r2, [r1, #20]
 422:	f012 0f20 	tst.w	r2, #32
 426:	d0fb      	beq.n	420 <main+0x354>
 428:	226c      	movs	r2, #108	; 0x6c
 42a:	600a      	str	r2, [r1, #0]
 42c:	694a      	ldr	r2, [r1, #20]
 42e:	f012 0f20 	tst.w	r2, #32
 432:	d0fb      	beq.n	42c <main+0x360>
 434:	2264      	movs	r2, #100	; 0x64
 436:	600a      	str	r2, [r1, #0]
 438:	694a      	ldr	r2, [r1, #20]
 43a:	f012 0f20 	tst.w	r2, #32
 43e:	d0fb      	beq.n	438 <main+0x36c>
 440:	220a      	movs	r2, #10
 442:	600a      	str	r2, [r1, #0]
 444:	f244 273f 	movw	r7, #16959	; 0x423f
 448:	f64c 4acd 	movw	sl, #52429	; 0xcccd
 44c:	ac0a      	add	r4, sp, #40	; 0x28
 44e:	2300      	movs	r3, #0
 450:	f44f 0600 	mov.w	r6, #8388608	; 0x800000
 454:	f10d 08a8 	add.w	r8, sp, #168	; 0xa8
 458:	f04f 0b62 	mov.w	fp, #98	; 0x62
 45c:	f10d 0e60 	add.w	lr, sp, #96	; 0x60
 460:	2000      	movs	r0, #0
 462:	f104 0520 	add.w	r5, r4, #32
 466:	f2c0 070f 	movt	r7, #15
 46a:	f6cc 4acc 	movt	sl, #52428	; 0xcccc
 46e:	e001      	b.n	474 <main+0x3a8>
 470:	9809      	ldr	r0, [sp, #36]	; 0x24
 472:	3001      	adds	r0, #1
 474:	f8cc 6018 	str.w	r6, [ip, #24]
 478:	2b00      	cmp	r3, #0
 47a:	d149      	bne.n	510 <main+0x444>
 47c:	694a      	ldr	r2, [r1, #20]
 47e:	f012 0f20 	tst.w	r2, #32
 482:	d0fb      	beq.n	47c <main+0x3b0>
 484:	4603      	mov	r3, r0
 486:	2057      	movs	r0, #87	; 0x57
 488:	6008      	str	r0, [r1, #0]
 48a:	694a      	ldr	r2, [r1, #20]
 48c:	f012 0f20 	tst.w	r2, #32
 490:	d0fb      	beq.n	48a <main+0x3be>
 492:	2061      	movs	r0, #97	; 0x61
 494:	6008      	str	r0, [r1, #0]
 496:	694a      	ldr	r2, [r1, #20]
 498:	f012 0f20 	tst.w	r2, #32
 49c:	d0fb      	beq.n	496 <main+0x3ca>
 49e:	2069      	movs	r0, #105	; 0x69
 4a0:	6008      	str	r0, [r1, #0]
 4a2:	694a      	ldr	r2, [r1, #20]
 4a4:	f012 0f20 	tst.w	r2, #32
 4a8:	d0fb      	beq.n	4a2 <main+0x3d6>
 4aa:	2074      	movs	r0, #116	; 0x74
 4ac:	6008      	str	r0, [r1, #0]
 4ae:	694a      	ldr	r2, [r1, #20]
 4b0:	f012 0f20 	tst.w	r2, #32
 4b4:	d0fb      	beq.n	4ae <main+0x3e2>
 4b6:	2069      	movs	r0, #105	; 0x69
 4b8:	6008      	str	r0, [r1, #0]
 4ba:	694a      	ldr	r2, [r1, #20]
 4bc:	f012 0f20 	tst.w	r2, #32
 4c0:	d0fb      	beq.n	4ba <main+0x3ee>
 4c2:	206e      	movs	r0, #110	; 0x6e
 4c4:	6008      	str	r0, [r1, #0]
 4c6:	694a      	ldr	r2, [r1, #20]
 4c8:	f012 0f20 	tst.w	r2, #32
 4cc:	d0fb      	beq.n	4c6 <main+0x3fa>
 4ce:	2067      	movs	r0, #103	; 0x67
 4d0:	6008      	str	r0, [r1, #0]
 4d2:	694a      	ldr	r2, [r1, #20]
 4d4:	f012 0f20 	tst.w	r2, #32
 4d8:	d0fb      	beq.n	4d2 <main+0x406>
 4da:	2020      	movs	r0, #32
 4dc:	6008      	str	r0, [r1, #0]
 4de:	694a      	ldr	r2, [r1, #20]
 4e0:	f012 0f20 	tst.w	r2, #32
 4e4:	d0fb      	beq.n	4de <main+0x412>
 4e6:	2066      	movs	r0, #102	; 0x66
 4e8:	6008      	str	r0, [r1, #0]
 4ea:	694a      	ldr	r2, [r1, #20]
 4ec:	f012 0f20 	tst.w	r2, #32
 4f0:	d0fb      	beq.n	4ea <main+0x41e>
 4f2:	206f      	movs	r0, #111	; 0x6f
 4f4:	6008      	str	r0, [r1, #0]
 4f6:	694a      	ldr	r2, [r1, #20]
 4f8:	f012 0f20 	tst.w	r2, #32
 4fc:	d0fb      	beq.n	4f6 <main+0x42a>
 4fe:	2072      	movs	r0, #114	; 0x72
 500:	6008      	str	r0, [r1, #0]
 502:	694a      	ldr	r2, [r1, #20]
 504:	f012 0f20 	tst.w	r2, #32
 508:	d0fb      	beq.n	502 <main+0x436>
 50a:	2020      	movs	r0, #32
 50c:	6008      	str	r0, [r1, #0]
 50e:	4618      	mov	r0, r3
 510:	2200      	movs	r2, #0
 512:	4603      	mov	r3, r0
 514:	9009      	str	r0, [sp, #36]	; 0x24
 516:	2800      	cmp	r0, #0
 518:	9211      	str	r2, [sp, #68]	; 0x44
 51a:	9210      	str	r2, [sp, #64]	; 0x40
 51c:	920f      	str	r2, [sp, #60]	; 0x3c
 51e:	920e      	str	r2, [sp, #56]	; 0x38
 520:	920d      	str	r2, [sp, #52]	; 0x34
 522:	920c      	str	r2, [sp, #48]	; 0x30
 524:	920b      	str	r2, [sp, #44]	; 0x2c
 526:	920a      	str	r2, [sp, #40]	; 0x28
 528:	d05f      	beq.n	5ea <main+0x51e>
 52a:	2a1f      	cmp	r2, #31
 52c:	f200 80c2 	bhi.w	6b4 <main+0x5e8>
 530:	fba3 060a 	umull	r0, r6, r3, sl
 534:	2b0a      	cmp	r3, #10
 536:	ea4f 00d6 	mov.w	r0, r6, lsr #3
 53a:	eb00 0680 	add.w	r6, r0, r0, lsl #2
 53e:	eba3 0646 	sub.w	r6, r3, r6, lsl #1
 542:	4603      	mov	r3, r0
 544:	f808 6002 	strb.w	r6, [r8, r2]
 548:	f102 0201 	add.w	r2, r2, #1
 54c:	d2ed      	bcs.n	52a <main+0x45e>
 54e:	3a01      	subs	r2, #1
 550:	4666      	mov	r6, ip
 552:	4623      	mov	r3, r4
 554:	f1b2 3fff 	cmp.w	r2, #4294967295	; 0xffffffff
 558:	dd4c      	ble.n	5f4 <main+0x528>
 55a:	f04f 0c00 	mov.w	ip, #0
 55e:	2030      	movs	r0, #48	; 0x30
 560:	2a1f      	cmp	r2, #31
 562:	9018      	str	r0, [sp, #96]	; 0x60
 564:	f04f 0031 	mov.w	r0, #49	; 0x31
 568:	9019      	str	r0, [sp, #100]	; 0x64
 56a:	f04f 0032 	mov.w	r0, #50	; 0x32
 56e:	901a      	str	r0, [sp, #104]	; 0x68
 570:	f04f 0033 	mov.w	r0, #51	; 0x33
 574:	901b      	str	r0, [sp, #108]	; 0x6c
 576:	f04f 0034 	mov.w	r0, #52	; 0x34
 57a:	901c      	str	r0, [sp, #112]	; 0x70
 57c:	f04f 0035 	mov.w	r0, #53	; 0x35
 580:	901d      	str	r0, [sp, #116]	; 0x74
 582:	f04f 0036 	mov.w	r0, #54	; 0x36
 586:	901e      	str	r0, [sp, #120]	; 0x78
 588:	f04f 0037 	mov.w	r0, #55	; 0x37
 58c:	901f      	str	r0, [sp, #124]	; 0x7c
 58e:	f04f 0038 	mov.w	r0, #56	; 0x38
 592:	9020      	str	r0, [sp, #128]	; 0x80
 594:	f04f 0039 	mov.w	r0, #57	; 0x39
 598:	9021      	str	r0, [sp, #132]	; 0x84
 59a:	f04f 0061 	mov.w	r0, #97	; 0x61
 59e:	9022      	str	r0, [sp, #136]	; 0x88
 5a0:	f04f 0063 	mov.w	r0, #99	; 0x63
 5a4:	f8cd b08c 	str.w	fp, [sp, #140]	; 0x8c
 5a8:	9024      	str	r0, [sp, #144]	; 0x90
 5aa:	f04f 0064 	mov.w	r0, #100	; 0x64
 5ae:	9025      	str	r0, [sp, #148]	; 0x94
 5b0:	f04f 0065 	mov.w	r0, #101	; 0x65
 5b4:	9026      	str	r0, [sp, #152]	; 0x98
 5b6:	f04f 0066 	mov.w	r0, #102	; 0x66
 5ba:	9027      	str	r0, [sp, #156]	; 0x9c
 5bc:	f200 807f 	bhi.w	6be <main+0x5f2>
 5c0:	f818 3002 	ldrb.w	r3, [r8, r2]
 5c4:	2b0f      	cmp	r3, #15
 5c6:	f200 807f 	bhi.w	6c8 <main+0x5fc>
 5ca:	f1bc 0f20 	cmp.w	ip, #32
 5ce:	f080 8081 	bcs.w	6d4 <main+0x608>
 5d2:	f85e 0023 	ldr.w	r0, [lr, r3, lsl #2]
 5d6:	3a01      	subs	r2, #1
 5d8:	4623      	mov	r3, r4
 5da:	f1b2 3fff 	cmp.w	r2, #4294967295	; 0xffffffff
 5de:	f804 000c 	strb.w	r0, [r4, ip]
 5e2:	f10c 0c01 	add.w	ip, ip, #1
 5e6:	dcba      	bgt.n	55e <main+0x492>
 5e8:	e004      	b.n	5f4 <main+0x528>
 5ea:	2030      	movs	r0, #48	; 0x30
 5ec:	4666      	mov	r6, ip
 5ee:	4623      	mov	r3, r4
 5f0:	f88d 0028 	strb.w	r0, [sp, #40]	; 0x28
 5f4:	f813 2b01 	ldrb.w	r2, [r3], #1
 5f8:	b132      	cbz	r2, 608 <main+0x53c>
 5fa:	6948      	ldr	r0, [r1, #20]
 5fc:	f010 0f20 	tst.w	r0, #32
 600:	d0fb      	beq.n	5fa <main+0x52e>
 602:	600a      	str	r2, [r1, #0]
 604:	42ab      	cmp	r3, r5
 606:	d1f5      	bne.n	5f4 <main+0x528>
 608:	2300      	movs	r3, #0
 60a:	46b4      	mov	ip, r6
 60c:	2b00      	cmp	r3, #0
 60e:	d145      	bne.n	69c <main+0x5d0>
 610:	6948      	ldr	r0, [r1, #20]
 612:	f010 0f20 	tst.w	r0, #32
 616:	d0fb      	beq.n	610 <main+0x544>
 618:	2020      	movs	r0, #32
 61a:	6008      	str	r0, [r1, #0]
 61c:	6948      	ldr	r0, [r1, #20]
 61e:	f010 0f20 	tst.w	r0, #32
 622:	d0fb      	beq.n	61c <main+0x550>
 624:	2073      	movs	r0, #115	; 0x73
 626:	6008      	str	r0, [r1, #0]
 628:	6948      	ldr	r0, [r1, #20]
 62a:	f010 0f20 	tst.w	r0, #32
 62e:	d0fb      	beq.n	628 <main+0x55c>
 630:	2065      	movs	r0, #101	; 0x65
 632:	222e      	movs	r2, #46	; 0x2e
 634:	6008      	str	r0, [r1, #0]
 636:	6948      	ldr	r0, [r1, #20]
 638:	f010 0f20 	tst.w	r0, #32
 63c:	d0fb      	beq.n	636 <main+0x56a>
 63e:	2063      	movs	r0, #99	; 0x63
 640:	6008      	str	r0, [r1, #0]
 642:	6948      	ldr	r0, [r1, #20]
 644:	f010 0f20 	tst.w	r0, #32
 648:	d0fb      	beq.n	642 <main+0x576>
 64a:	206f      	movs	r0, #111	; 0x6f
 64c:	6008      	str	r0, [r1, #0]
 64e:	6948      	ldr	r0, [r1, #20]
 650:	f010 0f20 	tst.w	r0, #32
 654:	d0fb      	beq.n	64e <main+0x582>
 656:	206e      	movs	r0, #110	; 0x6e
 658:	6008      	str	r0, [r1, #0]
 65a:	6948      	ldr	r0, [r1, #20]
 65c:	f010 0f20 	tst.w	r0, #32
 660:	d0fb      	beq.n	65a <main+0x58e>
 662:	2064      	movs	r0, #100	; 0x64
 664:	6008      	str	r0, [r1, #0]
 666:	6948      	ldr	r0, [r1, #20]
 668:	f010 0f20 	tst.w	r0, #32
 66c:	d0fb      	beq.n	666 <main+0x59a>
 66e:	2073      	movs	r0, #115	; 0x73
 670:	6008      	str	r0, [r1, #0]
 672:	6948      	ldr	r0, [r1, #20]
 674:	f010 0f20 	tst.w	r0, #32
 678:	d0fb      	beq.n	672 <main+0x5a6>
 67a:	600a      	str	r2, [r1, #0]
 67c:	6948      	ldr	r0, [r1, #20]
 67e:	f010 0f20 	tst.w	r0, #32
 682:	d0fb      	beq.n	67c <main+0x5b0>
 684:	600a      	str	r2, [r1, #0]
 686:	6948      	ldr	r0, [r1, #20]
 688:	f010 0f20 	tst.w	r0, #32
 68c:	d0fb      	beq.n	686 <main+0x5ba>
 68e:	600a      	str	r2, [r1, #0]
 690:	6948      	ldr	r0, [r1, #20]
 692:	f010 0f20 	tst.w	r0, #32
 696:	d0fb      	beq.n	690 <main+0x5c4>
 698:	200a      	movs	r0, #10
 69a:	6008      	str	r0, [r1, #0]
 69c:	f44f 0600 	mov.w	r6, #8388608	; 0x800000
 6a0:	f8cc 601c 	str.w	r6, [ip, #28]
 6a4:	f8d9 2008 	ldr.w	r2, [r9, #8]
 6a8:	f8d9 0008 	ldr.w	r0, [r9, #8]
 6ac:	1a80      	subs	r0, r0, r2
 6ae:	42b8      	cmp	r0, r7
 6b0:	d9fa      	bls.n	6a8 <main+0x5dc>
 6b2:	e6dd      	b.n	470 <main+0x3a4>
 6b4:	a828      	add	r0, sp, #160	; 0xa0
 6b6:	2122      	movs	r1, #34	; 0x22
 6b8:	2320      	movs	r3, #32
 6ba:	f000 f817 	bl	6ec <isr_adc>
 6be:	a816      	add	r0, sp, #88	; 0x58
 6c0:	212c      	movs	r1, #44	; 0x2c
 6c2:	2320      	movs	r3, #32
 6c4:	f000 f812 	bl	6ec <isr_adc>
 6c8:	461a      	mov	r2, r3
 6ca:	a814      	add	r0, sp, #80	; 0x50
 6cc:	212c      	movs	r1, #44	; 0x2c
 6ce:	2310      	movs	r3, #16
 6d0:	f000 f80c 	bl	6ec <isr_adc>
 6d4:	a812      	add	r0, sp, #72	; 0x48
 6d6:	212e      	movs	r1, #46	; 0x2e
 6d8:	4662      	mov	r2, ip
 6da:	2320      	movs	r3, #32
 6dc:	f000 f806 	bl	6ec <isr_adc>
 6e0:	a80a      	add	r0, sp, #40	; 0x28
 6e2:	a932      	add	r1, sp, #200	; 0xc8
 6e4:	22ef      	movs	r2, #239	; 0xef
 6e6:	f000 f801 	bl	6ec <isr_adc>
 6ea:	f3efdefe 			; <UNDEFINED> instruction: 0xf3efdefe

000006ec <isr_adc>:
 6ec:	f3ef 8009 	mrs	r0, PSP
 6f0:	f3ef 8108 	mrs	r1, MSP
 6f4:	6982      	ldr	r2, [r0, #24]
 6f6:	698b      	ldr	r3, [r1, #24]
 6f8:	be00      	bkpt	0x0000
 6fa:	4770      	bx	lr

000006fc <abort>:
 6fc:	be00      	bkpt	0x0000
 6fe:	e7fe      	b.n	6fe <abort+0x2>

00000700 <__aeabi_unwind_cpp_pr0>:
 700:	e92d 4800 	stmdb	sp!, {fp, lr}
 704:	f7ff fffa 	bl	6fc <abort>
 708:	00000004 	andeq	r0, r0, r4
 70c:	00000001 	andeq	r0, r0, r1
 710:	00000002 	andeq	r0, r0, r2
 714:	00000008 	andeq	r0, r0, r8

Disassembly of section .bss:

10000000 <_bss>:
10000000:	00000000 	andeq	r0, r0, r0

10000004 <__STACK_LIMIT>:
10000004:	00000000 	andeq	r0, r0, r0

Disassembly of section .ARM.attributes:

00000000 <.ARM.attributes>:
   0:	00002c41 	andeq	r2, r0, r1, asr #24
   4:	61656100 	cmnvs	r5, r0, lsl #2
   8:	01006962 	tsteq	r0, r2, ror #18
   c:	00000022 	andeq	r0, r0, r2, lsr #32
  10:	524f4305 	subpl	r4, pc, #335544320	; 0x14000000
  14:	2d584554 	cfldr64cs	mvdx4, [r8, #-336]	; 0xfffffeb0
  18:	0600334d 	streq	r3, [r0], -sp, asr #6
  1c:	094d070a 	stmdbeq	sp, {r1, r3, r8, r9, sl}^
  20:	14011102 	strne	r1, [r1], #-258	; 0x102
  24:	17011501 	strne	r1, [r1, -r1, lsl #10]
  28:	19011803 	stmdbne	r1, {r0, r1, fp, ip}
  2c:	Address 0x000000000000002c is out of bounds.

